05-02-2023 10:00:49.512 INFO  dispatchRunner [15715 MainThread] - Search process mode: preforked (first search in process) (build 419ad9369127).
05-02-2023 10:00:49.512 INFO  dispatchRunner [15715 MainThread] - initing LicenseMgr in search process: nonPro=0
05-02-2023 10:00:49.512 INFO  LMStackMgr [15715 MainThread] - Initializing CleMgr...
05-02-2023 10:00:49.512 INFO  LicenseMgr [15715 MainThread] - Initing LicenseMgr
05-02-2023 10:00:49.512 INFO  LMConfig [15715 MainThread] - serverName=codespaces-1e503f guid=C39C9F92-4A71-49A3-92DB-0A4A14639E88
05-02-2023 10:00:49.514 INFO  LMConfig [15715 MainThread] - connection_timeout=30
05-02-2023 10:00:49.514 INFO  LMConfig [15715 MainThread] - send_timeout=30
05-02-2023 10:00:49.514 INFO  LMConfig [15715 MainThread] - receive_timeout=30
05-02-2023 10:00:49.514 INFO  LMConfig [15715 MainThread] - key=license_warnings_update_interval not found in licenser stanza of server.conf, defaulting=0
05-02-2023 10:00:49.514 INFO  LMConfig [15715 MainThread] - squash_threshold=2000
05-02-2023 10:00:49.514 INFO  LMConfig [15715 MainThread] - strict_pool_quota=1
05-02-2023 10:00:49.514 INFO  LMConfig [15715 MainThread] - key=pool_suggestion not found in licenser stanza of server.conf, defaulting=''
05-02-2023 10:00:49.514 INFO  LMConfig [15715 MainThread] - key=test_aws_metering not found in licenser stanza of server.conf, defaulting=0
05-02-2023 10:00:49.514 INFO  LMConfig [15715 MainThread] - key=test_aws_product_code not found in licenser stanza of server.conf, defaulting=0
05-02-2023 10:00:49.514 INFO  LicenseMgr [15715 MainThread] - Initing LicenseMgr runContext_splunkd=false
05-02-2023 10:00:49.514 INFO  LMStackMgr [15715 MainThread] - closing stack mgr
05-02-2023 10:00:49.514 INFO  LMSlaveInfo [15715 MainThread] - all slaves cleared
05-02-2023 10:00:49.514 INFO  LMStackMgr [15715 MainThread] - Initalized license_warnings_update_interval=auto
05-02-2023 10:00:49.514 INFO  LMStackMgr [15715 MainThread] - License Manager supports Conditional Licensing Enforcement. For baked in CLE policies, window_period=60 days, max_violations=45, for stack size below 107374182400 bytes
05-02-2023 10:00:49.514 INFO  LMLicense [15715 MainThread] - Applying default enforcement policy for free
05-02-2023 10:00:49.514 INFO  LMStackMgr [15715 MainThread] - Added policy WinSz=30 Warnings=3 MaxSize=0 isDefault=1 features= for free
05-02-2023 10:00:49.514 INFO  LMLicense [15715 MainThread] - Applying default enforcement policy for forwarder
05-02-2023 10:00:49.514 INFO  LMStackMgr [15715 MainThread] - Added policy WinSz=30 Warnings=5 MaxSize=0 isDefault=1 features= for forwarder
05-02-2023 10:00:49.515 INFO  LMStack [15715 MainThread] - Added type=download-trial license, from file=enttrial.lic, to stack=download-trial of group=Trial
05-02-2023 10:00:49.515 INFO  LMLicense [15715 MainThread] - Applying default enforcement policy for download-trial
05-02-2023 10:00:49.515 INFO  LMStackMgr [15715 MainThread] - created stack='download-trial'
05-02-2023 10:00:49.515 INFO  LMStackMgr [15715 MainThread] - Added policy WinSz=30 Warnings=5 MaxSize=0 isDefault=1 features= for download-trial
05-02-2023 10:00:49.515 INFO  LMStackMgr [15715 MainThread] - have to auto-set active stack group='Trial' reason='invalid/missing group id' gidStr='' oldGid=Invalid
05-02-2023 10:00:49.515 INFO  LMStackMgr [15715 MainThread] - added pool auto_generated_pool_download-trial to stack download-trial
05-02-2023 10:00:49.515 INFO  LMStackMgr [15715 MainThread] - added pool auto_generated_pool_forwarder to stack forwarder
05-02-2023 10:00:49.515 INFO  LMStackMgr [15715 MainThread] - added pool auto_generated_pool_free to stack free
05-02-2023 10:00:49.515 INFO  LMStackMgr [15715 MainThread] - Initialized hideQuotaWarning = "0"
05-02-2023 10:00:49.515 INFO  LMStackMgr [15715 MainThread] - init completed [C39C9F92-4A71-49A3-92DB-0A4A14639E88,Trial,runContext_splunkd=false]
05-02-2023 10:00:49.515 INFO  LicenseMgr [15715 MainThread] - StackMgr init complete...
05-02-2023 10:00:49.515 INFO  LMTracker [15715 MainThread] - Setting default product type='enterprise'
05-02-2023 10:00:49.515 INFO  LMTracker [15715 MainThread] - this is not splunkd, will perform partial init
05-02-2023 10:00:49.515 INFO  LicenseMgr [15715 MainThread] - Tracker init complete...
05-02-2023 10:00:49.523 INFO  AdminManagerDispatch [15715 MainThread] - added factory for admin handler: 'licenses'
05-02-2023 10:00:49.523 INFO  AdminManagerDispatch [15715 MainThread] - added factory for admin handler: 'pools'
05-02-2023 10:00:49.523 INFO  AdminManagerDispatch [15715 MainThread] - added factory for admin handler: 'stacks'
05-02-2023 10:00:49.523 INFO  AdminManagerDispatch [15715 MainThread] - added factory for admin handler: 'groups'
05-02-2023 10:00:49.523 INFO  AdminManagerDispatch [15715 MainThread] - added factory for admin handler: 'slaves'
05-02-2023 10:00:49.523 INFO  AdminManagerDispatch [15715 MainThread] - added factory for admin handler: 'peers'
05-02-2023 10:00:49.523 INFO  AdminManagerDispatch [15715 MainThread] - added factory for admin handler: 'localslave'
05-02-2023 10:00:49.523 INFO  AdminManagerDispatch [15715 MainThread] - added factory for admin handler: 'localpeer'
05-02-2023 10:00:49.523 INFO  AdminManagerDispatch [15715 MainThread] - added factory for admin handler: 'licensermessages'
05-02-2023 10:00:49.523 INFO  AdminManagerDispatch [15715 MainThread] - added factory for admin handler: 'scriptedwarning'
05-02-2023 10:00:49.523 INFO  AdminManagerDispatch [15715 MainThread] - added factory for admin handler: 'licenseusage'
05-02-2023 10:00:49.523 INFO  LicenseMgr [15715 MainThread] - Initing LicenseMgr
05-02-2023 10:00:49.523 INFO  LMConfig [15715 MainThread] - serverName=codespaces-1e503f guid=C39C9F92-4A71-49A3-92DB-0A4A14639E88
05-02-2023 10:00:49.523 INFO  LMConfig [15715 MainThread] - connection_timeout=30
05-02-2023 10:00:49.523 INFO  LMConfig [15715 MainThread] - send_timeout=30
05-02-2023 10:00:49.523 INFO  LMConfig [15715 MainThread] - receive_timeout=30
05-02-2023 10:00:49.523 INFO  LMConfig [15715 MainThread] - key=license_warnings_update_interval not found in licenser stanza of server.conf, defaulting=0
05-02-2023 10:00:49.523 INFO  LMConfig [15715 MainThread] - squash_threshold=2000
05-02-2023 10:00:49.523 INFO  LMConfig [15715 MainThread] - strict_pool_quota=1
05-02-2023 10:00:49.523 INFO  LMConfig [15715 MainThread] - key=pool_suggestion not found in licenser stanza of server.conf, defaulting=''
05-02-2023 10:00:49.523 INFO  LMConfig [15715 MainThread] - key=test_aws_metering not found in licenser stanza of server.conf, defaulting=0
05-02-2023 10:00:49.523 INFO  LMConfig [15715 MainThread] - key=test_aws_product_code not found in licenser stanza of server.conf, defaulting=0
05-02-2023 10:00:49.523 INFO  dispatchRunner [15715 MainThread] - registering build time modules, count=1
05-02-2023 10:00:49.523 INFO  dispatchRunner [15715 MainThread] - registering search time components of build time module name=vix
05-02-2023 10:00:49.523 INFO  dispatchRunner [15715 MainThread] - Getting search configuration data from: /workspaces/Splunk_installation/splunk/etc/modules/parsing/config.xml
05-02-2023 10:00:49.524 WARN  SSLOptions [15715 MainThread] - server.conf/[kvstore]/sslVerifyServerCert is false disabling certificate validation; must be set to "true" for increased security
05-02-2023 10:00:49.524 WARN  KVStoreConfigurationProvider [15715 MainThread] - KV Store is not available. Its status is 'starting'.
05-02-2023 10:00:49.524 INFO  BundlesSetup [15715 MainThread] - Setup stats for /workspaces/Splunk_installation/splunk/etc: wallclock_elapsed_msec=8, cpu_time_used=0.00877841, shared_services_generation=2, shared_services_population=1
05-02-2023 10:00:49.532 INFO  UserManagerPro [15715 MainThread] - Load authentication: forcing roles="admin, power, splunk-system-role, user"
05-02-2023 10:00:49.532 INFO  PipelineComponent [15715 MainThread] - Ingestion pipeline sets have been configured to use pipeline set policy=round_robin for multiple pipeline sets.
05-02-2023 10:00:49.533 INFO  UserManager [16276 RunDispatch] - Setting user context: splunk-system-user
05-02-2023 10:00:49.533 INFO  UserManager [16276 RunDispatch] - Done setting user context: NULL -> splunk-system-user
05-02-2023 10:00:49.534 INFO  dispatchRunner [16276 RunDispatch] - search context: user="splunk-system-user", app="search", bs-pathname="/workspaces/Splunk_installation/splunk/etc"
05-02-2023 10:00:49.543 INFO  SearchParser [16276 RunDispatch] - PARSING: search earliest_time=-7d splunk_server=local index=_audit sid trigger_time action=alert_* (expiration>1683021649 OR NOT expiration=*) | rex ",\s*ss_name=\"(?<ss_name>(?:[^\"]+|\"(?!,\s*sid=))*)\",\s*sid=\""| rex ",\s*sid=\"(?<sid>.*)\",\s+\w+_\w+=" | stats sum(deleted) AS deleted,    list(alert_actions) AS alert_actions, list(severity) AS severity,   list(expiration) AS expiration    list(ss_name) AS ss_name,   list(ss_app) AS ss_app,           list(ss_user) AS ss_user   list(digest_mode) AS digest_mode, list(triggered_alerts) AS triggered_alerts  BY sid, trigger_time | search NOT deleted=* OR deleted=0 | fields - deleted 
05-02-2023 10:00:49.543 INFO  StatsContext [16276 RunDispatch] -  Setting chunk size min=65536 max=1048576 double_every=100
05-02-2023 10:00:49.543 INFO  StatsContext [16276 RunDispatch] -  Setting max memory usage to 209715200
05-02-2023 10:00:49.543 INFO  dispatchRunner [16276 RunDispatch] - Search running in non-clustered mode
05-02-2023 10:00:49.543 INFO  dispatchRunner [16276 RunDispatch] - SearchHeadInitSearchMs=10
05-02-2023 10:00:49.543 INFO  dispatchRunner [16276 RunDispatch] - Executing the Search orchestrator and iterator model (dfs=false).
05-02-2023 10:00:49.543 INFO  SearchOrchestrator [16276 RunDispatch] - SearchOrchestrator getting constructed
05-02-2023 10:00:49.544 INFO  SearchOrchestrator [16276 RunDispatch] -  Initialized the SRI
05-02-2023 10:00:49.544 INFO  SearchFeatureFlags [16276 RunDispatch] - Initializing feature flags from config. feature_seed=3731493354
05-02-2023 10:00:49.544 INFO  SearchFeatureFlags [16276 RunDispatch] - Setting feature_flag=parallelreduce:enablePreview:true
05-02-2023 10:00:49.544 INFO  SearchFeatureFlags [16276 RunDispatch] - Setting feature_flag=search:search_retry:false
05-02-2023 10:00:49.544 INFO  SearchFeatureFlags [16276 RunDispatch] - Setting feature_flag=search:search_retry_realtime:false
05-02-2023 10:00:49.544 INFO  SearchFeatureFlags [16276 RunDispatch] - Setting feature_flag=parallelreduce:autoAppliedPercentage:false
05-02-2023 10:00:49.544 INFO  SearchFeatureFlags [16276 RunDispatch] - Setting feature_flag=subsearch:enableConcurrentPipelineProcessing:false
05-02-2023 10:00:49.544 INFO  SearchFeatureFlags [16276 RunDispatch] - Setting feature_flag=stats:allow_stats_v2:true
05-02-2023 10:00:49.544 INFO  SearchFeatureFlags [16276 RunDispatch] - Setting feature_flag=search_optimization::set_required_fields:stats:false
05-02-2023 10:00:49.544 INFO  SearchFeatureFlags [16276 RunDispatch] - Setting feature_flag=searchresults:srs2:false
05-02-2023 10:00:49.544 INFO  SearchFeatureFlags [16276 RunDispatch] - Setting feature_flag=search:read_final_results_from_timeliner:true
05-02-2023 10:00:49.544 INFO  SearchOrchestrator [16276 RunDispatch] - Search feature_flags={"v":1,"enabledFeatures":["parallelreduce:enablePreview","stats:allow_stats_v2","search:read_final_results_from_timeliner"],"disabledFeatures":["search:search_retry","search:search_retry_realtime","parallelreduce:autoAppliedPercentage","subsearch:enableConcurrentPipelineProcessing","search_optimization::set_required_fields:stats","searchresults:srs2"]}
05-02-2023 10:00:49.544 INFO  ISplunkDispatch [16276 RunDispatch] - Not running in splunkd. Bundle replication not triggered.
05-02-2023 10:00:49.544 INFO  SearchOrchestrator [16283 searchOrchestrator] - Initialzing the run time settings for the orchestrator.
05-02-2023 10:00:49.544 INFO  UserManager [16283 searchOrchestrator] - Setting user context: splunk-system-user
05-02-2023 10:00:49.544 INFO  UserManager [16283 searchOrchestrator] - Done setting user context: NULL -> splunk-system-user
05-02-2023 10:00:49.545 INFO  AdaptiveSearchEngineSelector [16283 searchOrchestrator] - Search execution_plan=classic
05-02-2023 10:00:49.545 INFO  SearchOrchestrator [16283 searchOrchestrator] - Creating the search DAG.
05-02-2023 10:00:49.545 INFO  SearchParser [16283 searchOrchestrator] - PARSING: search earliest_time=-7d splunk_server=local index=_audit sid trigger_time action=alert_* (expiration>1683021649 OR NOT expiration=*) | rex ",\s*ss_name=\"(?<ss_name>(?:[^\"]+|\"(?!,\s*sid=))*)\",\s*sid=\""| rex ",\s*sid=\"(?<sid>.*)\",\s+\w+_\w+=" | stats sum(deleted) AS deleted,    list(alert_actions) AS alert_actions, list(severity) AS severity,   list(expiration) AS expiration    list(ss_name) AS ss_name,   list(ss_app) AS ss_app,           list(ss_user) AS ss_user   list(digest_mode) AS digest_mode, list(triggered_alerts) AS triggered_alerts  BY sid, trigger_time | search NOT deleted=* OR deleted=0 | fields - deleted 
05-02-2023 10:00:49.545 INFO  StatsContext [16283 searchOrchestrator] -  Setting chunk size min=65536 max=1048576 double_every=100
05-02-2023 10:00:49.545 INFO  StatsContext [16283 searchOrchestrator] -  Setting max memory usage to 209715200
05-02-2023 10:00:49.545 INFO  DispatchStorageManagerInfo [16283 searchOrchestrator] - Successfully created new dispatch directory for search job. sid=1124913b20091cdd_tmp dispatch_dir=/workspaces/Splunk_installation/splunk/var/run/splunk/dispatch/1124913b20091cdd_tmp
05-02-2023 10:00:49.582 INFO  SearchProcessor [16283 searchOrchestrator] - Building search filter
05-02-2023 10:00:49.607 INFO  SearchEvaluatorBasedExpander [16283 searchOrchestrator] -  Performing lookup expansions
05-02-2023 10:00:49.607 INFO  SearchEvaluatorBasedExpander [16283 searchOrchestrator] -  Lookup expansion took 0 ms
05-02-2023 10:00:49.607 INFO  SearchEvaluatorBasedExpander [16283 searchOrchestrator] -  Performing calculated field expansions
05-02-2023 10:00:49.607 INFO  SearchEvaluatorBasedExpander [16283 searchOrchestrator] -  Calculated field expansion took 0 ms
05-02-2023 10:00:49.607 INFO  SearchEvaluatorBasedExpander [16283 searchOrchestrator] -  Performing field alias expansions
05-02-2023 10:00:49.607 INFO  SearchEvaluatorBasedExpander [16283 searchOrchestrator] -  field alias expansions took 0 ms
05-02-2023 10:00:49.607 INFO  SearchEvaluatorBasedExpander [16283 searchOrchestrator] -  Performing kvfield expansions
05-02-2023 10:00:49.608 INFO  SearchEvaluatorBasedExpander [16283 searchOrchestrator] -  kvfield expansions took 0 ms
05-02-2023 10:00:49.608 INFO  SearchEvaluatorBasedExpander [16283 searchOrchestrator] -  Performing indexed fields expansions
05-02-2023 10:00:49.608 INFO  SearchEvaluatorBasedExpander [16283 searchOrchestrator] -  indexed fields expansions took 0 ms
05-02-2023 10:00:49.608 INFO  SearchEvaluatorBasedExpander [16283 searchOrchestrator] -  Performing reverse sourcetype expansions
05-02-2023 10:00:49.608 INFO  SearchEvaluatorBasedExpander [16283 searchOrchestrator] -  sourcetype expansions took 0 ms
05-02-2023 10:00:49.608 INFO  UnifiedSearch [16283 searchOrchestrator] - Expanded index search = (earliest_time=-7d splunk_server="codespaces-1e503f" index=_audit sid trigger_time action=alert_* (expiration>1683021649 OR NOT expiration=*))
05-02-2023 10:00:49.608 INFO  UnifiedSearch [16283 searchOrchestrator] - base lispy: [ AND index::_audit sid splunk_server::codespaces-1e503f time trigger [ OR 7d earliest_time::-7d ] [ OR action::alert_* alert ] ]
05-02-2023 10:00:49.609 INFO  UnifiedSearch [16283 searchOrchestrator] - Processed search targeting arguments
05-02-2023 10:00:49.609 INFO  StatsProcessorV2 [16283 searchOrchestrator] - StatsV2 (stats) args: sum(deleted), AS, deleted, list(alert_actions), AS, alert_actions, list(severity), AS, severity, list(expiration), AS, expiration, list(ss_name), AS, ss_name, list(ss_app), AS, ss_app, list(ss_user), AS, ss_user, list(digest_mode), AS, digest_mode, list(triggered_alerts), AS, triggered_alerts, BY, sid, trigger_time
05-02-2023 10:00:49.609 INFO  StatsProcessorV2 [16283 searchOrchestrator] - StatsProcessorV2::processArguments: Unaligned accesses are free
05-02-2023 10:00:49.609 INFO  StatsAggregations [16283 searchOrchestrator] - Instantiating Stats function sum for key=deleted, alias=deleted
05-02-2023 10:00:49.609 INFO  StatsAggregations [16283 searchOrchestrator] - Instantiating Stats function list for key=alert_actions, alias=alert_actions
05-02-2023 10:00:49.609 INFO  StatsAggregations [16283 searchOrchestrator] - Instantiating Stats function list for key=severity, alias=severity
05-02-2023 10:00:49.609 INFO  StatsAggregations [16283 searchOrchestrator] - Instantiating Stats function list for key=expiration, alias=expiration
05-02-2023 10:00:49.609 INFO  StatsAggregations [16283 searchOrchestrator] - Instantiating Stats function list for key=ss_name, alias=ss_name
05-02-2023 10:00:49.609 INFO  StatsAggregations [16283 searchOrchestrator] - Instantiating Stats function list for key=ss_app, alias=ss_app
05-02-2023 10:00:49.609 INFO  StatsAggregations [16283 searchOrchestrator] - Instantiating Stats function list for key=ss_user, alias=ss_user
05-02-2023 10:00:49.609 INFO  StatsAggregations [16283 searchOrchestrator] - Instantiating Stats function list for key=digest_mode, alias=digest_mode
05-02-2023 10:00:49.609 INFO  StatsAggregations [16283 searchOrchestrator] - Instantiating Stats function list for key=triggered_alerts, alias=triggered_alerts
05-02-2023 10:00:49.609 INFO  StatsContext [16283 searchOrchestrator] - shouldFallbackToOldStats: _use_v2_level=USE_V2_ALL, fallback=false
05-02-2023 10:00:49.610 INFO  SearchParser [16283 searchOrchestrator] - PARSING: prestats list(alert_actions) list(digest_mode) list(expiration) list(severity) list(ss_app) list(ss_name) list(ss_user) list(triggered_alerts) sum(deleted) by sid trigger_time
05-02-2023 10:00:49.610 INFO  StatsContext [16283 searchOrchestrator] -  Setting chunk size min=65536 max=1048576 double_every=100
05-02-2023 10:00:49.610 INFO  StatsContext [16283 searchOrchestrator] -  Setting max memory usage to 209715200
05-02-2023 10:00:49.610 INFO  SearchParser [16283 searchOrchestrator] - PARSING: addinfo type=count label=prereport_events
05-02-2023 10:00:49.610 INFO  StatsProcessorV2 [16283 searchOrchestrator] - StatsV2 (stats) args: list(alert_actions), list(digest_mode), list(expiration), list(severity), list(ss_app), list(ss_name), list(ss_user), list(triggered_alerts), sum(deleted), by, sid, trigger_time
05-02-2023 10:00:49.610 INFO  StatsProcessorV2 [16283 searchOrchestrator] - StatsProcessorV2::processArguments: Unaligned accesses are free
05-02-2023 10:00:49.610 INFO  StatsAggregations [16283 searchOrchestrator] - Instantiating Stats function list for key=alert_actions, alias=list(alert_actions)
05-02-2023 10:00:49.610 INFO  StatsAggregations [16283 searchOrchestrator] - Instantiating Stats function list for key=digest_mode, alias=list(digest_mode)
05-02-2023 10:00:49.610 INFO  StatsAggregations [16283 searchOrchestrator] - Instantiating Stats function list for key=expiration, alias=list(expiration)
05-02-2023 10:00:49.610 INFO  StatsAggregations [16283 searchOrchestrator] - Instantiating Stats function list for key=severity, alias=list(severity)
05-02-2023 10:00:49.610 INFO  StatsAggregations [16283 searchOrchestrator] - Instantiating Stats function list for key=ss_app, alias=list(ss_app)
05-02-2023 10:00:49.610 INFO  StatsAggregations [16283 searchOrchestrator] - Instantiating Stats function list for key=ss_name, alias=list(ss_name)
05-02-2023 10:00:49.610 INFO  StatsAggregations [16283 searchOrchestrator] - Instantiating Stats function list for key=ss_user, alias=list(ss_user)
05-02-2023 10:00:49.610 INFO  StatsAggregations [16283 searchOrchestrator] - Instantiating Stats function list for key=triggered_alerts, alias=list(triggered_alerts)
05-02-2023 10:00:49.610 INFO  StatsAggregations [16283 searchOrchestrator] - Instantiating Stats function sum for key=deleted, alias=sum(deleted)
05-02-2023 10:00:49.610 INFO  StatsContext [16283 searchOrchestrator] - shouldFallbackToOldStats: _use_v2_level=USE_V2_ALL, fallback=false
05-02-2023 10:00:49.610 INFO  UnifiedSearch [16283 searchOrchestrator] - Processed search targeting arguments
05-02-2023 10:00:49.610 INFO  DispatchThread [16283 searchOrchestrator] - BatchMode: allowBatchMode: 1, conf(1): 1, timeline/Status buckets(0):0, realtime(0):0, report pipe empty(0):0, reqTimeOrder(0):0, summarize(0):0, statefulStreaming(0):0
05-02-2023 10:00:49.611 INFO  DispatchThread [16283 searchOrchestrator] - required fields list to add to remote search = alert_actions,deleted,digest_mode,expiration,prestats_reserved_*,psrsvd_*,severity,sid,ss_app,ss_name,ss_user,trigger_time,triggered_alerts
05-02-2023 10:00:49.611 INFO  SearchParser [16283 searchOrchestrator] - PARSING: fields keepcolorder=t "alert_actions" "deleted" "digest_mode" "expiration" "prestats_reserved_*" "psrsvd_*" "severity" "sid" "ss_app" "ss_name" "ss_user" "trigger_time" "triggered_alerts"
05-02-2023 10:00:49.611 INFO  DispatchCommandProcessor [16283 searchOrchestrator] - summaryHash=d46f71674f1a8fb4 summaryId=C39C9F92-4A71-49A3-92DB-0A4A14639E88_search_nobody_d46f71674f1a8fb4 remoteSearch=litsearch (earliest_time=-7d splunk_server="codespaces-1e503f" index=_audit sid trigger_time action=alert_* (expiration>1683021649 OR NOT expiration=*)) | rex  ",\s*ss_name=\"(?<ss_name>(?:[^\"]+|\"(?!,\s*sid=))*)\",\s*sid=\"" | rex  ",\s*sid=\"(?<sid>.*)\",\s+\w+_\w+="  | addinfo  type=count label=prereport_events | fields  keepcolorder=t "alert_actions" "deleted" "digest_mode" "expiration" "prestats_reserved_*" "psrsvd_*" "severity" "sid" "ss_app" "ss_name" "ss_user" "trigger_time" "triggered_alerts" | prestats  list(alert_actions) list(digest_mode) list(expiration) list(severity) list(ss_app) list(ss_name) list(ss_user) list(triggered_alerts) sum(deleted) by sid trigger_time
05-02-2023 10:00:49.611 INFO  DispatchCommandProcessor [16283 searchOrchestrator] - summaryHash=NSe5d1e69b0161c1f1 summaryId=C39C9F92-4A71-49A3-92DB-0A4A14639E88_search_nobody_NSe5d1e69b0161c1f1 remoteSearch=litsearch (earliest_time=-7d splunk_server="codespaces-1e503f" index=_audit sid trigger_time action=alert_* (expiration>1683021649 OR NOT expiration=*)) | rex ",\s*ss_name=\"(?<ss_name>(?:[^\"]+|\"(?!,\s*sid=))*)\",\s*sid=\"" | rex ",\s*sid=\"(?<sid>.*)\",\s+\w+_\w+=" | addinfo type=count label=prereport_events | fields keepcolorder=t "alert_actions" "deleted" "digest_mode" "expiration" "prestats_reserved_*" "psrsvd_*" "severity" "sid" "ss_app" "ss_name" "ss_user" "trigger_time" "triggered_alerts" | prestats list(alert_actions) list(digest_mode) list(expiration) list(severity) list(ss_app) list(ss_name) list(ss_user) list(triggered_alerts) sum(deleted) by sid trigger_time
05-02-2023 10:00:49.611 INFO  DispatchThread [16283 searchOrchestrator] - Getting summary ID for summaryHash=NSe5d1e69b0161c1f1
05-02-2023 10:00:49.611 INFO  SearchParser [16283 searchOrchestrator] - PARSING: search earliest_time=-7d splunk_server=local index=_audit sid trigger_time action=alert_* (expiration>1683021649 OR NOT expiration=*) | rex ",\s*ss_name=\"(?<ss_name>(?:[^\"]+|\"(?!,\s*sid=))*)\",\s*sid=\""| rex ",\s*sid=\"(?<sid>.*)\",\s+\w+_\w+=" | stats sum(deleted) AS deleted,    list(alert_actions) AS alert_actions, list(severity) AS severity,   list(expiration) AS expiration    list(ss_name) AS ss_name,   list(ss_app) AS ss_app,           list(ss_user) AS ss_user   list(digest_mode) AS digest_mode, list(triggered_alerts) AS triggered_alerts  BY sid, trigger_time | search NOT deleted=* OR deleted=0 | fields - deleted 
05-02-2023 10:00:49.611 INFO  StatsContext [16283 searchOrchestrator] -  Setting chunk size min=65536 max=1048576 double_every=100
05-02-2023 10:00:49.611 INFO  StatsContext [16283 searchOrchestrator] -  Setting max memory usage to 209715200
05-02-2023 10:00:49.612 INFO  UnifiedSearch [16283 searchOrchestrator] - Processed search targeting arguments
05-02-2023 10:00:49.612 INFO  StatsProcessorV2 [16283 searchOrchestrator] - StatsV2 (stats) args: sum(deleted), AS, deleted, list(alert_actions), AS, alert_actions, list(severity), AS, severity, list(expiration), AS, expiration, list(ss_name), AS, ss_name, list(ss_app), AS, ss_app, list(ss_user), AS, ss_user, list(digest_mode), AS, digest_mode, list(triggered_alerts), AS, triggered_alerts, BY, sid, trigger_time
05-02-2023 10:00:49.612 INFO  StatsProcessorV2 [16283 searchOrchestrator] - StatsProcessorV2::processArguments: Unaligned accesses are free
05-02-2023 10:00:49.612 INFO  StatsAggregations [16283 searchOrchestrator] - Instantiating Stats function sum for key=deleted, alias=deleted
05-02-2023 10:00:49.612 INFO  StatsAggregations [16283 searchOrchestrator] - Instantiating Stats function list for key=alert_actions, alias=alert_actions
05-02-2023 10:00:49.612 INFO  StatsAggregations [16283 searchOrchestrator] - Instantiating Stats function list for key=severity, alias=severity
05-02-2023 10:00:49.612 INFO  StatsAggregations [16283 searchOrchestrator] - Instantiating Stats function list for key=expiration, alias=expiration
05-02-2023 10:00:49.612 INFO  StatsAggregations [16283 searchOrchestrator] - Instantiating Stats function list for key=ss_name, alias=ss_name
05-02-2023 10:00:49.612 INFO  StatsAggregations [16283 searchOrchestrator] - Instantiating Stats function list for key=ss_app, alias=ss_app
05-02-2023 10:00:49.612 INFO  StatsAggregations [16283 searchOrchestrator] - Instantiating Stats function list for key=ss_user, alias=ss_user
05-02-2023 10:00:49.612 INFO  StatsAggregations [16283 searchOrchestrator] - Instantiating Stats function list for key=digest_mode, alias=digest_mode
05-02-2023 10:00:49.612 INFO  StatsAggregations [16283 searchOrchestrator] - Instantiating Stats function list for key=triggered_alerts, alias=triggered_alerts
05-02-2023 10:00:49.612 INFO  StatsContext [16283 searchOrchestrator] - shouldFallbackToOldStats: _use_v2_level=USE_V2_ALL, fallback=false
05-02-2023 10:00:49.612 INFO  UnifiedSearch [16283 searchOrchestrator] - Processed search targeting arguments
05-02-2023 10:00:49.613 INFO  AstOptimizer [16283 searchOrchestrator] - SrchOptMetrics optimize_toJson=0.001314818
05-02-2023 10:00:49.613 INFO  SearchParser [16283 searchOrchestrator] - PARSING:  | fields - deleted
05-02-2023 10:00:49.613 INFO  SearchParser [16283 searchOrchestrator] - PARSING: | search (NOT deleted=* OR deleted=0)
05-02-2023 10:00:49.613 INFO  StatsContext [16283 searchOrchestrator] -  Setting chunk size min=65536 max=1048576 double_every=100
05-02-2023 10:00:49.613 INFO  StatsContext [16283 searchOrchestrator] -  Setting max memory usage to 209715200
05-02-2023 10:00:49.613 INFO  SearchParser [16283 searchOrchestrator] - PARSING: | stats sum(deleted) AS deleted,    list(alert_actions) AS alert_actions, list(severity) AS severity,   list(expiration) AS expiration    list(ss_name) AS ss_name,   list(ss_app) AS ss_app,           list(ss_user) AS ss_user   list(digest_mode) AS digest_mode, list(triggered_alerts) AS triggered_alerts  BY sid, trigger_time
05-02-2023 10:00:49.614 INFO  StatsContext [16283 searchOrchestrator] -  Setting chunk size min=65536 max=1048576 double_every=100
05-02-2023 10:00:49.614 INFO  StatsContext [16283 searchOrchestrator] -  Setting max memory usage to 209715200
05-02-2023 10:00:49.614 INFO  SearchParser [16283 searchOrchestrator] - PARSING:  | rex field=_raw ",\\s*sid=\"(?<sid>.*)\",\\s+\\w+_\\w+="
05-02-2023 10:00:49.614 INFO  SearchParser [16283 searchOrchestrator] - PARSING:  | rex field=_raw ",\\s*ss_name=\"(?<ss_name>(?:[^\"]+|\"(?!,\\s*sid=))*)\",\\s*sid=\""
05-02-2023 10:00:49.614 INFO  SearchParser [16283 searchOrchestrator] - PARSING: | search (earliest_time=-7d splunk_server=local index=_audit sid trigger_time action=alert_* (expiration>1683021649 OR NOT expiration=*))
05-02-2023 10:00:49.614 INFO  FederatedProviderVisitor [16283 searchOrchestrator] - Federated Whole Search Remote Execution Enabled: false
05-02-2023 10:00:49.614 INFO  AstOptimizer [16283 searchOrchestrator] - Data federation feature enabled: 0
05-02-2023 10:00:49.615 INFO  ProjElim [16283 searchOrchestrator] - Black listed processors=[addinfo]
05-02-2023 10:00:49.621 INFO  AstOptimizer [16283 searchOrchestrator] - SrchOptMetrics optimization=0.007707602
05-02-2023 10:00:49.621 INFO  StatsContext [16283 searchOrchestrator] -  Setting chunk size min=65536 max=1048576 double_every=100
05-02-2023 10:00:49.621 INFO  StatsContext [16283 searchOrchestrator] -  Setting max memory usage to 209715200
05-02-2023 10:00:49.621 INFO  SearchPhaseGenerator [16283 searchOrchestrator] - Optimized Search =| search (action=alert_* earliest_time=-7d index=_audit splunk_server=local (NOT expiration=* OR expiration>1683021649) sid trigger_time) | rex field=_raw ",\\s*ss_name=\"(?<ss_name>(?:[^\"]+|\"(?!,\\s*sid=))*)\",\\s*sid=\"" | rex field=_raw ",\\s*sid=\"(?<sid>.*)\",\\s+\\w+_\\w+=" | stats sum(deleted) AS deleted,    list(alert_actions) AS alert_actions, list(severity) AS severity,   list(expiration) AS expiration    list(ss_name) AS ss_name,   list(ss_app) AS ss_app,           list(ss_user) AS ss_user   list(digest_mode) AS digest_mode, list(triggered_alerts) AS triggered_alerts  BY sid, trigger_time| search (NOT deleted=* OR deleted=0) | fields - deleted
05-02-2023 10:00:49.621 INFO  ScopedTimer [16283 searchOrchestrator] - search.optimize 0.009990933
05-02-2023 10:00:49.621 INFO  FederatedProviderVisitor [16283 searchOrchestrator] - Federated Whole Search Remote Execution Enabled: false
05-02-2023 10:00:49.622 INFO  SearchPhaseGenerator [16283 searchOrchestrator] - Number of involved federated deployments is 0.
05-02-2023 10:00:49.622 INFO  ParallelReducePolicy [16283 searchOrchestrator] - Current Search Head doesn't have any usable peers to use.
05-02-2023 10:00:49.622 INFO  PhaseToPipelineVisitor [16283 searchOrchestrator] - Phase Search = | search (action=alert_* earliest_time=-7d index=_audit splunk_server=local (NOT expiration=* OR expiration>1683021649) sid trigger_time) | rex field=_raw ",\\s*ss_name=\"(?<ss_name>(?:[^\"]+|\"(?!,\\s*sid=))*)\",\\s*sid=\"" | rex field=_raw ",\\s*sid=\"(?<sid>.*)\",\\s+\\w+_\\w+="
05-02-2023 10:00:49.622 INFO  SearchParser [16283 searchOrchestrator] - PARSING: | search (action=alert_* earliest_time=-7d index=_audit splunk_server=local (NOT expiration=* OR expiration>1683021649) sid trigger_time) | rex field=_raw ",\\s*ss_name=\"(?<ss_name>(?:[^\"]+|\"(?!,\\s*sid=))*)\",\\s*sid=\"" | rex field=_raw ",\\s*sid=\"(?<sid>.*)\",\\s+\\w+_\\w+="
05-02-2023 10:00:49.628 INFO  SearchProcessor [16283 searchOrchestrator] - Building search filter
05-02-2023 10:00:49.636 INFO  SearchEvaluatorBasedExpander [16283 searchOrchestrator] -  Performing lookup expansions
05-02-2023 10:00:49.636 INFO  SearchEvaluatorBasedExpander [16283 searchOrchestrator] -  Lookup expansion took 0 ms
05-02-2023 10:00:49.636 INFO  SearchEvaluatorBasedExpander [16283 searchOrchestrator] -  Performing calculated field expansions
05-02-2023 10:00:49.636 INFO  SearchEvaluatorBasedExpander [16283 searchOrchestrator] -  Calculated field expansion took 0 ms
05-02-2023 10:00:49.636 INFO  SearchEvaluatorBasedExpander [16283 searchOrchestrator] -  Performing field alias expansions
05-02-2023 10:00:49.636 INFO  SearchEvaluatorBasedExpander [16283 searchOrchestrator] -  field alias expansions took 0 ms
05-02-2023 10:00:49.636 INFO  SearchEvaluatorBasedExpander [16283 searchOrchestrator] -  Performing kvfield expansions
05-02-2023 10:00:49.636 INFO  SearchEvaluatorBasedExpander [16283 searchOrchestrator] -  kvfield expansions took 0 ms
05-02-2023 10:00:49.636 INFO  SearchEvaluatorBasedExpander [16283 searchOrchestrator] -  Performing indexed fields expansions
05-02-2023 10:00:49.636 INFO  SearchEvaluatorBasedExpander [16283 searchOrchestrator] -  indexed fields expansions took 0 ms
05-02-2023 10:00:49.636 INFO  SearchEvaluatorBasedExpander [16283 searchOrchestrator] -  Performing reverse sourcetype expansions
05-02-2023 10:00:49.636 INFO  SearchEvaluatorBasedExpander [16283 searchOrchestrator] -  sourcetype expansions took 0 ms
05-02-2023 10:00:49.636 INFO  UnifiedSearch [16283 searchOrchestrator] - Expanded index search = (action=alert_* index=_audit splunk_server="codespaces-1e503f" (NOT expiration=* OR expiration>1683021649) sid trigger_time _time>=1682416849.000)
05-02-2023 10:00:49.636 INFO  UnifiedSearch [16283 searchOrchestrator] - base lispy: [ AND index::_audit sid splunk_server::codespaces-1e503f time trigger [ OR action::alert_* alert ] ]
05-02-2023 10:00:49.637 INFO  UnifiedSearch [16283 searchOrchestrator] - Processed search targeting arguments
05-02-2023 10:00:49.637 INFO  StatsContext [16283 searchOrchestrator] -  Setting chunk size min=65536 max=1048576 double_every=100
05-02-2023 10:00:49.637 INFO  StatsContext [16283 searchOrchestrator] -  Setting max memory usage to 209715200
05-02-2023 10:00:49.637 INFO  PhaseToPipelineVisitor [16283 searchOrchestrator] - Phase Search = | stats sum(deleted) AS deleted,    list(alert_actions) AS alert_actions, list(severity) AS severity,   list(expiration) AS expiration    list(ss_name) AS ss_name,   list(ss_app) AS ss_app,           list(ss_user) AS ss_user   list(digest_mode) AS digest_mode, list(triggered_alerts) AS triggered_alerts  BY sid, trigger_time| search (NOT deleted=* OR deleted=0) | fields - deleted
05-02-2023 10:00:49.637 INFO  SearchParser [16283 searchOrchestrator] - PARSING: | stats sum(deleted) AS deleted,    list(alert_actions) AS alert_actions, list(severity) AS severity,   list(expiration) AS expiration    list(ss_name) AS ss_name,   list(ss_app) AS ss_app,           list(ss_user) AS ss_user   list(digest_mode) AS digest_mode, list(triggered_alerts) AS triggered_alerts  BY sid, trigger_time| search (NOT deleted=* OR deleted=0) | fields - deleted
05-02-2023 10:00:49.637 INFO  StatsContext [16283 searchOrchestrator] -  Setting chunk size min=65536 max=1048576 double_every=100
05-02-2023 10:00:49.638 INFO  StatsContext [16283 searchOrchestrator] -  Setting max memory usage to 209715200
05-02-2023 10:00:49.638 INFO  StatsProcessorV2 [16283 searchOrchestrator] - StatsV2 (stats) args: sum(deleted), AS, deleted, list(alert_actions), AS, alert_actions, list(severity), AS, severity, list(expiration), AS, expiration, list(ss_name), AS, ss_name, list(ss_app), AS, ss_app, list(ss_user), AS, ss_user, list(digest_mode), AS, digest_mode, list(triggered_alerts), AS, triggered_alerts, BY, sid, trigger_time
05-02-2023 10:00:49.638 INFO  StatsProcessorV2 [16283 searchOrchestrator] - StatsProcessorV2::processArguments: Unaligned accesses are free
05-02-2023 10:00:49.638 INFO  StatsAggregations [16283 searchOrchestrator] - Instantiating Stats function sum for key=deleted, alias=deleted
05-02-2023 10:00:49.638 INFO  StatsAggregations [16283 searchOrchestrator] - Instantiating Stats function list for key=alert_actions, alias=alert_actions
05-02-2023 10:00:49.638 INFO  StatsAggregations [16283 searchOrchestrator] - Instantiating Stats function list for key=severity, alias=severity
05-02-2023 10:00:49.638 INFO  StatsAggregations [16283 searchOrchestrator] - Instantiating Stats function list for key=expiration, alias=expiration
05-02-2023 10:00:49.638 INFO  StatsAggregations [16283 searchOrchestrator] - Instantiating Stats function list for key=ss_name, alias=ss_name
05-02-2023 10:00:49.638 INFO  StatsAggregations [16283 searchOrchestrator] - Instantiating Stats function list for key=ss_app, alias=ss_app
05-02-2023 10:00:49.638 INFO  StatsAggregations [16283 searchOrchestrator] - Instantiating Stats function list for key=ss_user, alias=ss_user
05-02-2023 10:00:49.638 INFO  StatsAggregations [16283 searchOrchestrator] - Instantiating Stats function list for key=digest_mode, alias=digest_mode
05-02-2023 10:00:49.638 INFO  StatsAggregations [16283 searchOrchestrator] - Instantiating Stats function list for key=triggered_alerts, alias=triggered_alerts
05-02-2023 10:00:49.638 INFO  StatsContext [16283 searchOrchestrator] - shouldFallbackToOldStats: _use_v2_level=USE_V2_ALL, fallback=false
05-02-2023 10:00:49.638 INFO  UnifiedSearch [16283 searchOrchestrator] - Processed search targeting arguments
05-02-2023 10:00:49.638 INFO  SearchPipeline [16283 searchOrchestrator] - ReportSearch=1 AllowBatchMode=1
05-02-2023 10:00:49.638 INFO  SearchParser [16283 searchOrchestrator] - PARSING: addinfo type=count label=prereport_events track_fieldmeta_events=true
05-02-2023 10:00:49.638 INFO  SearchParser [16283 searchOrchestrator] - PARSING: prestats list(alert_actions) list(digest_mode) list(expiration) list(severity) list(ss_app) list(ss_name) list(ss_user) list(triggered_alerts) sum(deleted) by sid trigger_time
05-02-2023 10:00:49.638 INFO  StatsContext [16283 searchOrchestrator] -  Setting chunk size min=65536 max=1048576 double_every=100
05-02-2023 10:00:49.638 INFO  StatsContext [16283 searchOrchestrator] -  Setting max memory usage to 209715200
05-02-2023 10:00:49.638 INFO  StatsProcessorV2 [16283 searchOrchestrator] - StatsV2 (stats) args: list(alert_actions), list(digest_mode), list(expiration), list(severity), list(ss_app), list(ss_name), list(ss_user), list(triggered_alerts), sum(deleted), by, sid, trigger_time
05-02-2023 10:00:49.638 INFO  StatsProcessorV2 [16283 searchOrchestrator] - StatsProcessorV2::processArguments: Unaligned accesses are free
05-02-2023 10:00:49.638 INFO  StatsAggregations [16283 searchOrchestrator] - Instantiating Stats function list for key=alert_actions, alias=list(alert_actions)
05-02-2023 10:00:49.638 INFO  StatsAggregations [16283 searchOrchestrator] - Instantiating Stats function list for key=digest_mode, alias=list(digest_mode)
05-02-2023 10:00:49.638 INFO  StatsAggregations [16283 searchOrchestrator] - Instantiating Stats function list for key=expiration, alias=list(expiration)
05-02-2023 10:00:49.638 INFO  StatsAggregations [16283 searchOrchestrator] - Instantiating Stats function list for key=severity, alias=list(severity)
05-02-2023 10:00:49.638 INFO  StatsAggregations [16283 searchOrchestrator] - Instantiating Stats function list for key=ss_app, alias=list(ss_app)
05-02-2023 10:00:49.638 INFO  StatsAggregations [16283 searchOrchestrator] - Instantiating Stats function list for key=ss_name, alias=list(ss_name)
05-02-2023 10:00:49.638 INFO  StatsAggregations [16283 searchOrchestrator] - Instantiating Stats function list for key=ss_user, alias=list(ss_user)
05-02-2023 10:00:49.638 INFO  StatsAggregations [16283 searchOrchestrator] - Instantiating Stats function list for key=triggered_alerts, alias=list(triggered_alerts)
05-02-2023 10:00:49.638 INFO  StatsAggregations [16283 searchOrchestrator] - Instantiating Stats function sum for key=deleted, alias=sum(deleted)
05-02-2023 10:00:49.638 INFO  StatsContext [16283 searchOrchestrator] - shouldFallbackToOldStats: _use_v2_level=USE_V2_ALL, fallback=false
05-02-2023 10:00:49.639 INFO  SearchPhaseGenerator [16283 searchOrchestrator] - No need for RTWindowProcessor
05-02-2023 10:00:49.639 INFO  SearchPhaseGenerator [16283 searchOrchestrator] - Timeliner will not be executed
05-02-2023 10:00:49.639 INFO  SearchPhaseGenerator [16283 searchOrchestrator] - required fields list to add to different pipelines = alert_actions,deleted,digest_mode,expiration,prestats_reserved_*,psrsvd_*,severity,sid,ss_app,ss_name,ss_user,trigger_time,triggered_alerts
05-02-2023 10:00:49.639 INFO  SearchPhaseGenerator [16283 searchOrchestrator] - Remote Timeliner=
05-02-2023 10:00:49.639 INFO  SearchPhaseGenerator [16283 searchOrchestrator] - Fileds=fields keepcolorder=t "alert_actions" "deleted" "digest_mode" "expiration" "prestats_reserved_*" "psrsvd_*" "severity" "sid" "ss_app" "ss_name" "ss_user" "trigger_time" "triggered_alerts"
05-02-2023 10:00:49.639 INFO  SearchPhaseGenerator [16283 searchOrchestrator] - REMOTE TIMELINER ADDED
05-02-2023 10:00:49.639 INFO  SearchParser [16283 searchOrchestrator] - PARSING: fields keepcolorder=t "alert_actions" "deleted" "digest_mode" "expiration" "prestats_reserved_*" "psrsvd_*" "severity" "sid" "ss_app" "ss_name" "ss_user" "trigger_time" "triggered_alerts"
05-02-2023 10:00:49.639 INFO  SearchPhaseGenerator [16283 searchOrchestrator] - Adding noop to provide result collation at search head
05-02-2023 10:00:49.639 INFO  SearchParser [16283 searchOrchestrator] - PARSING: noop
05-02-2023 10:00:49.639 INFO  SearchPhaseGenerator [16283 searchOrchestrator] - Search Phases created.
05-02-2023 10:00:49.640 INFO  SearchOrchestrator [16283 searchOrchestrator] - Preview is not enabled. (preview_algorithm=NONE)
05-02-2023 10:00:49.641 INFO  UserManager [16283 searchOrchestrator] - Setting user context: splunk-system-user
05-02-2023 10:00:49.641 INFO  UserManager [16283 searchOrchestrator] - Done setting user context: splunk-system-user -> splunk-system-user
05-02-2023 10:00:49.641 INFO  UserManager [16283 searchOrchestrator] - Unwound user context: splunk-system-user -> splunk-system-user
05-02-2023 10:00:49.641 INFO  DistributedSearchResultCollectionManager [16283 searchOrchestrator] - Stream search: litsearch (action=alert_* index=_audit splunk_server="codespaces-1e503f" (NOT expiration=* OR expiration>1683021649) sid trigger_time _time>=1682416849.000) | rex  field=_raw ",\\s*ss_name=\"(?<ss_name>(?:[^\"]+|\"(?!,\\s*sid=))*)\",\\s*sid=\""  | rex  field=_raw ",\\s*sid=\"(?<sid>.*)\",\\s+\\w+_\\w+=" | addinfo  type=count label=prereport_events track_fieldmeta_events=true | fields  keepcolorder=t "alert_actions" "deleted" "digest_mode" "expiration" "prestats_reserved_*" "psrsvd_*" "severity" "sid" "ss_app" "ss_name" "ss_user" "trigger_time" "triggered_alerts" | prestats  list(alert_actions) list(digest_mode) list(expiration) list(severity) list(ss_app) list(ss_name) list(ss_user) list(triggered_alerts) sum(deleted) by sid trigger_time
05-02-2023 10:00:49.641 INFO  ExternalResultProvider [16283 searchOrchestrator] - No external result providers are configured
05-02-2023 10:00:49.641 INFO  DistributedSearchResultCollectionManager [16283 searchOrchestrator] - ERP_FACTORY initialized, but zero external result provider, hence disabling _isERPCollectionEnabled
05-02-2023 10:00:49.641 INFO  DistributedSearchResultCollectionManager [16283 searchOrchestrator] - results_queue_read_timeout_sec=900.000 send_timeout=30.000 connect_timeout=10.000 receive_timeout=600.000
05-02-2023 10:00:49.641 INFO  DistributedSearchResultCollectionManager [16283 searchOrchestrator] - Default search group:*
05-02-2023 10:00:49.641 INFO  SearchTargeter [16283 searchOrchestrator] - Index list is not available for codespaces-1e503f targeting based on splunk_server and splunk_server_group only
05-02-2023 10:00:49.641 INFO  DistributedSearchResultCollectionManager [16283 searchOrchestrator] - Connecting to peer codespaces-1e503f connectAll 0 connectToSpecificPeer 1
05-02-2023 10:00:49.641 INFO  UserManager [16292 SearchResultExecutorThread] - Setting user context: splunk-system-user
05-02-2023 10:00:49.641 INFO  SearchPhaseGenerator [16283 searchOrchestrator] - Time spends on creating distributed search results infrastructure; dispatchcreatedSearchResultInfrastructure=0.001618021 seconds.
05-02-2023 10:00:49.641 INFO  UserManager [16292 SearchResultExecutorThread] - Done setting user context: NULL -> splunk-system-user
05-02-2023 10:00:49.641 INFO  UserManager [16288 SearchResultExecutorThread] - Setting user context: splunk-system-user
05-02-2023 10:00:49.641 INFO  UserManager [16288 SearchResultExecutorThread] - Done setting user context: NULL -> splunk-system-user
05-02-2023 10:00:49.641 INFO  UserManager [16289 SearchResultExecutorThread] - Setting user context: splunk-system-user
05-02-2023 10:00:49.641 INFO  UserManager [16291 SearchResultExecutorThread] - Setting user context: splunk-system-user
05-02-2023 10:00:49.641 INFO  UserManager [16290 SearchResultExecutorThread] - Setting user context: splunk-system-user
05-02-2023 10:00:49.642 INFO  SearchOrchestrator [16283 searchOrchestrator] - Starting the status control thread.
05-02-2023 10:00:49.642 INFO  UserManager [16290 SearchResultExecutorThread] - Done setting user context: NULL -> splunk-system-user
05-02-2023 10:00:49.642 INFO  SearchOrchestrator [16283 searchOrchestrator] - Starting phase=1
05-02-2023 10:00:49.642 INFO  UserManager [16293 localCollectorThread] - Setting user context: splunk-system-user
05-02-2023 10:00:49.642 INFO  UserManager [16293 localCollectorThread] - Done setting user context: NULL -> splunk-system-user
05-02-2023 10:00:49.642 INFO  UserManager [16285 StatusEnforcerThread] - Setting user context: splunk-system-user
05-02-2023 10:00:49.642 INFO  UserManager [16285 StatusEnforcerThread] - Done setting user context: NULL -> splunk-system-user
05-02-2023 10:00:49.642 INFO  SearchParser [16293 localCollectorThread] - PARSING: litsearch (action=alert_* index=_audit splunk_server="codespaces-1e503f" (NOT expiration=* OR expiration>1683021649) sid trigger_time _time>=1682416849.000) | rex  field=_raw ",\\s*ss_name=\"(?<ss_name>(?:[^\"]+|\"(?!,\\s*sid=))*)\",\\s*sid=\""  | rex  field=_raw ",\\s*sid=\"(?<sid>.*)\",\\s+\\w+_\\w+=" | addinfo  type=count label=prereport_events track_fieldmeta_events=true | fields  keepcolorder=t "alert_actions" "deleted" "digest_mode" "expiration" "prestats_reserved_*" "psrsvd_*" "severity" "sid" "ss_app" "ss_name" "ss_user" "trigger_time" "triggered_alerts" | prestats  list(alert_actions) list(digest_mode) list(expiration) list(severity) list(ss_app) list(ss_name) list(ss_user) list(triggered_alerts) sum(deleted) by sid trigger_time
05-02-2023 10:00:49.642 INFO  UserManager [16294 phase_1] - Setting user context: splunk-system-user
05-02-2023 10:00:49.642 INFO  SearchStatusEnforcer [16285 StatusEnforcerThread] - Enforcing disk quota = 10485760000
05-02-2023 10:00:49.642 INFO  UserManager [16294 phase_1] - Done setting user context: NULL -> splunk-system-user
05-02-2023 10:00:49.641 INFO  UserManager [16289 SearchResultExecutorThread] - Done setting user context: NULL -> splunk-system-user
05-02-2023 10:00:49.642 INFO  ReducePhaseExecutor [16294 phase_1] - Starting phase_1
05-02-2023 10:00:49.642 INFO  StatsContext [16293 localCollectorThread] -  Setting chunk size min=65536 max=1048576 double_every=100
05-02-2023 10:00:49.642 INFO  StatsContext [16293 localCollectorThread] -  Setting max memory usage to 209715200
05-02-2023 10:00:49.641 INFO  UserManager [16291 SearchResultExecutorThread] - Done setting user context: NULL -> splunk-system-user
05-02-2023 10:00:49.654 INFO  SearchParser [16293 localCollectorThread] - PARSING: typer | tags
05-02-2023 10:00:49.663 INFO  FastTyper [16293 localCollectorThread] - found nodes count: comparisons=6, unique_comparisons=5, terms=4, unique_terms=4, phrases=12, unique_phrases=12, total leaves=22
05-02-2023 10:00:49.665 INFO  BatchSearch [16293 localCollectorThread] - Using Batch Search
05-02-2023 10:00:49.666 INFO  UserManager [16293 localCollectorThread] - Setting user context: splunk-system-user
05-02-2023 10:00:49.666 INFO  UserManager [16293 localCollectorThread] - Done setting user context: splunk-system-user -> splunk-system-user
05-02-2023 10:00:49.666 INFO  FastSearchFilter [16293 localCollectorThread] - Finished initializing IndexScopedFilter - trivial=0, nTerms=3, oTerms=0, host=0, source=0, sourcetype=0, linecount=0 exactCustomCmp=0
05-02-2023 10:00:49.666 INFO  UserManager [16293 localCollectorThread] - Unwound user context: splunk-system-user -> splunk-system-user
05-02-2023 10:00:49.666 INFO  BatchSearch [16293 localCollectorThread] -  BatchSearch is initialized for indexes = {_audit}, et = 1682416849.000000000, lt = 1683021649.653896000, index_et = -9223372036854775808.000000000, index_lt = 9223372036854775807.999999000, noRead = FALSE
05-02-2023 10:00:49.666 INFO  BatchSearch [16293 localCollectorThread] - Clearing any DDM references
05-02-2023 10:00:49.667 INFO  CMBucketId [16293 localCollectorThread] - CMIndexId: New indexName=_audit inserted, mapping to id=1
05-02-2023 10:00:49.667 INFO  BatchSearch [16293 localCollectorThread] - index: _audit dbsize=1
05-02-2023 10:00:49.667 INFO  UnifiedSearch [16293 localCollectorThread] - Initialization of search data structures took 13 ms
05-02-2023 10:00:49.667 INFO  UnifiedSearch [16293 localCollectorThread] - Processed search targeting arguments
05-02-2023 10:00:49.667 INFO  StatsProcessorV2 [16293 localCollectorThread] - StatsV2 (stats) args: list(alert_actions), list(digest_mode), list(expiration), list(severity), list(ss_app), list(ss_name), list(ss_user), list(triggered_alerts), sum(deleted), by, sid, trigger_time
05-02-2023 10:00:49.667 INFO  StatsProcessorV2 [16293 localCollectorThread] - StatsProcessorV2::processArguments: Unaligned accesses are free
05-02-2023 10:00:49.667 INFO  StatsAggregations [16293 localCollectorThread] - Instantiating Stats function list for key=alert_actions, alias=list(alert_actions)
05-02-2023 10:00:49.667 INFO  StatsAggregations [16293 localCollectorThread] - Instantiating Stats function list for key=digest_mode, alias=list(digest_mode)
05-02-2023 10:00:49.667 INFO  StatsAggregations [16293 localCollectorThread] - Instantiating Stats function list for key=expiration, alias=list(expiration)
05-02-2023 10:00:49.667 INFO  StatsAggregations [16293 localCollectorThread] - Instantiating Stats function list for key=severity, alias=list(severity)
05-02-2023 10:00:49.667 INFO  StatsAggregations [16293 localCollectorThread] - Instantiating Stats function list for key=ss_app, alias=list(ss_app)
05-02-2023 10:00:49.667 INFO  StatsAggregations [16293 localCollectorThread] - Instantiating Stats function list for key=ss_name, alias=list(ss_name)
05-02-2023 10:00:49.667 INFO  StatsAggregations [16293 localCollectorThread] - Instantiating Stats function list for key=ss_user, alias=list(ss_user)
05-02-2023 10:00:49.667 INFO  StatsAggregations [16293 localCollectorThread] - Instantiating Stats function list for key=triggered_alerts, alias=list(triggered_alerts)
05-02-2023 10:00:49.668 INFO  StatsAggregations [16293 localCollectorThread] - Instantiating Stats function sum for key=deleted, alias=sum(deleted)
05-02-2023 10:00:49.668 INFO  StatsContext [16293 localCollectorThread] - shouldFallbackToOldStats: _use_v2_level=USE_V2_ALL, fallback=false
05-02-2023 10:00:49.673 INFO  LocalCollector [16293 localCollectorThread] - Final required fields list = Message,_raw,_subsecond,_time,action,alert_actions,deleted,digest_mode,expiration,index,prestats_reserved_*,psrsvd_*,severity,sid,splunk_server,ss_app,ss_name,ss_user,trigger_time,triggered_alerts
05-02-2023 10:00:49.673 INFO  UserManager [16293 localCollectorThread] - Unwound user context: splunk-system-user -> NULL
05-02-2023 10:00:49.673 INFO  UserManager [16293 localCollectorThread] - Setting user context: splunk-system-user
05-02-2023 10:00:49.673 INFO  UserManager [16293 localCollectorThread] - Done setting user context: NULL -> splunk-system-user
05-02-2023 10:00:49.673 INFO  BatchSearch [16293 localCollectorThread] - Searching index:_audit with LISPY:'[ AND sid time trigger [ OR action::alert_* alert ] ]'
05-02-2023 10:00:49.673 INFO  UserManager [16293 localCollectorThread] - Unwound user context: splunk-system-user -> NULL
05-02-2023 10:00:49.673 INFO  UserManager [16289 SearchResultExecutorThread] - Unwound user context: splunk-system-user -> NULL
05-02-2023 10:00:49.673 INFO  UserManager [16288 SearchResultExecutorThread] - Unwound user context: splunk-system-user -> NULL
05-02-2023 10:00:49.673 INFO  UserManager [16291 SearchResultExecutorThread] - Unwound user context: splunk-system-user -> NULL
05-02-2023 10:00:49.673 INFO  UserManager [16292 SearchResultExecutorThread] - Unwound user context: splunk-system-user -> NULL
05-02-2023 10:00:49.673 INFO  UserManager [16290 SearchResultExecutorThread] - Unwound user context: splunk-system-user -> NULL
05-02-2023 10:00:49.674 INFO  ResultsCollationProcessor [16294 phase_1] - Writing remote_event_providers.csv to disk
05-02-2023 10:00:49.675 INFO  ReducePhaseExecutor [16294 phase_1] - Not downloading remote search.log files. Reason: No remote event providers.
05-02-2023 10:00:49.675 INFO  ReducePhaseExecutor [16294 phase_1] - Not downloading remote search_telemetry.json files. Reason: No remote event providers.
05-02-2023 10:00:49.675 INFO  ReducePhaseExecutor [16294 phase_1] - Ending phase_1
05-02-2023 10:00:49.675 INFO  UserManager [16294 phase_1] - Unwound user context: splunk-system-user -> NULL
05-02-2023 10:00:49.677 INFO  UserManager [16285 StatusEnforcerThread] - Unwound user context: splunk-system-user -> NULL
05-02-2023 10:00:49.678 INFO  DispatchStorageManager [16283 searchOrchestrator] - Remote storage disabled for search artifacts.
05-02-2023 10:00:49.678 INFO  DispatchManager [16283 searchOrchestrator] - DispatchManager::dispatchHasFinished(id='alertsmanager_1683021649.1', username='splunk-system-user')
05-02-2023 10:00:49.678 INFO  UserManager [16283 searchOrchestrator] - Unwound user context: splunk-system-user -> NULL
05-02-2023 10:00:49.679 INFO  SearchStatusEnforcer [16276 RunDispatch] - SearchStatusEnforcer is already terminated
05-02-2023 10:00:49.679 INFO  UserManager [16276 RunDispatch] - Unwound user context: splunk-system-user -> NULL
05-02-2023 10:00:49.679 INFO  LookupDataProvider [16276 RunDispatch] - Clearing out lookup shared provider map
05-02-2023 10:00:49.680 INFO  dispatchRunner [15715 MainThread] - RunDispatch is done: sid=alertsmanager_1683021649.1, exit=0
