05-02-2023 10:01:10.119 +0000 INFO  Metrics - group=mpool, max_used_interval=4244094, max_used=4244094, avg_rsv=3321, capacity=268435456, used=8163, rep_used=0
05-02-2023 10:01:10.119 +0000 INFO  Metrics - group=searchscheduler, eligible=1, delayed=0, dispatched=1, skipped=0, skipped_dma_ra=0, total_lag=31, max_lag=31, window_max_lag=0, window_total_lag=0, scheduler_cycle_max=0.097, scheduler_cycle_total=0.097, scheduler_cycles=1, load_search_cycle_max=0.002, load_search_cycle_total=0.002, schedule_search_cycle_max=0.093, schedule_search_cycle_total=0.093, load_saved_searches=0.001, load_auto_summarized=0.000, load_dma=0.001, load_deferred_calculation=0.000, load_priority_calculation=0.000, load_cycles=1, disp_get_next_runtime=0.000, disp_determine_can_run=0.000, disp_window_lag_calc=0.000, disp_auto_summary_updates=0.000, disp_advance_next_runtime=0.000, disp_update_logging=0.000, disp_dispatch_job=0.093, max_running=1, actions_triggered=1, completed=1, total_runtime=0.085, max_runtime=0.085, alert_cycle_max=0.000, alert_cycle_total=0.000, alert_cycles=2
05-02-2023 10:01:10.119 +0000 INFO  Metrics - group=bucket_metrics, current_hot=7, current_hot_replicas=0, current_total=7, created=7, created_replicas=0, rolled=0, frozen=0, total_removed=0
05-02-2023 10:01:10.119 +0000 INFO  Metrics - group=cachemgr_bucket, open_buckets=0
05-02-2023 10:01:10.119 +0000 INFO  Metrics - group=conf, action=acquire_mutex, count=15, wallclock_ms_total=0, wallclock_ms_max=0, cpu_total=0.000, cpu_max=0.000
05-02-2023 10:01:10.119 +0000 INFO  Metrics - group=conf, action=base_initialize, count=1, wallclock_ms_total=5, wallclock_ms_max=5, cpu_total=0.005, cpu_max=0.005
05-02-2023 10:01:10.119 +0000 INFO  Metrics - group=deploy-connections, nCurrent=2
05-02-2023 10:01:10.119 +0000 INFO  Metrics - group=deploy-server, name=app_downloads, nStarted=0, nCompleted=0, volumeCompletedKB=0.000
05-02-2023 10:01:10.119 +0000 INFO  Metrics - group=deploy-server, name=clients, nNew=0, nTotal=0
05-02-2023 10:01:10.119 +0000 INFO  Metrics - group=deploy-server, name=clients, app_event_reports, nDownloadFail=0, nInstallOk=0, nInstallFail=0, nUninstallOk=0, nUninstallFail=0
05-02-2023 10:01:10.119 +0000 INFO  Metrics - group=deploy-server, name=clients, phonehome, nReceived=0
05-02-2023 10:01:10.119 +0000 INFO  Metrics - group=dutycycle, name=management, thread=cachemanagerusagemetrics, ratio=0.000
05-02-2023 10:01:10.119 +0000 INFO  Metrics - group=dutycycle, name=management, thread=callbackrunnerthread, ratio=0.000
05-02-2023 10:01:10.119 +0000 INFO  Metrics - group=dutycycle, name=management, thread=collectioncachebookkeepingthread, ratio=0.000
05-02-2023 10:01:10.119 +0000 INFO  Metrics - group=dutycycle, name=management, thread=diagdownloadthread, ratio=0.000
05-02-2023 10:01:10.119 +0000 INFO  Metrics - group=dutycycle, name=management, thread=dispatchlogthread, ratio=0.000
05-02-2023 10:01:10.119 +0000 INFO  Metrics - group=dutycycle, name=management, thread=dispatchreaper, ratio=0.000
05-02-2023 10:01:10.119 +0000 INFO  Metrics - group=dutycycle, name=management, thread=distributedpeermonitorthread, ratio=0.000
05-02-2023 10:01:10.119 +0000 INFO  Metrics - group=dutycycle, name=management, thread=distributedrestcallereventloopthread, ratio=0.000
05-02-2023 10:01:10.119 +0000 INFO  Metrics - group=dutycycle, name=management, thread=execprocessor, ratio=0.002
05-02-2023 10:01:10.119 +0000 INFO  Metrics - group=dutycycle, name=management, thread=fsupdaterthread, ratio=0.000
05-02-2023 10:01:10.119 +0000 INFO  Metrics - group=dutycycle, name=management, thread=federatedheartbeat, ratio=0.000
05-02-2023 10:01:10.119 +0000 INFO  Metrics - group=dutycycle, name=management, thread=fwddatareceiverthread, ratio=0.000
05-02-2023 10:01:10.119 +0000 INFO  Metrics - group=dutycycle, name=management, thread=httpdispatch, ratio=0.000
05-02-2023 10:01:10.119 +0000 INFO  Metrics - group=dutycycle, name=management, thread=httpdedicatediothread-0, ratio=0.000
05-02-2023 10:01:10.119 +0000 INFO  Metrics - group=dutycycle, name=management, thread=httpdedicatediothread-1, ratio=0.000
05-02-2023 10:01:10.119 +0000 INFO  Metrics - group=dutycycle, name=management, thread=httpdedicatediothread-2, ratio=0.000
05-02-2023 10:01:10.119 +0000 INFO  Metrics - group=dutycycle, name=management, thread=httpdedicatediothread-3, ratio=0.000
05-02-2023 10:01:10.119 +0000 INFO  Metrics - group=dutycycle, name=management, thread=httpdedicatediothread-4, ratio=0.000
05-02-2023 10:01:10.119 +0000 INFO  Metrics - group=dutycycle, name=management, thread=httpdedicatediothread-5, ratio=0.000
05-02-2023 10:01:10.119 +0000 INFO  Metrics - group=dutycycle, name=management, thread=httpdedicatediothread-6, ratio=0.000
05-02-2023 10:01:10.119 +0000 INFO  Metrics - group=dutycycle, name=management, thread=httpdedicatediothread-7, ratio=0.000
05-02-2023 10:01:10.119 +0000 INFO  Metrics - group=dutycycle, name=management, thread=httpinputqueuethread, ratio=0.000
05-02-2023 10:01:10.119 +0000 INFO  Metrics - group=dutycycle, name=management, thread=httpinputservermanagementthread, ratio=0.000
05-02-2023 10:01:10.119 +0000 INFO  Metrics - group=dutycycle, name=management, thread=idatado_collector, ratio=0.000
05-02-2023 10:01:10.119 +0000 INFO  Metrics - group=dutycycle, name=management, thread=indexerservice, ratio=0.000
05-02-2023 10:01:10.119 +0000 INFO  Metrics - group=dutycycle, name=management, thread=indexertpoolworker-0, ratio=0.003
05-02-2023 10:01:10.119 +0000 INFO  Metrics - group=dutycycle, name=management, thread=indexertpoolworker-1, ratio=0.002
05-02-2023 10:01:10.119 +0000 INFO  Metrics - group=dutycycle, name=management, thread=kvstorebackupthread, ratio=0.000
05-02-2023 10:01:10.119 +0000 INFO  Metrics - group=dutycycle, name=management, thread=kvstoreconfigurationthread, ratio=0.000
05-02-2023 10:01:10.119 +0000 INFO  Metrics - group=dutycycle, name=management, thread=lazyglobalmanifestcheck, ratio=1.000
05-02-2023 10:01:10.119 +0000 INFO  Metrics - group=dutycycle, name=management, thread=maintailingthread, ratio=0.000
05-02-2023 10:01:10.119 +0000 INFO  Metrics - group=dutycycle, name=management, thread=mongodlogthread, ratio=0.000
05-02-2023 10:01:10.119 +0000 INFO  Metrics - group=dutycycle, name=management, thread=preforkedsearchesmanager-0, ratio=0.000
05-02-2023 10:01:10.119 +0000 INFO  Metrics - group=dutycycle, name=management, thread=queueservicethread, ratio=0.000
05-02-2023 10:01:10.119 +0000 INFO  Metrics - group=dutycycle, name=management, thread=recreateindexesthread, ratio=0.000
05-02-2023 10:01:10.119 +0000 INFO  Metrics - group=dutycycle, name=management, thread=savependinguploadstodiskthread, ratio=0.000
05-02-2023 10:01:10.119 +0000 INFO  Metrics - group=dutycycle, name=management, thread=savedsearchfetcher, ratio=0.005
05-02-2023 10:01:10.119 +0000 INFO  Metrics - group=dutycycle, name=management, thread=schedulerthread, ratio=0.007
05-02-2023 10:01:10.119 +0000 INFO  Metrics - group=dutycycle, name=management, thread=searchprocessreaper, ratio=0.000
05-02-2023 10:01:10.119 +0000 INFO  Metrics - group=dutycycle, name=management, thread=shutdown, ratio=0.000
05-02-2023 10:01:10.119 +0000 INFO  Metrics - group=dutycycle, name=management, thread=splunkconfigchangewatcherthread, ratio=0.013
05-02-2023 10:01:10.119 +0000 INFO  Metrics - group=dutycycle, name=management, thread=tcpchannelthread, ratio=0.000, ratio=0.000, ratio=0.002, ratio=0.001, ratio=0.000, ratio=0.000, ratio=0.001, ratio=0.002
05-02-2023 10:01:10.119 +0000 INFO  Metrics - group=dutycycle, name=management, thread=tcplistener, ratio=0.000
05-02-2023 10:01:10.119 +0000 INFO  Metrics - group=dutycycle, name=management, thread=tcpouteloop, ratio=0.000, ratio=0.000
05-02-2023 10:01:10.119 +0000 INFO  Metrics - group=dutycycle, name=management, thread=tcppqreaderthread, ratio=0.000
05-02-2023 10:01:10.119 +0000 INFO  Metrics - group=dutycycle, name=management, thread=telemetrymetricbuffer, ratio=0.000
05-02-2023 10:01:10.119 +0000 INFO  Metrics - group=dutycycle, name=management, thread=udpinputprocessor, ratio=0.000
05-02-2023 10:01:10.119 +0000 INFO  Metrics - group=dutycycle, name=management, thread=archivereader, ratio=0.000
05-02-2023 10:01:10.119 +0000 INFO  Metrics - group=dutycycle, name=management, thread=batchreader0, ratio=0.000
05-02-2023 10:01:10.119 +0000 INFO  Metrics - group=dutycycle, name=management, thread=fifo, ratio=0.000
05-02-2023 10:01:10.120 +0000 INFO  Metrics - group=dutycycle, name=management, thread=idle_http_client, ratio=0.000
05-02-2023 10:01:10.120 +0000 INFO  Metrics - group=dutycycle, name=management, thread=journal-compress, ratio=0.000
05-02-2023 10:01:10.120 +0000 INFO  Metrics - group=dutycycle, name=management, thread=tailreader0, ratio=0.019
05-02-2023 10:01:10.120 +0000 INFO  Metrics - group=dutycycle, name=management, thread=webui, ratio=0.000
05-02-2023 10:01:10.120 +0000 INFO  Metrics - group=executor, name=alertnotifierexecutor, jobs_added=1, jobs_finished=1, current_size=0, smallest_size=0, largest_size=1, max_size=500
05-02-2023 10:01:10.120 +0000 INFO  Metrics - group=executor, name=filesystemopexecutor, jobs_added=0, jobs_finished=0, current_size=0, smallest_size=4294967295, largest_size=0, max_size=0
05-02-2023 10:01:10.120 +0000 INFO  Metrics - group=executor, name=cachemgr_del, jobs_added=0, jobs_finished=0, current_size=0, smallest_size=4294967295, largest_size=0, max_size=0
05-02-2023 10:01:10.120 +0000 INFO  Metrics - group=executor, name=cachemgr_down, jobs_added=0, jobs_finished=0, current_size=0, smallest_size=4294967295, largest_size=0, max_size=0
05-02-2023 10:01:10.120 +0000 INFO  Metrics - group=executor, name=cachemgr_post_upload_job, jobs_added=0, jobs_finished=0, current_size=0, smallest_size=4294967295, largest_size=0, max_size=0
05-02-2023 10:01:10.120 +0000 INFO  Metrics - group=executor, name=cachemgr_up, jobs_added=0, jobs_finished=0, current_size=0, smallest_size=4294967295, largest_size=0, max_size=0
05-02-2023 10:01:10.120 +0000 INFO  Metrics - group=instance, name=instance, instance_roles="indexer, license_master, license_manager", index_cluster_label=none, index_cluster_status=non-clustered, license_status=ENABLED, instance_guid=C39C9F92-4A71-49A3-92DB-0A4A14639E88, server_name=codespaces-1e503f
05-02-2023 10:01:10.120 +0000 INFO  Metrics - group=jobs, name=alertnotifier, TJob=1
05-02-2023 10:01:10.120 +0000 INFO  Metrics - group=knowledgebundle_replication, name=blocked_search_metrics, app=none, user=none, elapsed_ms=18446744073709551615
05-02-2023 10:01:10.120 +0000 INFO  Metrics - group=kvstore_connections, name=individual, created=14, released=14, failed=0, active=0
05-02-2023 10:01:10.120 +0000 INFO  Metrics - group=kvstore_connections, name=replset_pool, created=2, released=1, failed=0, active=1
05-02-2023 10:01:10.120 +0000 INFO  Metrics - group=pipelineset, name=load_metrics, ingest_pipe=0, busiest_thread_name=indexerPipe, dutycycle_ratio=0.019, share=1.000, requests_last_period=119
05-02-2023 10:01:10.120 +0000 INFO  Metrics - group=realtime_search_data, system total, drop_count=0
05-02-2023 10:01:10.120 +0000 INFO  Metrics - group=regex_cache, hits=307, misses=269, discarded_new=0, discarded_old=0, num_evictions=0
05-02-2023 10:01:10.120 +0000 INFO  Metrics - group=search_concurrency, system total, active_hist_searches=1, active_realtime_searches=0
05-02-2023 10:01:10.120 +0000 INFO  Metrics - group=search_concurrency, user=splunk-system-user, active_hist_searches=1, active_realtime_searches=0
05-02-2023 10:01:10.120 +0000 INFO  Metrics - group=search_concurrency, name=search_queue_metrics, enqueue_seaches_count=0, avg_time_spent_in_queue=0.000, max_time_spent_in_queue=0, current_queue_size=0, largest_queue_size=0, min_queue_size=0
05-02-2023 10:01:10.120 +0000 INFO  Metrics - group=search_health_metrics, name=bundle_directory_reaper, bundle_dir_reaper_max_ms=0, bundle_dir_reaper_mean_ms=0
05-02-2023 10:01:10.120 +0000 INFO  Metrics - group=search_health_metrics, name=compute_search_quota, compute_search_quota_max_ms=2, compute_search_quota_mean_ms=1
05-02-2023 10:01:10.120 +0000 INFO  Metrics - group=search_health_metrics, name=dispatch_directory_reaper, dispatch_dir_reaper_max_ms=5, dispatch_dir_reaper_mean_ms=5
05-02-2023 10:01:10.120 +0000 INFO  Metrics - group=search_pool, name=launcher_0, active=0, idle=1, processes_created=2, processes_reused_same_user=0, processes_reused_different_user=0, processes_reaped_with_old_config=1, processes_reaped_with_old_bundle=0, processes_reaped_ran_too_many_searches=0, processes_reaped_ran_too_long=0, processes_reaped_accumulated_time=0, processes_reaped_after_control=0, processes_reaped_surplus=0, dutycycle_launching=0.000, dutycycle_reaping=0.000, dutycycle_control=0.000, periodic_reaper_wakeups=0
05-02-2023 10:01:10.120 +0000 INFO  Metrics - group=spacemgr, reserved_bytes=5368709120, free_bytes=0
05-02-2023 10:01:10.120 +0000 INFO  Metrics - group=subtask_seconds, name=indexer, task=indexer_service, replicate_semislice=0.000, throttle_optimize=0.001, flushBlockSig=0.000, retryMove_1hotBkt=0.000, size_hotBkt=0.000, roll_hotBkt=0.000, chillOrFreeze=0.001, update_checksums=0.000, fork_recovermetadata=0.000, rebuild_metadata=0.001, update_bktManifest=0.000, service_volumes=0.000, service_maxSizes=0.000, service_externProc=0.000
05-02-2023 10:01:10.120 +0000 INFO  Metrics - group=tpool, name=bundlereplthreadpool, qsize=0, workers=0, qwork_units=0
05-02-2023 10:01:10.120 +0000 INFO  Metrics - group=tpool, name=indexertpool, qsize=0, workers=2, qwork_units=0
05-02-2023 10:01:10.120 +0000 INFO  Metrics - group=dutycycle, name=misc, mgmt_httpd=0.000, reaper=0.000, savedsplunker=0.007, tail=0.000, udpin=0.000
05-02-2023 10:01:10.120 +0000 INFO  Metrics - group=pipeline, name=dev-null, processor=nullqueue, cpu_seconds=0.000, executes=6, cumulative_hits=6
05-02-2023 10:01:10.120 +0000 INFO  Metrics - group=pipeline, name=indexerpipe, processor=destination-key-processor, cpu_seconds=0.000, executes=1598, cumulative_hits=1598
05-02-2023 10:01:10.120 +0000 INFO  Metrics - group=pipeline, name=indexerpipe, processor=indexin, cpu_seconds=0.001, executes=1600, cumulative_hits=1600
05-02-2023 10:01:10.120 +0000 INFO  Metrics - group=pipeline, name=indexerpipe, processor=index_thruput, cpu_seconds=0.002, executes=1598, cumulative_hits=1598
05-02-2023 10:01:10.120 +0000 INFO  Metrics - group=pipeline, name=indexerpipe, processor=indexandforward, cpu_seconds=0.001, executes=1598, cumulative_hits=1598
05-02-2023 10:01:10.120 +0000 INFO  Metrics - group=pipeline, name=indexerpipe, processor=indexer, cpu_seconds=0.028, executes=1598, cumulative_hits=1598, write_cpu_seconds=0.017, service_cpu_seconds=0.010, hot_bkts_rolled=0, rtsearch_filter_seconds=0.000
05-02-2023 10:01:10.120 +0000 INFO  Metrics - group=pipeline, name=indexerpipe, processor=latencytracker, cpu_seconds=0.001, executes=1600, cumulative_hits=1600
05-02-2023 10:01:10.120 +0000 INFO  Metrics - group=pipeline, name=indexerpipe, processor=s2soverhttpoutput, cpu_seconds=0.001, executes=1598, cumulative_hits=1598
05-02-2023 10:01:10.120 +0000 INFO  Metrics - group=pipeline, name=indexerpipe, processor=syslog-output-generic-processor, cpu_seconds=0.001, executes=1598, cumulative_hits=1598
05-02-2023 10:01:10.120 +0000 INFO  Metrics - group=pipeline, name=indexerpipe, processor=tcp-output-generic-processor, cpu_seconds=0.001, executes=1598, cumulative_hits=1598
05-02-2023 10:01:10.120 +0000 INFO  Metrics - group=pipeline, name=merging, processor=aggregator, cpu_seconds=0.015, executes=1584, cumulative_hits=1584
05-02-2023 10:01:10.120 +0000 INFO  Metrics - group=pipeline, name=merging, processor=readerin, cpu_seconds=0.000, executes=1584, cumulative_hits=1584
05-02-2023 10:01:10.120 +0000 INFO  Metrics - group=pipeline, name=merging, processor=sendout, cpu_seconds=0.004, executes=1527, cumulative_hits=1527
05-02-2023 10:01:10.120 +0000 INFO  Metrics - group=pipeline, name=parsing, processor=header, cpu_seconds=0.000, executes=1546, cumulative_hits=1546
05-02-2023 10:01:10.120 +0000 INFO  Metrics - group=pipeline, name=parsing, processor=linebreaker, cpu_seconds=0.000, executes=228, cumulative_hits=228
05-02-2023 10:01:10.120 +0000 INFO  Metrics - group=pipeline, name=parsing, processor=metrics, cpu_seconds=0.000, executes=1546, cumulative_hits=1546
05-02-2023 10:01:10.120 +0000 INFO  Metrics - group=pipeline, name=parsing, processor=readerin, cpu_seconds=0.000, executes=228, cumulative_hits=228
05-02-2023 10:01:10.120 +0000 INFO  Metrics - group=pipeline, name=parsing, processor=sendout, cpu_seconds=0.000, executes=1584, cumulative_hits=1584
05-02-2023 10:01:10.120 +0000 INFO  Metrics - group=pipeline, name=parsing, processor=utf8, cpu_seconds=0.000, executes=228, cumulative_hits=228
05-02-2023 10:01:10.120 +0000 INFO  Metrics - group=pipeline, name=typing, processor=annotator, cpu_seconds=0.001, executes=1569, cumulative_hits=1569
05-02-2023 10:01:10.120 +0000 INFO  Metrics - group=pipeline, name=typing, processor=metricschema, cpu_seconds=0.000, executes=1569, cumulative_hits=1569
05-02-2023 10:01:10.120 +0000 INFO  Metrics - group=pipeline, name=typing, processor=previewout, cpu_seconds=0.000, executes=1569, cumulative_hits=1569
05-02-2023 10:01:10.120 +0000 INFO  Metrics - group=pipeline, name=typing, processor=readerin, cpu_seconds=0.000, executes=1527, cumulative_hits=1527
05-02-2023 10:01:10.120 +0000 INFO  Metrics - group=pipeline, name=typing, processor=regexreplacement, cpu_seconds=0.000, executes=1527, cumulative_hits=1527, in=32503, out.splunk=27800, out.drop=4703
05-02-2023 10:01:10.120 +0000 INFO  Metrics - group=pipeline, name=typing, processor=sendout, cpu_seconds=0.002, executes=1569, cumulative_hits=1569
05-02-2023 10:01:10.120 +0000 INFO  Metrics - group=pipeline, name=typing, processor=tee, cpu_seconds=0.000, executes=1527, cumulative_hits=1527
05-02-2023 10:01:10.121 +0000 INFO  Metrics - group=tailingprocessor, name=batchreader0, current_queue_size=0, max_queue_size=0, files_queued=0, new_files_queued=0
05-02-2023 10:01:10.121 +0000 INFO  Metrics - group=tailingprocessor, name=tailreader0, current_queue_size=0, max_queue_size=82, files_queued=185, new_files_queued=94, fd_cache_size=8
05-02-2023 10:01:10.121 +0000 INFO  Metrics - group=dutycycle, name=ingest, thread=archivepipe, ratio=0.000
05-02-2023 10:01:10.121 +0000 INFO  Metrics - group=dutycycle, name=ingest, thread=dev-null, ratio=0.000
05-02-2023 10:01:10.121 +0000 INFO  Metrics - group=dutycycle, name=ingest, thread=exec, ratio=0.000
05-02-2023 10:01:10.121 +0000 INFO  Metrics - group=dutycycle, name=ingest, thread=fifo, ratio=0.000
05-02-2023 10:01:10.121 +0000 INFO  Metrics - group=dutycycle, name=ingest, thread=fschangemanager, ratio=0.000
05-02-2023 10:01:10.121 +0000 INFO  Metrics - group=dutycycle, name=ingest, thread=indexerpipe, ratio=0.017
05-02-2023 10:01:10.121 +0000 INFO  Metrics - group=dutycycle, name=ingest, thread=merging, ratio=0.001
05-02-2023 10:01:10.121 +0000 INFO  Metrics - group=dutycycle, name=ingest, thread=parsing, ratio=0.000
05-02-2023 10:01:10.121 +0000 INFO  Metrics - group=dutycycle, name=ingest, thread=rfsoutput, ratio=0.000
05-02-2023 10:01:10.121 +0000 INFO  Metrics - group=dutycycle, name=ingest, thread=ruleset, ratio=0.000
05-02-2023 10:01:10.121 +0000 INFO  Metrics - group=dutycycle, name=ingest, thread=stashparsing, ratio=0.000
05-02-2023 10:01:10.121 +0000 INFO  Metrics - group=dutycycle, name=ingest, thread=tcp, ratio=0.000
05-02-2023 10:01:10.121 +0000 INFO  Metrics - group=dutycycle, name=ingest, thread=typing, ratio=0.000
05-02-2023 10:01:10.121 +0000 INFO  Metrics - group=dutycycle, name=ingest, thread=udp, ratio=0.000
05-02-2023 10:01:10.121 +0000 INFO  Metrics - group=map, name=pipelineinputchannel, current_size=143, inactive_channels=55, new_channels=143, removed_channels=0, reclaimed_channels=0, timedout_channels=0, abandoned_channels=0
05-02-2023 10:01:10.121 +0000 INFO  Metrics - group=per_host_thruput, series="codespaces-1e503f", kbps=136.578, eps=46.282, kb=4627.201, ev=1568, avg_age=3.033, max_age=33
05-02-2023 10:01:10.121 +0000 INFO  Metrics - group=per_index_thruput, series="_audit", kbps=0.133, eps=0.207, kb=4.500, ev=7, avg_age=1.571, max_age=11
05-02-2023 10:01:10.121 +0000 INFO  Metrics - group=per_index_thruput, series="_configtracker", kbps=127.181, eps=5.047, kb=4308.831, ev=171, avg_age=1.450, max_age=3
05-02-2023 10:01:10.121 +0000 INFO  Metrics - group=per_index_thruput, series="_internal", kbps=6.008, eps=38.194, kb=203.541, ev=1294, avg_age=3.403, max_age=33
05-02-2023 10:01:10.121 +0000 INFO  Metrics - group=per_index_thruput, series="_introspection", kbps=2.856, eps=1.800, kb=96.755, ev=61, avg_age=0.770, max_age=3
05-02-2023 10:01:10.121 +0000 INFO  Metrics - group=per_index_thruput, series="_metrics", kbps=0.401, eps=1.033, kb=13.574, ev=35, avg_age=1.286, max_age=3
05-02-2023 10:01:10.121 +0000 INFO  Metrics - group=per_source_thruput, series="/workspaces/splunk_installation/splunk/var/log/introspection/disk_objects.log", kbps=0.126, eps=1.004, kb=4.270, ev=34, avg_age=2.647, max_age=3
05-02-2023 10:01:10.121 +0000 INFO  Metrics - group=per_source_thruput, series="/workspaces/splunk_installation/splunk/var/log/introspection/resource_usage.log", kbps=0.675, eps=1.476, kb=22.879, ev=50, avg_age=0.000, max_age=0
05-02-2023 10:01:10.121 +0000 INFO  Metrics - group=per_source_thruput, series="/workspaces/splunk_installation/splunk/var/log/splunk/configuration_change.log", kbps=127.181, eps=5.047, kb=4308.831, ev=171, avg_age=1.450, max_age=3
05-02-2023 10:01:10.121 +0000 INFO  Metrics - group=per_source_thruput, series="/workspaces/splunk_installation/splunk/var/log/splunk/health.log", kbps=0.102, eps=0.590, kb=3.473, ev=20, avg_age=0.000, max_age=0
05-02-2023 10:01:10.121 +0000 INFO  Metrics - group=per_source_thruput, series="/workspaces/splunk_installation/splunk/var/log/splunk/mongod.log", kbps=0.528, eps=3.542, kb=17.887, ev=120, avg_age=2.283, max_age=4
05-02-2023 10:01:10.121 +0000 INFO  Metrics - group=per_source_thruput, series="/workspaces/splunk_installation/splunk/var/log/splunk/python.log", kbps=0.567, eps=6.316, kb=19.219, ev=214, avg_age=1.154, max_age=15
05-02-2023 10:01:10.121 +0000 INFO  Metrics - group=per_source_thruput, series="/workspaces/splunk_installation/splunk/var/log/splunk/splunkd-utility.log", kbps=0.065, eps=0.531, kb=2.189, ev=18, avg_age=10.889, max_age=13
05-02-2023 10:01:10.121 +0000 INFO  Metrics - group=per_source_thruput, series="/workspaces/splunk_installation/splunk/var/log/splunk/splunkd.log", kbps=3.765, eps=18.123, kb=127.540, ev=614, avg_age=4.932, max_age=12
05-02-2023 10:01:10.121 +0000 INFO  Metrics - group=per_source_thruput, series="/workspaces/splunk_installation/splunk/var/log/splunk/splunkd_access.log", kbps=0.200, eps=1.535, kb=6.782, ev=52, avg_age=0.885, max_age=3
05-02-2023 10:01:10.121 +0000 INFO  Metrics - group=per_source_thruput, series="/workspaces/splunk_installation/splunk/var/log/splunk/web_service.log", kbps=0.699, eps=6.435, kb=23.668, ev=218, avg_age=1.917, max_age=2
05-02-2023 10:01:10.121 +0000 INFO  Metrics - group=per_sourcetype_thruput, series="mongod", kbps=0.528, eps=3.542, kb=17.887, ev=120, avg_age=2.283, max_age=4
05-02-2023 10:01:10.121 +0000 INFO  Metrics - group=per_sourcetype_thruput, series="splunk_configuration_change", kbps=127.181, eps=5.047, kb=4308.831, ev=171, avg_age=1.450, max_age=3
05-02-2023 10:01:10.121 +0000 INFO  Metrics - group=per_sourcetype_thruput, series="splunk_disk_objects", kbps=0.063, eps=0.502, kb=2.135, ev=17, avg_age=2.647, max_age=3
05-02-2023 10:01:10.121 +0000 INFO  Metrics - group=per_sourcetype_thruput, series="splunk_intro_disk_objects", kbps=0.063, eps=0.502, kb=2.135, ev=17, avg_age=2.647, max_age=3
05-02-2023 10:01:10.121 +0000 INFO  Metrics - group=per_sourcetype_thruput, series="splunk_intro_resource_usage", kbps=0.338, eps=0.738, kb=11.439, ev=25, avg_age=0.000, max_age=0
05-02-2023 10:01:10.121 +0000 INFO  Metrics - group=per_sourcetype_thruput, series="splunk_python", kbps=0.567, eps=6.316, kb=19.219, ev=214, avg_age=1.154, max_age=15
05-02-2023 10:01:10.121 +0000 INFO  Metrics - group=per_sourcetype_thruput, series="splunk_resource_usage", kbps=0.338, eps=0.738, kb=11.439, ev=25, avg_age=0.000, max_age=0
05-02-2023 10:01:10.121 +0000 INFO  Metrics - group=per_sourcetype_thruput, series="splunk_web_service", kbps=0.699, eps=6.435, kb=23.668, ev=218, avg_age=1.917, max_age=2
05-02-2023 10:01:10.121 +0000 INFO  Metrics - group=per_sourcetype_thruput, series="splunkd", kbps=3.939, eps=19.363, kb=133.449, ev=656, avg_age=4.927, max_age=13
05-02-2023 10:01:10.121 +0000 INFO  Metrics - group=per_sourcetype_thruput, series="splunkd_access", kbps=0.200, eps=1.535, kb=6.782, ev=52, avg_age=0.885, max_age=3
05-02-2023 10:01:10.121 +0000 INFO  Metrics - group=queue, name=aeq, max_size_kb=500, current_size_kb=0, current_size=0, largest_size=0, smallest_size=0
05-02-2023 10:01:10.121 +0000 INFO  Metrics - group=queue, name=aq, max_size_kb=10240, current_size_kb=0, current_size=0, largest_size=0, smallest_size=0
05-02-2023 10:01:10.121 +0000 INFO  Metrics - group=queue, name=udp_queue, max_size_kb=0, current_size_kb=0, current_size=0, largest_size=0, smallest_size=0
05-02-2023 10:01:10.121 +0000 INFO  Metrics - group=queue, name=aggqueue, max_size_kb=1024, current_size_kb=0, current_size=0, largest_size=575, smallest_size=0
05-02-2023 10:01:10.121 +0000 INFO  Metrics - group=queue, name=auditqueue, max_size_kb=500, current_size_kb=0, current_size=0, largest_size=1, smallest_size=0
05-02-2023 10:01:10.121 +0000 INFO  Metrics - group=queue, name=execprocessorinternalq, max_size_kb=500, current_size_kb=0, current_size=0, largest_size=0, smallest_size=0
05-02-2023 10:01:10.121 +0000 INFO  Metrics - group=queue, name=fifointernalq, max_size_kb=0, current_size_kb=0, current_size=0, largest_size=0, smallest_size=0
05-02-2023 10:01:10.121 +0000 INFO  Metrics - group=queue, name=fschangemanager_queue, max_size_kb=5120, current_size_kb=0, current_size=0, largest_size=0, smallest_size=0
05-02-2023 10:01:10.121 +0000 INFO  Metrics - group=queue, name=httpinputq, max_size_kb=0, current_size_kb=0, current_size=0, largest_size=0, smallest_size=0
05-02-2023 10:01:10.121 +0000 INFO  Metrics - group=queue, name=indexqueue, max_size_kb=500, current_size_kb=0, current_size=0, largest_size=574, smallest_size=0
05-02-2023 10:01:10.121 +0000 INFO  Metrics - group=queue, name=nullqueue, max_size_kb=500, current_size_kb=0, current_size=0, largest_size=1, smallest_size=0
05-02-2023 10:01:10.121 +0000 INFO  Metrics - group=queue, name=parsingqueue, max_size_kb=6144, current_size_kb=0, current_size=0, largest_size=45, smallest_size=0
05-02-2023 10:01:10.121 +0000 INFO  Metrics - group=queue, name=rfsqueue, max_size_kb=10240, current_size_kb=0, current_size=0, largest_size=0, smallest_size=0
05-02-2023 10:01:10.121 +0000 INFO  Metrics - group=queue, name=rulesetqueue, max_size_kb=500, current_size_kb=0, current_size=0, largest_size=0, smallest_size=0
05-02-2023 10:01:10.121 +0000 INFO  Metrics - group=queue, name=splunktcpin, max_size_kb=0, current_size_kb=0, current_size=0, largest_size=0, smallest_size=0
05-02-2023 10:01:10.121 +0000 INFO  Metrics - group=queue, name=stashparsing, max_size_kb=500, current_size_kb=0, current_size=0, largest_size=0, smallest_size=0
05-02-2023 10:01:10.121 +0000 INFO  Metrics - group=queue, name=tcpin_queue, max_size_kb=500, current_size_kb=0, current_size=0, largest_size=0, smallest_size=0
05-02-2023 10:01:10.121 +0000 INFO  Metrics - group=queue, name=typingqueue, max_size_kb=500, current_size_kb=0, current_size=0, largest_size=574, smallest_size=0
05-02-2023 10:01:10.121 +0000 INFO  Metrics - group=thruput, name=index_thruput, instantaneous_kbps=136.388, instantaneous_eps=43.580, average_kbps=136.374, total_k_processed=4619.000, kb=4619.346, ev=1476
05-02-2023 10:01:10.121 +0000 INFO  Metrics - group=thruput, name=syslog_output, instantaneous_kbps=0.000, instantaneous_eps=0.000, average_kbps=0.000, total_k_processed=0.000, kb=0.000, ev=0
05-02-2023 10:01:10.121 +0000 INFO  Metrics - group=thruput, name=thruput, instantaneous_kbps=136.356, instantaneous_eps=46.134, average_kbps=136.334, total_k_processed=4619.000, kb=4619.698, ev=1563, load_average=1.260
05-02-2023 10:01:41.119 +0000 INFO  Metrics - group=mpool, max_used_interval=126331, max_used=4244094, avg_rsv=2073, capacity=268435456, used=0, rep_used=0
05-02-2023 10:01:41.119 +0000 INFO  Metrics - group=searchscheduler, eligible=31, delayed=0, dispatched=0, skipped=0, skipped_dma_ra=0, total_lag=0, max_lag=0, window_max_lag=0, window_total_lag=0, scheduler_cycle_max=0.001, scheduler_cycle_total=0.013, scheduler_cycles=31, load_search_cycle_max=0.000, load_search_cycle_total=0.000, schedule_search_cycle_max=0.000, schedule_search_cycle_total=0.005, load_saved_searches=0.000, load_auto_summarized=0.000, load_dma=0.000, load_deferred_calculation=0.000, load_priority_calculation=0.000, load_cycles=0, disp_get_next_runtime=0.000, disp_determine_can_run=0.000, disp_window_lag_calc=0.000, disp_auto_summary_updates=0.000, disp_advance_next_runtime=0.004, disp_update_logging=0.000, disp_dispatch_job=0.000, max_running=0, actions_triggered=0, completed=0, total_runtime=0.000, max_runtime=0.000, alert_cycle_max=0.000, alert_cycle_total=0.000, alert_cycles=3
05-02-2023 10:01:41.119 +0000 INFO  Metrics - group=bucket_metrics, current_hot=9, current_hot_replicas=0, current_total=9, created=2, created_replicas=0, rolled=0, frozen=0, total_removed=0
05-02-2023 10:01:41.119 +0000 INFO  Metrics - group=cachemgr_bucket, open_buckets=0
05-02-2023 10:01:41.119 +0000 INFO  Metrics - group=conf, action=acquire_mutex, count=21, wallclock_ms_total=0, wallclock_ms_max=0, cpu_total=0.000, cpu_max=0.000
05-02-2023 10:01:41.119 +0000 INFO  Metrics - group=deploy-connections, nCurrent=2
05-02-2023 10:01:41.119 +0000 INFO  Metrics - group=deploy-server, name=app_downloads, nStarted=0, nCompleted=0, volumeCompletedKB=0.000
05-02-2023 10:01:41.119 +0000 INFO  Metrics - group=deploy-server, name=clients, nNew=0, nTotal=0
05-02-2023 10:01:41.119 +0000 INFO  Metrics - group=deploy-server, name=clients, app_event_reports, nDownloadFail=0, nInstallOk=0, nInstallFail=0, nUninstallOk=0, nUninstallFail=0
05-02-2023 10:01:41.119 +0000 INFO  Metrics - group=deploy-server, name=clients, phonehome, nReceived=0
05-02-2023 10:01:41.119 +0000 INFO  Metrics - group=dutycycle, name=management, thread=cachemanagerusagemetrics, ratio=0.000
05-02-2023 10:01:41.119 +0000 INFO  Metrics - group=dutycycle, name=management, thread=callbackrunnerthread, ratio=0.000
05-02-2023 10:01:41.119 +0000 INFO  Metrics - group=dutycycle, name=management, thread=collectioncachebookkeepingthread, ratio=0.000
05-02-2023 10:01:41.119 +0000 INFO  Metrics - group=dutycycle, name=management, thread=diagdownloadthread, ratio=0.000
05-02-2023 10:01:41.119 +0000 INFO  Metrics - group=dutycycle, name=management, thread=dispatchlogthread, ratio=0.000
05-02-2023 10:01:41.119 +0000 INFO  Metrics - group=dutycycle, name=management, thread=dispatchreaper, ratio=0.000
05-02-2023 10:01:41.119 +0000 INFO  Metrics - group=dutycycle, name=management, thread=distributedpeermonitorthread, ratio=0.000
05-02-2023 10:01:41.119 +0000 INFO  Metrics - group=dutycycle, name=management, thread=distributedrestcallereventloopthread, ratio=0.000
05-02-2023 10:01:41.119 +0000 INFO  Metrics - group=dutycycle, name=management, thread=execprocessor, ratio=0.001
05-02-2023 10:01:41.119 +0000 INFO  Metrics - group=dutycycle, name=management, thread=fsupdaterthread, ratio=0.000
05-02-2023 10:01:41.119 +0000 INFO  Metrics - group=dutycycle, name=management, thread=federatedheartbeat, ratio=0.000
05-02-2023 10:01:41.119 +0000 INFO  Metrics - group=dutycycle, name=management, thread=fwddatareceiverthread, ratio=0.000
05-02-2023 10:01:41.119 +0000 INFO  Metrics - group=dutycycle, name=management, thread=httpdispatch, ratio=0.000
05-02-2023 10:01:41.119 +0000 INFO  Metrics - group=dutycycle, name=management, thread=httpdedicatediothread-0, ratio=0.000
05-02-2023 10:01:41.119 +0000 INFO  Metrics - group=dutycycle, name=management, thread=httpdedicatediothread-1, ratio=0.000
05-02-2023 10:01:41.119 +0000 INFO  Metrics - group=dutycycle, name=management, thread=httpdedicatediothread-2, ratio=0.000
05-02-2023 10:01:41.119 +0000 INFO  Metrics - group=dutycycle, name=management, thread=httpdedicatediothread-3, ratio=0.000
05-02-2023 10:01:41.119 +0000 INFO  Metrics - group=dutycycle, name=management, thread=httpdedicatediothread-4, ratio=0.000
05-02-2023 10:01:41.119 +0000 INFO  Metrics - group=dutycycle, name=management, thread=httpdedicatediothread-5, ratio=0.000
05-02-2023 10:01:41.119 +0000 INFO  Metrics - group=dutycycle, name=management, thread=httpdedicatediothread-6, ratio=0.000
05-02-2023 10:01:41.120 +0000 INFO  Metrics - group=dutycycle, name=management, thread=httpdedicatediothread-7, ratio=0.000
05-02-2023 10:01:41.120 +0000 INFO  Metrics - group=dutycycle, name=management, thread=httpinputqueuethread, ratio=0.000
05-02-2023 10:01:41.120 +0000 INFO  Metrics - group=dutycycle, name=management, thread=httpinputservermanagementthread, ratio=0.000
05-02-2023 10:01:41.120 +0000 INFO  Metrics - group=dutycycle, name=management, thread=idatado_collector, ratio=0.000
05-02-2023 10:01:41.120 +0000 INFO  Metrics - group=dutycycle, name=management, thread=indexerservice, ratio=0.000
05-02-2023 10:01:41.120 +0000 INFO  Metrics - group=dutycycle, name=management, thread=indexertpoolworker-0, ratio=0.002
05-02-2023 10:01:41.120 +0000 INFO  Metrics - group=dutycycle, name=management, thread=indexertpoolworker-1, ratio=0.002
05-02-2023 10:01:41.120 +0000 INFO  Metrics - group=dutycycle, name=management, thread=kvstorebackupthread, ratio=0.000
05-02-2023 10:01:41.120 +0000 INFO  Metrics - group=dutycycle, name=management, thread=kvstoreconfigurationthread, ratio=0.000
05-02-2023 10:01:41.120 +0000 INFO  Metrics - group=dutycycle, name=management, thread=lazyglobalmanifestcheck, ratio=1.000
05-02-2023 10:01:41.120 +0000 INFO  Metrics - group=dutycycle, name=management, thread=maintailingthread, ratio=0.000
05-02-2023 10:01:41.120 +0000 INFO  Metrics - group=dutycycle, name=management, thread=mongodlogthread, ratio=0.000
05-02-2023 10:01:41.120 +0000 INFO  Metrics - group=dutycycle, name=management, thread=preforkedsearchesmanager-0, ratio=0.000
05-02-2023 10:01:41.120 +0000 INFO  Metrics - group=dutycycle, name=management, thread=queueservicethread, ratio=0.000
05-02-2023 10:01:41.120 +0000 INFO  Metrics - group=dutycycle, name=management, thread=recreateindexesthread, ratio=0.000
05-02-2023 10:01:41.120 +0000 INFO  Metrics - group=dutycycle, name=management, thread=savependinguploadstodiskthread, ratio=0.000
05-02-2023 10:01:41.120 +0000 INFO  Metrics - group=dutycycle, name=management, thread=savedsearchfetcher, ratio=0.004
05-02-2023 10:01:41.120 +0000 INFO  Metrics - group=dutycycle, name=management, thread=schedulerthread, ratio=0.002
05-02-2023 10:01:41.120 +0000 INFO  Metrics - group=dutycycle, name=management, thread=searchprocessreaper, ratio=0.000
05-02-2023 10:01:41.120 +0000 INFO  Metrics - group=dutycycle, name=management, thread=shutdown, ratio=0.000
05-02-2023 10:01:41.120 +0000 INFO  Metrics - group=dutycycle, name=management, thread=splunkconfigchangewatcherthread, ratio=0.002
05-02-2023 10:01:41.120 +0000 INFO  Metrics - group=dutycycle, name=management, thread=tcpchannelthread, ratio=0.001, ratio=0.002, ratio=0.000, ratio=0.001, ratio=0.001, ratio=0.000, ratio=0.000, ratio=0.001
05-02-2023 10:01:41.120 +0000 INFO  Metrics - group=dutycycle, name=management, thread=tcplistener, ratio=0.000
05-02-2023 10:01:41.120 +0000 INFO  Metrics - group=dutycycle, name=management, thread=tcpouteloop, ratio=0.000, ratio=0.000
05-02-2023 10:01:41.120 +0000 INFO  Metrics - group=dutycycle, name=management, thread=tcppqreaderthread, ratio=0.000
05-02-2023 10:01:41.120 +0000 INFO  Metrics - group=dutycycle, name=management, thread=telemetrymetricbuffer, ratio=0.000
05-02-2023 10:01:41.120 +0000 INFO  Metrics - group=dutycycle, name=management, thread=udpinputprocessor, ratio=0.000
05-02-2023 10:01:41.120 +0000 INFO  Metrics - group=dutycycle, name=management, thread=archivereader, ratio=0.000
05-02-2023 10:01:41.120 +0000 INFO  Metrics - group=dutycycle, name=management, thread=batchreader0, ratio=0.000
05-02-2023 10:01:41.120 +0000 INFO  Metrics - group=dutycycle, name=management, thread=fifo, ratio=0.000
05-02-2023 10:01:41.120 +0000 INFO  Metrics - group=dutycycle, name=management, thread=idle_http_client, ratio=0.000
05-02-2023 10:01:41.120 +0000 INFO  Metrics - group=dutycycle, name=management, thread=journal-compress, ratio=0.000
05-02-2023 10:01:41.120 +0000 INFO  Metrics - group=dutycycle, name=management, thread=tailreader0, ratio=0.004
05-02-2023 10:01:41.120 +0000 INFO  Metrics - group=dutycycle, name=management, thread=webui, ratio=0.000
05-02-2023 10:01:41.120 +0000 INFO  Metrics - group=executor, name=alertnotifierexecutor, jobs_added=0, jobs_finished=0, current_size=0, smallest_size=0, largest_size=0, max_size=500
05-02-2023 10:01:41.120 +0000 INFO  Metrics - group=executor, name=filesystemopexecutor, jobs_added=0, jobs_finished=0, current_size=0, smallest_size=0, largest_size=0, max_size=0
05-02-2023 10:01:41.120 +0000 INFO  Metrics - group=executor, name=cachemgr_del, jobs_added=0, jobs_finished=0, current_size=0, smallest_size=0, largest_size=0, max_size=0
05-02-2023 10:01:41.120 +0000 INFO  Metrics - group=executor, name=cachemgr_down, jobs_added=0, jobs_finished=0, current_size=0, smallest_size=0, largest_size=0, max_size=0
05-02-2023 10:01:41.120 +0000 INFO  Metrics - group=executor, name=cachemgr_post_upload_job, jobs_added=0, jobs_finished=0, current_size=0, smallest_size=0, largest_size=0, max_size=0
05-02-2023 10:01:41.120 +0000 INFO  Metrics - group=executor, name=cachemgr_up, jobs_added=0, jobs_finished=0, current_size=0, smallest_size=0, largest_size=0, max_size=0
05-02-2023 10:01:41.120 +0000 INFO  Metrics - group=kvstore_connections, name=individual, created=4, released=4, failed=0, active=0
05-02-2023 10:01:41.120 +0000 INFO  Metrics - group=kvstore_connections, name=local_pool, created=41, released=41, failed=0, active=0
05-02-2023 10:01:41.120 +0000 INFO  Metrics - group=kvstore_connections, name=replset_pool, created=111, released=112, failed=0, active=0
05-02-2023 10:01:41.120 +0000 INFO  Metrics - group=pipelineset, name=load_metrics, ingest_pipe=0, busiest_thread_name=indexerPipe, dutycycle_ratio=0.008, share=1.000, requests_last_period=11
05-02-2023 10:01:41.120 +0000 INFO  Metrics - group=realtime_search_data, system total, drop_count=0
05-02-2023 10:01:41.120 +0000 INFO  Metrics - group=regex_cache, hits=251, misses=1, discarded_new=0, discarded_old=0, num_evictions=0
05-02-2023 10:01:41.120 +0000 INFO  Metrics - group=search_concurrency, system total, active_hist_searches=0, active_realtime_searches=0
05-02-2023 10:01:41.120 +0000 INFO  Metrics - group=search_concurrency, name=search_queue_metrics, enqueue_seaches_count=0, avg_time_spent_in_queue=0.000, max_time_spent_in_queue=0, current_queue_size=0, largest_queue_size=0, min_queue_size=0
05-02-2023 10:01:41.120 +0000 INFO  Metrics - group=search_health_metrics, name=compute_search_quota, compute_search_quota_max_ms=2, compute_search_quota_mean_ms=1
05-02-2023 10:01:41.120 +0000 INFO  Metrics - group=search_pool, name=launcher_0, active=0, idle=0, processes_created=0, processes_reused_same_user=0, processes_reused_different_user=0, processes_reaped_with_old_config=1, processes_reaped_with_old_bundle=0, processes_reaped_ran_too_many_searches=0, processes_reaped_ran_too_long=0, processes_reaped_accumulated_time=0, processes_reaped_after_control=0, processes_reaped_surplus=0, dutycycle_launching=0.000, dutycycle_reaping=0.000, dutycycle_control=0.000, periodic_reaper_wakeups=1
05-02-2023 10:01:41.120 +0000 INFO  Metrics - group=spacemgr, reserved_bytes=5368709120, free_bytes=0
05-02-2023 10:01:41.120 +0000 INFO  Metrics - group=subtask_seconds, name=indexer, task=indexer_service, replicate_semislice=0.000, throttle_optimize=0.000, flushBlockSig=0.000, retryMove_1hotBkt=0.000, size_hotBkt=0.000, roll_hotBkt=0.000, chillOrFreeze=0.001, update_checksums=0.000, fork_recovermetadata=0.000, rebuild_metadata=0.000, update_bktManifest=0.000, service_volumes=0.000, service_maxSizes=0.000, service_externProc=0.000
05-02-2023 10:01:41.120 +0000 INFO  Metrics - group=tpool, name=bundlereplthreadpool, qsize=0, workers=0, qwork_units=0
05-02-2023 10:01:41.120 +0000 INFO  Metrics - group=tpool, name=indexertpool, qsize=0, workers=2, qwork_units=0
05-02-2023 10:01:41.120 +0000 INFO  Metrics - group=dutycycle, name=misc, mgmt_httpd=0.000, reaper=0.000, savedsplunker=0.002, tail=0.000, udpin=0.000
05-02-2023 10:01:41.120 +0000 INFO  Metrics - group=pipeline, name=dev-null, processor=nullqueue, cpu_seconds=0.000, executes=3, cumulative_hits=9
05-02-2023 10:01:41.120 +0000 INFO  Metrics - group=pipeline, name=indexerpipe, processor=destination-key-processor, cpu_seconds=0.000, executes=1193, cumulative_hits=2791
05-02-2023 10:01:41.120 +0000 INFO  Metrics - group=pipeline, name=indexerpipe, processor=indexin, cpu_seconds=0.002, executes=1196, cumulative_hits=2796
05-02-2023 10:01:41.120 +0000 INFO  Metrics - group=pipeline, name=indexerpipe, processor=index_thruput, cpu_seconds=0.001, executes=1193, cumulative_hits=2791
05-02-2023 10:01:41.120 +0000 INFO  Metrics - group=pipeline, name=indexerpipe, processor=indexandforward, cpu_seconds=0.001, executes=1193, cumulative_hits=2791
05-02-2023 10:01:41.120 +0000 INFO  Metrics - group=pipeline, name=indexerpipe, processor=indexer, cpu_seconds=0.071, executes=1193, cumulative_hits=2791, write_cpu_seconds=0.071, service_cpu_seconds=0.000, hot_bkts_rolled=0, rtsearch_filter_seconds=0.000
05-02-2023 10:01:41.120 +0000 INFO  Metrics - group=pipeline, name=indexerpipe, processor=latencytracker, cpu_seconds=0.002, executes=1196, cumulative_hits=2796
05-02-2023 10:01:41.120 +0000 INFO  Metrics - group=pipeline, name=indexerpipe, processor=s2soverhttpoutput, cpu_seconds=0.000, executes=1193, cumulative_hits=2791
05-02-2023 10:01:41.120 +0000 INFO  Metrics - group=pipeline, name=indexerpipe, processor=syslog-output-generic-processor, cpu_seconds=0.001, executes=1193, cumulative_hits=2791
05-02-2023 10:01:41.120 +0000 INFO  Metrics - group=pipeline, name=indexerpipe, processor=tcp-output-generic-processor, cpu_seconds=0.001, executes=1193, cumulative_hits=2791
05-02-2023 10:01:41.121 +0000 INFO  Metrics - group=pipeline, name=merging, processor=aggregator, cpu_seconds=0.002, executes=956, cumulative_hits=2541
05-02-2023 10:01:41.121 +0000 INFO  Metrics - group=pipeline, name=merging, processor=readerin, cpu_seconds=0.000, executes=956, cumulative_hits=2540
05-02-2023 10:01:41.121 +0000 INFO  Metrics - group=pipeline, name=merging, processor=sendout, cpu_seconds=0.003, executes=939, cumulative_hits=2466
05-02-2023 10:01:41.121 +0000 INFO  Metrics - group=pipeline, name=parsing, processor=header, cpu_seconds=0.000, executes=981, cumulative_hits=2527
05-02-2023 10:01:41.121 +0000 INFO  Metrics - group=pipeline, name=parsing, processor=linebreaker, cpu_seconds=0.000, executes=136, cumulative_hits=364
05-02-2023 10:01:41.121 +0000 INFO  Metrics - group=pipeline, name=parsing, processor=metrics, cpu_seconds=0.000, executes=981, cumulative_hits=2527
05-02-2023 10:01:41.121 +0000 INFO  Metrics - group=pipeline, name=parsing, processor=readerin, cpu_seconds=0.000, executes=136, cumulative_hits=364
05-02-2023 10:01:41.121 +0000 INFO  Metrics - group=pipeline, name=parsing, processor=sendout, cpu_seconds=0.000, executes=994, cumulative_hits=2578
05-02-2023 10:01:41.121 +0000 INFO  Metrics - group=pipeline, name=parsing, processor=utf8, cpu_seconds=0.000, executes=136, cumulative_hits=364
05-02-2023 10:01:41.121 +0000 INFO  Metrics - group=pipeline, name=typing, processor=annotator, cpu_seconds=0.000, executes=1168, cumulative_hits=2737
05-02-2023 10:01:41.121 +0000 INFO  Metrics - group=pipeline, name=typing, processor=metricschema, cpu_seconds=0.000, executes=1168, cumulative_hits=2737
05-02-2023 10:01:41.121 +0000 INFO  Metrics - group=pipeline, name=typing, processor=previewout, cpu_seconds=0.000, executes=1168, cumulative_hits=2737
05-02-2023 10:01:41.121 +0000 INFO  Metrics - group=pipeline, name=typing, processor=readerin, cpu_seconds=0.000, executes=912, cumulative_hits=2439
05-02-2023 10:01:41.121 +0000 INFO  Metrics - group=pipeline, name=typing, processor=regexreplacement, cpu_seconds=0.003, executes=911, cumulative_hits=2438, in=121509, out.splunk=117374, out.drop=4135
05-02-2023 10:01:41.121 +0000 INFO  Metrics - group=pipeline, name=typing, processor=sendout, cpu_seconds=0.002, executes=1168, cumulative_hits=2737
05-02-2023 10:01:41.121 +0000 INFO  Metrics - group=pipeline, name=typing, processor=tee, cpu_seconds=0.000, executes=912, cumulative_hits=2439
05-02-2023 10:01:41.121 +0000 INFO  Metrics - group=tailingprocessor, name=batchreader0, current_queue_size=0, max_queue_size=0, files_queued=0, new_files_queued=0
05-02-2023 10:01:41.121 +0000 INFO  Metrics - group=tailingprocessor, name=tailreader0, current_queue_size=0, max_queue_size=3, files_queued=69, new_files_queued=1, fd_cache_size=6
05-02-2023 10:01:41.121 +0000 INFO  Metrics - group=dutycycle, name=ingest, thread=archivepipe, ratio=0.000
05-02-2023 10:01:41.121 +0000 INFO  Metrics - group=dutycycle, name=ingest, thread=dev-null, ratio=0.000
05-02-2023 10:01:41.121 +0000 INFO  Metrics - group=dutycycle, name=ingest, thread=exec, ratio=0.000
05-02-2023 10:01:41.121 +0000 INFO  Metrics - group=dutycycle, name=ingest, thread=fifo, ratio=0.000
05-02-2023 10:01:41.121 +0000 INFO  Metrics - group=dutycycle, name=ingest, thread=fschangemanager, ratio=0.000
05-02-2023 10:01:41.121 +0000 INFO  Metrics - group=dutycycle, name=ingest, thread=indexerpipe, ratio=0.007
05-02-2023 10:01:41.121 +0000 INFO  Metrics - group=dutycycle, name=ingest, thread=merging, ratio=0.000
05-02-2023 10:01:41.121 +0000 INFO  Metrics - group=dutycycle, name=ingest, thread=parsing, ratio=0.000
05-02-2023 10:01:41.121 +0000 INFO  Metrics - group=dutycycle, name=ingest, thread=rfsoutput, ratio=0.000
05-02-2023 10:01:41.121 +0000 INFO  Metrics - group=dutycycle, name=ingest, thread=ruleset, ratio=0.000
05-02-2023 10:01:41.121 +0000 INFO  Metrics - group=dutycycle, name=ingest, thread=stashparsing, ratio=0.000
05-02-2023 10:01:41.121 +0000 INFO  Metrics - group=dutycycle, name=ingest, thread=tcp, ratio=0.000
05-02-2023 10:01:41.121 +0000 INFO  Metrics - group=dutycycle, name=ingest, thread=typing, ratio=0.000
05-02-2023 10:01:41.121 +0000 INFO  Metrics - group=dutycycle, name=ingest, thread=udp, ratio=0.000
05-02-2023 10:01:41.121 +0000 INFO  Metrics - group=map, name=pipelineinputchannel, current_size=164, inactive_channels=76, new_channels=21, removed_channels=0, reclaimed_channels=0, timedout_channels=0, abandoned_channels=0
05-02-2023 10:01:41.121 +0000 INFO  Metrics - group=per_host_thruput, series="codespaces-1e503f", kbps=9.496, eps=37.516, kb=294.362, ev=1163, avg_age=0.711, max_age=3
05-02-2023 10:01:41.121 +0000 INFO  Metrics - group=per_index_thruput, series="_audit", kbps=0.119, eps=0.065, kb=3.684, ev=2, avg_age=0.000, max_age=0
05-02-2023 10:01:41.121 +0000 INFO  Metrics - group=per_index_thruput, series="_configtracker", kbps=0.030, eps=0.097, kb=0.944, ev=3, avg_age=1.000, max_age=3
05-02-2023 10:01:41.121 +0000 INFO  Metrics - group=per_index_thruput, series="_internal", kbps=4.684, eps=26.613, kb=145.189, ev=825, avg_age=0.941, max_age=3
05-02-2023 10:01:41.121 +0000 INFO  Metrics - group=per_index_thruput, series="_introspection", kbps=2.814, eps=2.774, kb=87.233, ev=86, avg_age=0.279, max_age=3
05-02-2023 10:01:41.121 +0000 INFO  Metrics - group=per_index_thruput, series="_metrics", kbps=1.849, eps=7.968, kb=57.312, ev=247, avg_age=0.097, max_age=3
05-02-2023 10:01:41.121 +0000 INFO  Metrics - group=per_source_thruput, series="/workspaces/splunk_installation/splunk/var/log/introspection/kvstore.log", kbps=1.857, eps=0.194, kb=57.563, ev=6, avg_age=0.000, max_age=0
05-02-2023 10:01:41.121 +0000 INFO  Metrics - group=per_source_thruput, series="/workspaces/splunk_installation/splunk/var/log/introspection/resource_usage.log", kbps=1.914, eps=4.645, kb=59.340, ev=144, avg_age=0.333, max_age=3
05-02-2023 10:01:41.121 +0000 INFO  Metrics - group=per_source_thruput, series="/workspaces/splunk_installation/splunk/var/log/splunk/configuration_change.log", kbps=0.030, eps=0.097, kb=0.944, ev=3, avg_age=1.000, max_age=3
05-02-2023 10:01:41.121 +0000 INFO  Metrics - group=per_source_thruput, series="/workspaces/splunk_installation/splunk/var/log/splunk/health.log", kbps=0.112, eps=0.645, kb=3.473, ev=20, avg_age=0.000, max_age=0
05-02-2023 10:01:41.121 +0000 INFO  Metrics - group=per_source_thruput, series="/workspaces/splunk_installation/splunk/var/log/splunk/metrics.log", kbps=1.778, eps=11.839, kb=55.132, ev=367, avg_age=0.000, max_age=0
05-02-2023 10:01:41.121 +0000 INFO  Metrics - group=per_source_thruput, series="/workspaces/splunk_installation/splunk/var/log/splunk/mongod.log", kbps=2.523, eps=15.226, kb=78.199, ev=472, avg_age=1.231, max_age=3
05-02-2023 10:01:41.121 +0000 INFO  Metrics - group=per_source_thruput, series="/workspaces/splunk_installation/splunk/var/log/splunk/search_messages.log", kbps=0.011, eps=0.097, kb=0.349, ev=3, avg_age=0.000, max_age=0
05-02-2023 10:01:41.121 +0000 INFO  Metrics - group=per_source_thruput, series="/workspaces/splunk_installation/splunk/var/log/splunk/splunkd.log", kbps=0.799, eps=2.387, kb=24.770, ev=74, avg_age=1.108, max_age=3
05-02-2023 10:01:41.121 +0000 INFO  Metrics - group=per_source_thruput, series="/workspaces/splunk_installation/splunk/var/log/splunk/splunkd_access.log", kbps=0.337, eps=2.065, kb=10.441, ev=64, avg_age=1.766, max_age=3
05-02-2023 10:01:41.121 +0000 INFO  Metrics - group=per_source_thruput, series="/workspaces/splunk_installation/splunk/var/log/watchdog/watchdog.log", kbps=0.015, eps=0.161, kb=0.468, ev=5, avg_age=0.000, max_age=0
05-02-2023 10:01:41.121 +0000 INFO  Metrics - group=per_sourcetype_thruput, series="audittrail", kbps=0.119, eps=0.065, kb=3.684, ev=2, avg_age=0.000, max_age=0
05-02-2023 10:01:41.121 +0000 INFO  Metrics - group=per_sourcetype_thruput, series="kvstore", kbps=1.857, eps=0.194, kb=57.563, ev=6, avg_age=0.000, max_age=0
05-02-2023 10:01:41.121 +0000 INFO  Metrics - group=per_sourcetype_thruput, series="mongod", kbps=2.523, eps=15.226, kb=78.199, ev=472, avg_age=1.231, max_age=3
05-02-2023 10:01:41.121 +0000 INFO  Metrics - group=per_sourcetype_thruput, series="splunk_configuration_change", kbps=0.030, eps=0.097, kb=0.944, ev=3, avg_age=1.000, max_age=3
05-02-2023 10:01:41.122 +0000 INFO  Metrics - group=per_sourcetype_thruput, series="splunk_intro_resource_usage", kbps=0.957, eps=2.323, kb=29.670, ev=72, avg_age=0.333, max_age=3
05-02-2023 10:01:41.122 +0000 INFO  Metrics - group=per_sourcetype_thruput, series="splunk_metrics_log", kbps=0.892, eps=5.935, kb=27.642, ev=184, avg_age=0.000, max_age=0
05-02-2023 10:01:41.122 +0000 INFO  Metrics - group=per_sourcetype_thruput, series="splunk_resource_usage", kbps=0.957, eps=2.323, kb=29.670, ev=72, avg_age=0.333, max_age=3
05-02-2023 10:01:41.122 +0000 INFO  Metrics - group=per_sourcetype_thruput, series="splunk_search_messages", kbps=0.011, eps=0.097, kb=0.349, ev=3, avg_age=0.000, max_age=0
05-02-2023 10:01:41.122 +0000 INFO  Metrics - group=per_sourcetype_thruput, series="splunkd", kbps=1.813, eps=9.097, kb=56.200, ev=282, avg_age=0.291, max_age=3
05-02-2023 10:01:41.122 +0000 INFO  Metrics - group=per_sourcetype_thruput, series="splunkd_access", kbps=0.337, eps=2.065, kb=10.441, ev=64, avg_age=1.766, max_age=3
05-02-2023 10:01:41.122 +0000 INFO  Metrics - group=queue, name=aeq, max_size_kb=500, current_size_kb=0, current_size=0, largest_size=0, smallest_size=0
05-02-2023 10:01:41.122 +0000 INFO  Metrics - group=queue, name=aq, max_size_kb=10240, current_size_kb=0, current_size=0, largest_size=0, smallest_size=0
05-02-2023 10:01:41.122 +0000 INFO  Metrics - group=queue, name=udp_queue, max_size_kb=0, current_size_kb=0, current_size=0, largest_size=0, smallest_size=0
05-02-2023 10:01:41.122 +0000 INFO  Metrics - group=queue, name=aggqueue, max_size_kb=1024, current_size_kb=0, current_size=0, largest_size=163, smallest_size=0
05-02-2023 10:01:41.122 +0000 INFO  Metrics - group=queue, name=auditqueue, max_size_kb=500, current_size_kb=0, current_size=0, largest_size=1, smallest_size=0
05-02-2023 10:01:41.122 +0000 INFO  Metrics - group=queue, name=execprocessorinternalq, max_size_kb=500, current_size_kb=0, current_size=0, largest_size=0, smallest_size=0
05-02-2023 10:01:41.122 +0000 INFO  Metrics - group=queue, name=fifointernalq, max_size_kb=0, current_size_kb=0, current_size=0, largest_size=0, smallest_size=0
05-02-2023 10:01:41.122 +0000 INFO  Metrics - group=queue, name=fschangemanager_queue, max_size_kb=5120, current_size_kb=0, current_size=0, largest_size=0, smallest_size=0
05-02-2023 10:01:41.122 +0000 INFO  Metrics - group=queue, name=httpinputq, max_size_kb=0, current_size_kb=0, current_size=0, largest_size=0, smallest_size=0
05-02-2023 10:01:41.122 +0000 INFO  Metrics - group=queue, name=indexqueue, max_size_kb=500, current_size_kb=0, current_size=0, largest_size=342, smallest_size=0
05-02-2023 10:01:41.122 +0000 INFO  Metrics - group=queue, name=nullqueue, max_size_kb=500, current_size_kb=0, current_size=0, largest_size=1, smallest_size=0
05-02-2023 10:01:41.122 +0000 INFO  Metrics - group=queue, name=parsingqueue, max_size_kb=6144, current_size_kb=0, current_size=0, largest_size=4, smallest_size=0
05-02-2023 10:01:41.122 +0000 INFO  Metrics - group=queue, name=rfsqueue, max_size_kb=10240, current_size_kb=0, current_size=0, largest_size=0, smallest_size=0
05-02-2023 10:01:41.122 +0000 INFO  Metrics - group=queue, name=rulesetqueue, max_size_kb=500, current_size_kb=0, current_size=0, largest_size=0, smallest_size=0
05-02-2023 10:01:41.122 +0000 INFO  Metrics - group=queue, name=splunktcpin, max_size_kb=0, current_size_kb=0, current_size=0, largest_size=0, smallest_size=0
05-02-2023 10:01:41.122 +0000 INFO  Metrics - group=queue, name=stashparsing, max_size_kb=500, current_size_kb=0, current_size=0, largest_size=0, smallest_size=0
05-02-2023 10:01:41.122 +0000 INFO  Metrics - group=queue, name=tcpin_queue, max_size_kb=500, current_size_kb=0, current_size=0, largest_size=0, smallest_size=0
05-02-2023 10:01:41.122 +0000 INFO  Metrics - group=queue, name=typingqueue, max_size_kb=500, current_size_kb=18, current_size=59, largest_size=177, smallest_size=0
05-02-2023 10:01:41.122 +0000 INFO  Metrics - group=thruput, name=index_thruput, instantaneous_kbps=9.723, instantaneous_eps=35.581, average_kbps=75.844, total_k_processed=4920.000, kb=301.418, ev=1103
05-02-2023 10:01:41.122 +0000 INFO  Metrics - group=thruput, name=syslog_output, instantaneous_kbps=0.000, instantaneous_eps=0.000, average_kbps=0.000, total_k_processed=0.000, kb=0.000, ev=0
05-02-2023 10:01:41.122 +0000 INFO  Metrics - group=thruput, name=thruput, instantaneous_kbps=9.738, instantaneous_eps=37.677, average_kbps=75.832, total_k_processed=4920.000, kb=301.865, ev=1168, load_average=1.820
05-02-2023 10:02:16.303 +0000 INFO  Metrics - group=mpool, max_used_interval=63853, max_used=4244094, avg_rsv=1804, capacity=268435456, used=2206, rep_used=0
05-02-2023 10:02:16.303 +0000 INFO  Metrics - group=searchscheduler, eligible=19, delayed=0, dispatched=0, skipped=0, skipped_dma_ra=0, total_lag=0, max_lag=0, window_max_lag=0, window_total_lag=0, scheduler_cycle_max=0.002, scheduler_cycle_total=0.009, scheduler_cycles=20, load_search_cycle_max=0.001, load_search_cycle_total=0.001, schedule_search_cycle_max=0.000, schedule_search_cycle_total=0.003, load_saved_searches=0.001, load_auto_summarized=0.000, load_dma=0.000, load_deferred_calculation=0.000, load_priority_calculation=0.000, load_cycles=1, disp_get_next_runtime=0.000, disp_determine_can_run=0.000, disp_window_lag_calc=0.000, disp_auto_summary_updates=0.000, disp_advance_next_runtime=0.003, disp_update_logging=0.000, disp_dispatch_job=0.000, max_running=0, actions_triggered=0, completed=0, total_runtime=0.000, max_runtime=0.000, alert_cycle_max=0.000, alert_cycle_total=0.000, alert_cycles=4
05-02-2023 10:02:16.303 +0000 INFO  Metrics - group=bucket_metrics, current_hot=9, current_hot_replicas=0, current_total=9, created=0, created_replicas=0, rolled=0, frozen=0, total_removed=0
05-02-2023 10:02:16.303 +0000 INFO  Metrics - group=cachemgr_bucket, open_buckets=0
05-02-2023 10:02:16.303 +0000 INFO  Metrics - group=deploy-connections, nCurrent=2
05-02-2023 10:02:16.303 +0000 INFO  Metrics - group=deploy-server, name=app_downloads, nStarted=0, nCompleted=0, volumeCompletedKB=0.000
05-02-2023 10:02:16.303 +0000 INFO  Metrics - group=deploy-server, name=clients, nNew=0, nTotal=0
05-02-2023 10:02:16.303 +0000 INFO  Metrics - group=deploy-server, name=clients, app_event_reports, nDownloadFail=0, nInstallOk=0, nInstallFail=0, nUninstallOk=0, nUninstallFail=0
05-02-2023 10:02:16.303 +0000 INFO  Metrics - group=deploy-server, name=clients, phonehome, nReceived=0
05-02-2023 10:02:16.303 +0000 INFO  Metrics - group=dutycycle, name=management, thread=cachemanagerusagemetrics, ratio=0.000
05-02-2023 10:02:16.303 +0000 INFO  Metrics - group=dutycycle, name=management, thread=callbackrunnerthread, ratio=0.000
05-02-2023 10:02:16.303 +0000 INFO  Metrics - group=dutycycle, name=management, thread=dispatchlogthread, ratio=0.000
05-02-2023 10:02:16.303 +0000 INFO  Metrics - group=dutycycle, name=management, thread=distributedpeermonitorthread, ratio=0.000
05-02-2023 10:02:16.303 +0000 INFO  Metrics - group=dutycycle, name=management, thread=execprocessor, ratio=0.000
05-02-2023 10:02:16.303 +0000 INFO  Metrics - group=dutycycle, name=management, thread=fsupdaterthread, ratio=0.000
05-02-2023 10:02:16.303 +0000 INFO  Metrics - group=dutycycle, name=management, thread=idatado_collector, ratio=0.000
05-02-2023 10:02:16.303 +0000 INFO  Metrics - group=dutycycle, name=management, thread=indexerservice, ratio=0.000
05-02-2023 10:02:16.303 +0000 INFO  Metrics - group=dutycycle, name=management, thread=indexertpoolworker-0, ratio=0.002
05-02-2023 10:02:16.303 +0000 INFO  Metrics - group=dutycycle, name=management, thread=indexertpoolworker-1, ratio=0.002
05-02-2023 10:02:16.303 +0000 INFO  Metrics - group=dutycycle, name=management, thread=maintailingthread, ratio=0.000
05-02-2023 10:02:16.303 +0000 INFO  Metrics - group=dutycycle, name=management, thread=preforkedsearchesmanager-0, ratio=0.000
05-02-2023 10:02:16.303 +0000 INFO  Metrics - group=dutycycle, name=management, thread=queueservicethread, ratio=0.000
05-02-2023 10:02:16.303 +0000 INFO  Metrics - group=dutycycle, name=management, thread=recreateindexesthread, ratio=0.000
05-02-2023 10:02:16.303 +0000 INFO  Metrics - group=dutycycle, name=management, thread=savependinguploadstodiskthread, ratio=0.000
05-02-2023 10:02:16.303 +0000 INFO  Metrics - group=dutycycle, name=management, thread=shutdown, ratio=0.008
05-02-2023 10:02:16.303 +0000 INFO  Metrics - group=dutycycle, name=management, thread=splunkconfigchangewatcherthread, ratio=0.000
05-02-2023 10:02:16.303 +0000 INFO  Metrics - group=dutycycle, name=management, thread=tcplistener, ratio=0.001
05-02-2023 10:02:16.303 +0000 INFO  Metrics - group=dutycycle, name=management, thread=tcpouteloop, ratio=0.000, ratio=0.000
05-02-2023 10:02:16.303 +0000 INFO  Metrics - group=dutycycle, name=management, thread=batchreader0, ratio=0.000
05-02-2023 10:02:16.303 +0000 INFO  Metrics - group=dutycycle, name=management, thread=idle_http_client, ratio=0.000
05-02-2023 10:02:16.303 +0000 INFO  Metrics - group=dutycycle, name=management, thread=journal-compress, ratio=0.000
05-02-2023 10:02:16.303 +0000 INFO  Metrics - group=dutycycle, name=management, thread=tailreader0, ratio=0.001
05-02-2023 10:02:16.303 +0000 INFO  Metrics - group=executor, name=alertnotifierexecutor, jobs_added=0, jobs_finished=0, current_size=0, smallest_size=0, largest_size=0, max_size=500
05-02-2023 10:02:16.303 +0000 INFO  Metrics - group=executor, name=filesystemopexecutor, jobs_added=0, jobs_finished=0, current_size=0, smallest_size=0, largest_size=0, max_size=0
05-02-2023 10:02:16.303 +0000 INFO  Metrics - group=executor, name=cachemgr_del, jobs_added=0, jobs_finished=0, current_size=0, smallest_size=0, largest_size=0, max_size=0
05-02-2023 10:02:16.303 +0000 INFO  Metrics - group=executor, name=cachemgr_down, jobs_added=0, jobs_finished=0, current_size=0, smallest_size=0, largest_size=0, max_size=0
05-02-2023 10:02:16.303 +0000 INFO  Metrics - group=executor, name=cachemgr_post_upload_job, jobs_added=0, jobs_finished=0, current_size=0, smallest_size=0, largest_size=0, max_size=0
05-02-2023 10:02:16.303 +0000 INFO  Metrics - group=executor, name=cachemgr_up, jobs_added=0, jobs_finished=0, current_size=0, smallest_size=0, largest_size=0, max_size=0
05-02-2023 10:02:16.303 +0000 INFO  Metrics - group=pipelineset, name=load_metrics, ingest_pipe=0, busiest_thread_name=indexerPipe, dutycycle_ratio=0.004, share=1.000, requests_last_period=12
05-02-2023 10:02:16.303 +0000 INFO  Metrics - group=realtime_search_data, system total, drop_count=0
05-02-2023 10:02:16.303 +0000 INFO  Metrics - group=regex_cache, hits=177, misses=0, discarded_new=0, discarded_old=0, num_evictions=0
05-02-2023 10:02:16.303 +0000 INFO  Metrics - group=search_concurrency, system total, active_hist_searches=0, active_realtime_searches=0
05-02-2023 10:02:16.303 +0000 INFO  Metrics - group=search_health_metrics, name=compute_search_quota, compute_search_quota_max_ms=2, compute_search_quota_mean_ms=1
05-02-2023 10:02:16.303 +0000 INFO  Metrics - group=search_pool, name=launcher_0, active=0, idle=0, processes_created=0, processes_reused_same_user=0, processes_reused_different_user=0, processes_reaped_with_old_config=0, processes_reaped_with_old_bundle=0, processes_reaped_ran_too_many_searches=0, processes_reaped_ran_too_long=0, processes_reaped_accumulated_time=0, processes_reaped_after_control=0, processes_reaped_surplus=0, dutycycle_launching=0.000, dutycycle_reaping=0.000, dutycycle_control=0.000, periodic_reaper_wakeups=0
05-02-2023 10:02:16.303 +0000 INFO  Metrics - group=spacemgr, reserved_bytes=5368709120, free_bytes=0
05-02-2023 10:02:16.303 +0000 INFO  Metrics - group=subtask_seconds, name=indexer, task=indexer_service, replicate_semislice=0.000, throttle_optimize=0.001, flushBlockSig=0.000, retryMove_1hotBkt=0.000, size_hotBkt=0.000, roll_hotBkt=0.000, chillOrFreeze=0.002, update_checksums=0.000, fork_recovermetadata=0.000, rebuild_metadata=0.000, update_bktManifest=0.000, service_volumes=0.000, service_maxSizes=0.000, service_externProc=0.000
05-02-2023 10:02:16.303 +0000 INFO  Metrics - group=tpool, name=bundlereplthreadpool, qsize=0, workers=0, qwork_units=0
05-02-2023 10:02:16.304 +0000 INFO  Metrics - group=tpool, name=indexertpool, qsize=0, workers=2, qwork_units=0
05-02-2023 10:02:16.304 +0000 INFO  Metrics - group=dutycycle, name=misc, tail=0.000
05-02-2023 10:02:16.304 +0000 INFO  Metrics - group=pipeline, name=dev-null, processor=nullqueue, cpu_seconds=0.000, executes=1, cumulative_hits=10
05-02-2023 10:02:16.304 +0000 INFO  Metrics - group=pipeline, name=indexerpipe, processor=destination-key-processor, cpu_seconds=0.000, executes=578, cumulative_hits=3369
05-02-2023 10:02:16.304 +0000 INFO  Metrics - group=pipeline, name=indexerpipe, processor=indexin, cpu_seconds=0.000, executes=582, cumulative_hits=3378
05-02-2023 10:02:16.304 +0000 INFO  Metrics - group=pipeline, name=indexerpipe, processor=index_thruput, cpu_seconds=0.000, executes=578, cumulative_hits=3369
05-02-2023 10:02:16.304 +0000 INFO  Metrics - group=pipeline, name=indexerpipe, processor=indexandforward, cpu_seconds=0.000, executes=578, cumulative_hits=3369
05-02-2023 10:02:16.304 +0000 INFO  Metrics - group=pipeline, name=indexerpipe, processor=indexer, cpu_seconds=0.000, executes=578, cumulative_hits=3369, write_cpu_seconds=0.007, service_cpu_seconds=0.256, hot_bkts_rolled=0, rtsearch_filter_seconds=0.000
05-02-2023 10:02:16.304 +0000 INFO  Metrics - group=pipeline, name=indexerpipe, processor=latencytracker, cpu_seconds=0.000, executes=582, cumulative_hits=3378
05-02-2023 10:02:16.304 +0000 INFO  Metrics - group=pipeline, name=indexerpipe, processor=s2soverhttpoutput, cpu_seconds=0.000, executes=578, cumulative_hits=3369
05-02-2023 10:02:16.304 +0000 INFO  Metrics - group=pipeline, name=indexerpipe, processor=syslog-output-generic-processor, cpu_seconds=0.000, executes=578, cumulative_hits=3369
05-02-2023 10:02:16.304 +0000 INFO  Metrics - group=pipeline, name=indexerpipe, processor=tcp-output-generic-processor, cpu_seconds=0.000, executes=578, cumulative_hits=3369
05-02-2023 10:02:16.304 +0000 INFO  Metrics - group=pipeline, name=merging, processor=aggregator, cpu_seconds=0.000, executes=339, cumulative_hits=2880
05-02-2023 10:02:16.304 +0000 INFO  Metrics - group=pipeline, name=merging, processor=readerin, cpu_seconds=0.000, executes=341, cumulative_hits=2881
05-02-2023 10:02:16.304 +0000 INFO  Metrics - group=pipeline, name=merging, processor=sendout, cpu_seconds=0.000, executes=317, cumulative_hits=2784
05-02-2023 10:02:16.304 +0000 INFO  Metrics - group=pipeline, name=parsing, processor=header, cpu_seconds=0.000, executes=315, cumulative_hits=2842
05-02-2023 10:02:16.304 +0000 INFO  Metrics - group=pipeline, name=parsing, processor=linebreaker, cpu_seconds=0.000, executes=90, cumulative_hits=454
05-02-2023 10:02:16.304 +0000 INFO  Metrics - group=pipeline, name=parsing, processor=metrics, cpu_seconds=0.000, executes=315, cumulative_hits=2842
05-02-2023 10:02:16.304 +0000 INFO  Metrics - group=pipeline, name=parsing, processor=readerin, cpu_seconds=0.000, executes=90, cumulative_hits=454
05-02-2023 10:02:16.304 +0000 INFO  Metrics - group=pipeline, name=parsing, processor=sendout, cpu_seconds=0.000, executes=331, cumulative_hits=2909
05-02-2023 10:02:16.304 +0000 INFO  Metrics - group=pipeline, name=parsing, processor=utf8, cpu_seconds=0.000, executes=90, cumulative_hits=454
05-02-2023 10:02:16.304 +0000 INFO  Metrics - group=pipeline, name=typing, processor=annotator, cpu_seconds=0.000, executes=549, cumulative_hits=3286
05-02-2023 10:02:16.304 +0000 INFO  Metrics - group=pipeline, name=typing, processor=metricschema, cpu_seconds=0.000, executes=549, cumulative_hits=3286
05-02-2023 10:02:16.304 +0000 INFO  Metrics - group=pipeline, name=typing, processor=previewout, cpu_seconds=0.000, executes=549, cumulative_hits=3286
05-02-2023 10:02:16.304 +0000 INFO  Metrics - group=pipeline, name=typing, processor=readerin, cpu_seconds=0.000, executes=345, cumulative_hits=2784
05-02-2023 10:02:16.304 +0000 INFO  Metrics - group=pipeline, name=typing, processor=regexreplacement, cpu_seconds=0.000, executes=345, cumulative_hits=2784, in=77934, out.splunk=77796, out.drop=138
05-02-2023 10:02:16.304 +0000 INFO  Metrics - group=pipeline, name=typing, processor=sendout, cpu_seconds=0.000, executes=549, cumulative_hits=3286
05-02-2023 10:02:16.304 +0000 INFO  Metrics - group=pipeline, name=typing, processor=tee, cpu_seconds=0.000, executes=345, cumulative_hits=2784
05-02-2023 10:02:16.304 +0000 INFO  Metrics - group=tailingprocessor, name=batchreader0, current_queue_size=0, max_queue_size=0, files_queued=0, new_files_queued=0
05-02-2023 10:02:16.304 +0000 INFO  Metrics - group=tailingprocessor, name=tailreader0, current_queue_size=0, max_queue_size=3, files_queued=64, new_files_queued=1, fd_cache_size=6
05-02-2023 10:02:16.304 +0000 INFO  Metrics - group=dutycycle, name=ingest, thread=dev-null, ratio=0.000
05-02-2023 10:02:16.304 +0000 INFO  Metrics - group=dutycycle, name=ingest, thread=exec, ratio=0.000
05-02-2023 10:02:16.304 +0000 INFO  Metrics - group=dutycycle, name=ingest, thread=fifo, ratio=0.000
05-02-2023 10:02:16.304 +0000 INFO  Metrics - group=dutycycle, name=ingest, thread=fschangemanager, ratio=0.000
05-02-2023 10:02:16.304 +0000 INFO  Metrics - group=dutycycle, name=ingest, thread=indexerpipe, ratio=0.003
05-02-2023 10:02:16.304 +0000 INFO  Metrics - group=dutycycle, name=ingest, thread=merging, ratio=0.000
05-02-2023 10:02:16.304 +0000 INFO  Metrics - group=dutycycle, name=ingest, thread=parsing, ratio=0.000
05-02-2023 10:02:16.304 +0000 INFO  Metrics - group=dutycycle, name=ingest, thread=rfsoutput, ratio=0.000
05-02-2023 10:02:16.304 +0000 INFO  Metrics - group=dutycycle, name=ingest, thread=ruleset, ratio=0.000
05-02-2023 10:02:16.304 +0000 INFO  Metrics - group=dutycycle, name=ingest, thread=stashparsing, ratio=0.000
05-02-2023 10:02:16.304 +0000 INFO  Metrics - group=dutycycle, name=ingest, thread=tcp, ratio=0.001
05-02-2023 10:02:16.304 +0000 INFO  Metrics - group=dutycycle, name=ingest, thread=typing, ratio=0.000
05-02-2023 10:02:16.304 +0000 INFO  Metrics - group=dutycycle, name=ingest, thread=udp, ratio=0.000
05-02-2023 10:02:16.304 +0000 INFO  Metrics - group=map, name=pipelineinputchannel, current_size=179, inactive_channels=91, new_channels=15, removed_channels=0, reclaimed_channels=0, timedout_channels=0, abandoned_channels=0
05-02-2023 10:02:16.304 +0000 INFO  Metrics - group=per_host_thruput, series="codespaces-1e503f", kbps=3.592, eps=15.519, kb=126.396, ev=546, avg_age=1.555, max_age=3
05-02-2023 10:02:16.304 +0000 INFO  Metrics - group=per_index_thruput, series="_audit", kbps=0.002, eps=0.028, kb=0.086, ev=1, avg_age=0.000, max_age=0
05-02-2023 10:02:16.304 +0000 INFO  Metrics - group=per_index_thruput, series="_internal", kbps=1.168, eps=8.839, kb=41.104, ev=311, avg_age=1.582, max_age=3
05-02-2023 10:02:16.304 +0000 INFO  Metrics - group=per_index_thruput, series="_introspection", kbps=1.342, eps=1.165, kb=47.219, ev=41, avg_age=0.293, max_age=3
05-02-2023 10:02:16.304 +0000 INFO  Metrics - group=per_index_thruput, series="_metrics", kbps=1.080, eps=5.486, kb=37.986, ev=193, avg_age=1.788, max_age=3
05-02-2023 10:02:16.304 +0000 INFO  Metrics - group=per_source_thruput, series="/workspaces/splunk_installation/splunk/var/log/introspection/kvstore.log", kbps=0.992, eps=0.114, kb=34.919, ev=4, avg_age=0.000, max_age=0
05-02-2023 10:02:16.304 +0000 INFO  Metrics - group=per_source_thruput, series="/workspaces/splunk_installation/splunk/var/log/introspection/resource_usage.log", kbps=0.671, eps=1.535, kb=23.605, ev=54, avg_age=0.444, max_age=3
05-02-2023 10:02:16.304 +0000 INFO  Metrics - group=per_source_thruput, series="/workspaces/splunk_installation/splunk/var/log/splunk/health.log", kbps=0.099, eps=0.568, kb=3.473, ev=20, avg_age=0.000, max_age=0
05-02-2023 10:02:16.304 +0000 INFO  Metrics - group=per_source_thruput, series="/workspaces/splunk_installation/splunk/var/log/splunk/metrics.log", kbps=1.493, eps=10.090, kb=52.519, ev=355, avg_age=1.876, max_age=3
05-02-2023 10:02:16.304 +0000 INFO  Metrics - group=per_source_thruput, series="/workspaces/splunk_installation/splunk/var/log/splunk/mongod.log", kbps=0.010, eps=0.114, kb=0.357, ev=4, avg_age=0.000, max_age=0
05-02-2023 10:02:16.304 +0000 INFO  Metrics - group=per_source_thruput, series="/workspaces/splunk_installation/splunk/var/log/splunk/python.log", kbps=0.020, eps=0.313, kb=0.710, ev=11, avg_age=2.182, max_age=3
05-02-2023 10:02:16.304 +0000 INFO  Metrics - group=per_source_thruput, series="/workspaces/splunk_installation/splunk/var/log/splunk/scheduler.log", kbps=0.008, eps=0.114, kb=0.289, ev=4, avg_age=0.000, max_age=0
05-02-2023 10:02:16.304 +0000 INFO  Metrics - group=per_source_thruput, series="/workspaces/splunk_installation/splunk/var/log/splunk/splunkd.log", kbps=0.036, eps=0.512, kb=1.272, ev=18, avg_age=0.389, max_age=2
05-02-2023 10:02:16.304 +0000 INFO  Metrics - group=per_source_thruput, series="/workspaces/splunk_installation/splunk/var/log/splunk/splunkd_access.log", kbps=0.177, eps=1.364, kb=6.237, ev=48, avg_age=1.667, max_age=3
05-02-2023 10:02:16.304 +0000 INFO  Metrics - group=per_source_thruput, series="/workspaces/splunk_installation/splunk/var/log/splunk/web_service.log", kbps=0.057, eps=0.512, kb=1.996, ev=18, avg_age=2.667, max_age=3
05-02-2023 10:02:16.305 +0000 INFO  Metrics - group=per_sourcetype_thruput, series="kvstore", kbps=0.992, eps=0.114, kb=34.919, ev=4, avg_age=0.000, max_age=0
05-02-2023 10:02:16.305 +0000 INFO  Metrics - group=per_sourcetype_thruput, series="mongod", kbps=0.010, eps=0.114, kb=0.357, ev=4, avg_age=0.000, max_age=0
05-02-2023 10:02:16.305 +0000 INFO  Metrics - group=per_sourcetype_thruput, series="scheduler", kbps=0.008, eps=0.114, kb=0.289, ev=4, avg_age=0.000, max_age=0
05-02-2023 10:02:16.305 +0000 INFO  Metrics - group=per_sourcetype_thruput, series="splunk_intro_resource_usage", kbps=0.335, eps=0.767, kb=11.803, ev=27, avg_age=0.444, max_age=3
05-02-2023 10:02:16.305 +0000 INFO  Metrics - group=per_sourcetype_thruput, series="splunk_metrics_log", kbps=0.744, eps=5.031, kb=26.184, ev=177, avg_age=1.881, max_age=3
05-02-2023 10:02:16.305 +0000 INFO  Metrics - group=per_sourcetype_thruput, series="splunk_python", kbps=0.020, eps=0.313, kb=0.710, ev=11, avg_age=2.182, max_age=3
05-02-2023 10:02:16.305 +0000 INFO  Metrics - group=per_sourcetype_thruput, series="splunk_resource_usage", kbps=0.335, eps=0.767, kb=11.803, ev=27, avg_age=0.444, max_age=3
05-02-2023 10:02:16.305 +0000 INFO  Metrics - group=per_sourcetype_thruput, series="splunk_web_service", kbps=0.057, eps=0.512, kb=1.996, ev=18, avg_age=2.667, max_age=3
05-02-2023 10:02:16.305 +0000 INFO  Metrics - group=per_sourcetype_thruput, series="splunkd", kbps=0.883, eps=6.139, kb=31.080, ev=216, avg_age=1.574, max_age=3
05-02-2023 10:02:16.305 +0000 INFO  Metrics - group=per_sourcetype_thruput, series="splunkd_access", kbps=0.177, eps=1.364, kb=6.237, ev=48, avg_age=1.667, max_age=3
05-02-2023 10:02:16.305 +0000 INFO  Metrics - group=queue, name=aeq, max_size_kb=500, current_size_kb=0, current_size=0, largest_size=1, smallest_size=0
05-02-2023 10:02:16.305 +0000 INFO  Metrics - group=queue, name=aq, max_size_kb=10240, current_size_kb=0, current_size=0, largest_size=0, smallest_size=0
05-02-2023 10:02:16.305 +0000 INFO  Metrics - group=queue, name=udp_queue, max_size_kb=0, current_size_kb=0, current_size=0, largest_size=0, smallest_size=0
05-02-2023 10:02:16.305 +0000 INFO  Metrics - group=queue, name=aggqueue, max_size_kb=1024, current_size_kb=0, current_size=0, largest_size=92, smallest_size=0
05-02-2023 10:02:16.305 +0000 INFO  Metrics - group=queue, name=auditqueue, max_size_kb=500, current_size_kb=0, current_size=0, largest_size=1, smallest_size=0
05-02-2023 10:02:16.305 +0000 INFO  Metrics - group=queue, name=execprocessorinternalq, max_size_kb=500, current_size_kb=0, current_size=0, largest_size=0, smallest_size=0
05-02-2023 10:02:16.305 +0000 INFO  Metrics - group=queue, name=fifointernalq, max_size_kb=0, current_size_kb=0, current_size=0, largest_size=0, smallest_size=0
05-02-2023 10:02:16.305 +0000 INFO  Metrics - group=queue, name=fschangemanager_queue, max_size_kb=5120, current_size_kb=0, current_size=0, largest_size=0, smallest_size=0
05-02-2023 10:02:16.305 +0000 INFO  Metrics - group=queue, name=httpinputq, max_size_kb=0, current_size_kb=0, current_size=0, largest_size=0, smallest_size=0
05-02-2023 10:02:16.305 +0000 INFO  Metrics - group=queue, name=indexqueue, max_size_kb=500, current_size_kb=0, current_size=0, largest_size=182, smallest_size=0
05-02-2023 10:02:16.305 +0000 INFO  Metrics - group=queue, name=nullqueue, max_size_kb=500, current_size_kb=0, current_size=0, largest_size=1, smallest_size=0
05-02-2023 10:02:16.305 +0000 INFO  Metrics - group=queue, name=parsingqueue, max_size_kb=6144, current_size_kb=0, current_size=0, largest_size=4, smallest_size=0
05-02-2023 10:02:16.305 +0000 INFO  Metrics - group=queue, name=rfsqueue, max_size_kb=10240, current_size_kb=0, current_size=0, largest_size=0, smallest_size=0
05-02-2023 10:02:16.305 +0000 INFO  Metrics - group=queue, name=rulesetqueue, max_size_kb=500, current_size_kb=0, current_size=0, largest_size=0, smallest_size=0
05-02-2023 10:02:16.305 +0000 INFO  Metrics - group=queue, name=splunktcpin, max_size_kb=0, current_size_kb=0, current_size=0, largest_size=0, smallest_size=0
05-02-2023 10:02:16.305 +0000 INFO  Metrics - group=queue, name=stashparsing, max_size_kb=500, current_size_kb=0, current_size=0, largest_size=0, smallest_size=0
05-02-2023 10:02:16.305 +0000 INFO  Metrics - group=queue, name=tcpin_queue, max_size_kb=500, current_size_kb=0, current_size=0, largest_size=0, smallest_size=0
05-02-2023 10:02:16.305 +0000 INFO  Metrics - group=queue, name=typingqueue, max_size_kb=500, current_size_kb=2, current_size=8, largest_size=105, smallest_size=0
05-02-2023 10:02:16.305 +0000 INFO  Metrics - group=thruput, name=index_thruput, instantaneous_kbps=3.557, instantaneous_eps=13.671, average_kbps=50.423, total_k_processed=5045.000, kb=125.155, ev=481
05-02-2023 10:02:16.305 +0000 INFO  Metrics - group=thruput, name=syslog_output, instantaneous_kbps=0.000, instantaneous_eps=0.000, average_kbps=0.000, total_k_processed=0.000, kb=0.000, ev=0
05-02-2023 10:02:16.305 +0000 INFO  Metrics - group=thruput, name=thruput, instantaneous_kbps=3.590, instantaneous_eps=15.490, average_kbps=50.428, total_k_processed=5046.000, kb=126.313, ev=545, load_average=1.600
