{"datetime":"05-02-2023 10:00:36.236 +0000","log_level":"INFO","component":"Dispatch","data":{"top_users":[],"top_apps":[],"top_named_searches":[]}}
{"datetime":"05-02-2023 10:00:36.237 +0000","log_level":"INFO","component":"Volumes","data":{"name":"_splunk_summaries","max_size":"infinite","volume_path":"/workspaces/Splunk_installation/splunk/var/lib/splunk"}}
{"datetime":"05-02-2023 10:00:36.237 +0000","log_level":"INFO","component":"Indexes","data":{"name":"_audit","total_size":"0.000"}}
{"datetime":"05-02-2023 10:00:36.237 +0000","log_level":"INFO","component":"Indexes","data":{"name":"_configtracker","total_size":"0.000"}}
{"datetime":"05-02-2023 10:00:36.237 +0000","log_level":"INFO","component":"Indexes","data":{"name":"_internal","total_size":"0.000"}}
{"datetime":"05-02-2023 10:00:36.237 +0000","log_level":"INFO","component":"Indexes","data":{"name":"_introspection","total_size":"0.000"}}
{"datetime":"05-02-2023 10:00:36.237 +0000","log_level":"INFO","component":"Indexes","data":{"name":"_metrics","total_size":"0.000"}}
{"datetime":"05-02-2023 10:00:36.237 +0000","log_level":"INFO","component":"Indexes","data":{"name":"_metrics_rollup","total_size":"0.000"}}
{"datetime":"05-02-2023 10:00:36.237 +0000","log_level":"INFO","component":"Indexes","data":{"name":"_telemetry","total_size":"0.000"}}
{"datetime":"05-02-2023 10:00:36.237 +0000","log_level":"INFO","component":"Indexes","data":{"name":"_thefishbucket","total_size":"0.000"}}
{"datetime":"05-02-2023 10:00:36.237 +0000","log_level":"INFO","component":"Indexes","data":{"name":"history","total_size":"0.000"}}
{"datetime":"05-02-2023 10:00:36.237 +0000","log_level":"INFO","component":"Indexes","data":{"name":"main","total_size":"0.000"}}
{"datetime":"05-02-2023 10:00:36.237 +0000","log_level":"INFO","component":"Indexes","data":{"name":"summary","total_size":"0.000"}}
{"datetime":"05-02-2023 10:00:36.237 +0000","log_level":"INFO","component":"Fishbucket","data":{"total_size":"0.004","key_count":"1"}}
{"datetime":"05-02-2023 10:00:36.237 +0000","log_level":"INFO","component":"Partitions","data":{"capacity":"32077.812","fs_type":"ext4","mount_point":"/workspaces","available":"16564.277","free":"18218.672"}}
{"datetime":"05-02-2023 10:29:36.752 +0000","log_level":"INFO","component":"Dispatch","data":{"top_users":[],"top_apps":[],"top_named_searches":[]}}
{"datetime":"05-02-2023 10:29:36.753 +0000","log_level":"INFO","component":"Volumes","data":{"name":"_splunk_summaries","max_size":"infinite","volume_path":"/workspaces/Splunk_installation/splunk/var/lib/splunk"}}
{"datetime":"05-02-2023 10:29:36.753 +0000","log_level":"INFO","component":"Indexes","data":{"name":"_audit","total_size":"0.066","total_capacity":"500000.000","total_event_count":"10","total_bucket_count":"1","total_raw_size":"0.008","datamodel_summary_size":"0.000","bucket_dirs":{"home":{"warm_bucket_count":"1","warm_bucket_size":"0.066","capacity":"0.000","event_count":"10","event_min_time":"1683021628","event_max_time":"1683021735"},"cold":{"capacity":"0.000"},"thawed":{}}}}
{"datetime":"05-02-2023 10:29:36.753 +0000","log_level":"INFO","component":"Indexes","data":{"name":"_configtracker","total_size":"1.762","total_capacity":"500000.000","total_event_count":"171","total_bucket_count":"1","total_raw_size":"4.209","datamodel_summary_size":"0.000","bucket_dirs":{"home":{"warm_bucket_count":"1","warm_bucket_size":"1.762","capacity":"0.000","event_count":"171","event_min_time":"1683021639","event_max_time":"1683021689"},"cold":{"capacity":"0.000"},"thawed":{}}}}
{"datetime":"05-02-2023 10:29:36.753 +0000","log_level":"INFO","component":"Indexes","data":{"name":"_internal","total_size":"0.344","total_capacity":"500000.000","total_event_count":"2404","total_bucket_count":"1","total_raw_size":"0.398","datamodel_summary_size":"0.000","bucket_dirs":{"home":{"warm_bucket_count":"1","warm_bucket_size":"0.344","capacity":"0.000","event_count":"2404","event_min_time":"1683021606","event_max_time":"1683021736"},"cold":{"capacity":"0.000"},"thawed":{}}}}
{"datetime":"05-02-2023 10:29:36.753 +0000","log_level":"INFO","component":"Indexes","data":{"name":"_introspection","total_size":"0.465","total_capacity":"500000.000","total_event_count":"129","total_bucket_count":"1","total_raw_size":"0.226","datamodel_summary_size":"0.000","bucket_dirs":{"home":{"warm_bucket_count":"1","warm_bucket_size":"0.465","capacity":"0.000","event_count":"129","event_min_time":"1683021636","event_max_time":"1683021735"},"cold":{"capacity":"0.000"},"thawed":{}}}}
{"datetime":"05-02-2023 10:29:36.753 +0000","log_level":"INFO","component":"Indexes","data":{"name":"_metrics","total_size":"1.176","total_capacity":"500000.000","total_event_count":"588","total_bucket_count":"5","total_raw_size":"0.123","datamodel_summary_size":"0.000","bucket_dirs":{"home":{"warm_bucket_count":"5","warm_bucket_size":"1.176","capacity":"0.000","event_count":"588","event_min_time":"1683021636","event_max_time":"1683021736"},"cold":{"capacity":"0.000"},"thawed":{}}}}
{"datetime":"05-02-2023 10:29:36.753 +0000","log_level":"INFO","component":"Indexes","data":{"name":"_metrics_rollup","total_size":"0.000"}}
{"datetime":"05-02-2023 10:29:36.753 +0000","log_level":"INFO","component":"Indexes","data":{"name":"_telemetry","total_size":"0.000"}}
{"datetime":"05-02-2023 10:29:36.753 +0000","log_level":"INFO","component":"Indexes","data":{"name":"_thefishbucket","total_size":"0.000"}}
{"datetime":"05-02-2023 10:29:36.753 +0000","log_level":"INFO","component":"Indexes","data":{"name":"history","total_size":"0.000"}}
{"datetime":"05-02-2023 10:29:36.753 +0000","log_level":"INFO","component":"Indexes","data":{"name":"main","total_size":"0.000"}}
{"datetime":"05-02-2023 10:29:36.753 +0000","log_level":"INFO","component":"Indexes","data":{"name":"summary","total_size":"0.000"}}
{"datetime":"05-02-2023 10:29:36.754 +0000","log_level":"INFO","component":"Fishbucket","data":{"total_size":"0.004","key_count":"0"}}
{"datetime":"05-02-2023 10:39:36.716 +0000","log_level":"INFO","component":"Dispatch","data":{"top_users":[],"top_apps":[],"top_named_searches":[]}}
{"datetime":"05-02-2023 10:39:36.716 +0000","log_level":"INFO","component":"Volumes","data":{"name":"_splunk_summaries","max_size":"infinite","volume_path":"/workspaces/Splunk_installation/splunk/var/lib/splunk"}}
{"datetime":"05-02-2023 10:39:36.718 +0000","log_level":"INFO","component":"Indexes","data":{"name":"_audit","total_size":"0.141","total_capacity":"500000.000","total_event_count":"10","total_bucket_count":"2","total_raw_size":"0.008","datamodel_summary_size":"0.000","bucket_dirs":{"home":{"hot_bucket_count":"1","warm_bucket_count":"1","warm_bucket_size":"0.047","capacity":"0.000","event_count":"10","event_min_time":"1683021628","event_max_time":"1683023967"},"cold":{"capacity":"0.000"},"thawed":{}}}}
{"datetime":"05-02-2023 10:39:36.718 +0000","log_level":"INFO","component":"Indexes","data":{"name":"_configtracker","total_size":"1.816","total_capacity":"500000.000","total_event_count":"171","total_bucket_count":"2","total_raw_size":"4.209","datamodel_summary_size":"0.000","bucket_dirs":{"home":{"hot_bucket_count":"1","warm_bucket_count":"1","warm_bucket_size":"1.762","capacity":"0.000","event_count":"171","event_min_time":"1683021639","event_max_time":"1683023680"},"cold":{"capacity":"0.000"},"thawed":{}}}}
{"datetime":"05-02-2023 10:39:36.718 +0000","log_level":"INFO","component":"Indexes","data":{"name":"_internal","total_size":"1.000","total_capacity":"500000.000","total_event_count":"2404","total_bucket_count":"2","total_raw_size":"0.398","datamodel_summary_size":"0.000","bucket_dirs":{"home":{"hot_bucket_count":"1","warm_bucket_count":"1","warm_bucket_size":"0.324","capacity":"0.000","event_count":"2404","event_min_time":"1683021606","event_max_time":"1683023967"},"cold":{"capacity":"0.000"},"thawed":{}}}}
{"datetime":"05-02-2023 10:39:36.718 +0000","log_level":"INFO","component":"Indexes","data":{"name":"_introspection","total_size":"1.883","total_capacity":"500000.000","total_event_count":"129","total_bucket_count":"2","total_raw_size":"0.226","datamodel_summary_size":"0.000","bucket_dirs":{"home":{"hot_bucket_count":"1","warm_bucket_count":"1","warm_bucket_size":"0.457","capacity":"0.000","event_count":"129","event_min_time":"1683021636","event_max_time":"1683023968"},"cold":{"capacity":"0.000"},"thawed":{}}}}
{"datetime":"05-02-2023 10:39:36.718 +0000","log_level":"INFO","component":"Indexes","data":{"name":"_metrics","total_size":"5.438","total_capacity":"500000.000","total_event_count":"588","total_bucket_count":"10","total_raw_size":"0.123","datamodel_summary_size":"0.000","bucket_dirs":{"home":{"hot_bucket_count":"5","warm_bucket_count":"5","warm_bucket_size":"2.395","capacity":"0.000","event_count":"588","event_min_time":"1683021636","event_max_time":"1683023968"},"cold":{"capacity":"0.000"},"thawed":{}}}}
{"datetime":"05-02-2023 10:39:36.718 +0000","log_level":"INFO","component":"Indexes","data":{"name":"_metrics_rollup","total_size":"0.000"}}
{"datetime":"05-02-2023 10:39:36.718 +0000","log_level":"INFO","component":"Indexes","data":{"name":"_telemetry","total_size":"0.000"}}
{"datetime":"05-02-2023 10:39:36.718 +0000","log_level":"INFO","component":"Indexes","data":{"name":"_thefishbucket","total_size":"0.000"}}
{"datetime":"05-02-2023 10:39:36.718 +0000","log_level":"INFO","component":"Indexes","data":{"name":"history","total_size":"0.000"}}
{"datetime":"05-02-2023 10:39:36.718 +0000","log_level":"INFO","component":"Indexes","data":{"name":"main","total_size":"0.000"}}
{"datetime":"05-02-2023 10:39:36.718 +0000","log_level":"INFO","component":"Indexes","data":{"name":"summary","total_size":"0.000"}}
{"datetime":"05-02-2023 10:39:36.719 +0000","log_level":"INFO","component":"Fishbucket","data":{"total_size":"0.004","key_count":"9"}}
{"datetime":"05-02-2023 10:39:36.719 +0000","log_level":"INFO","component":"Partitions","data":{"capacity":"32077.812","fs_type":"ext4","mount_point":"/workspaces","available":"15524.473","free":"17178.867"}}
