05-02-2023 10:01:09.595 INFO  dispatchRunner [15715 MainThread] - Search process mode: preforked (first search in process) (build 419ad9369127).
05-02-2023 10:01:09.595 INFO  dispatchRunner [15715 MainThread] - initing LicenseMgr in search process: nonPro=0
05-02-2023 10:01:09.595 INFO  LMStackMgr [15715 MainThread] - Initializing CleMgr...
05-02-2023 10:01:09.596 INFO  LicenseMgr [15715 MainThread] - Initing LicenseMgr
05-02-2023 10:01:09.596 INFO  LMConfig [15715 MainThread] - serverName=codespaces-1e503f guid=C39C9F92-4A71-49A3-92DB-0A4A14639E88
05-02-2023 10:01:09.597 INFO  LMConfig [15715 MainThread] - connection_timeout=30
05-02-2023 10:01:09.597 INFO  LMConfig [15715 MainThread] - send_timeout=30
05-02-2023 10:01:09.597 INFO  LMConfig [15715 MainThread] - receive_timeout=30
05-02-2023 10:01:09.597 INFO  LMConfig [15715 MainThread] - key=license_warnings_update_interval not found in licenser stanza of server.conf, defaulting=0
05-02-2023 10:01:09.597 INFO  LMConfig [15715 MainThread] - squash_threshold=2000
05-02-2023 10:01:09.597 INFO  LMConfig [15715 MainThread] - strict_pool_quota=1
05-02-2023 10:01:09.597 INFO  LMConfig [15715 MainThread] - key=pool_suggestion not found in licenser stanza of server.conf, defaulting=''
05-02-2023 10:01:09.597 INFO  LMConfig [15715 MainThread] - key=test_aws_metering not found in licenser stanza of server.conf, defaulting=0
05-02-2023 10:01:09.597 INFO  LMConfig [15715 MainThread] - key=test_aws_product_code not found in licenser stanza of server.conf, defaulting=0
05-02-2023 10:01:09.597 INFO  LicenseMgr [15715 MainThread] - Initing LicenseMgr runContext_splunkd=false
05-02-2023 10:01:09.597 INFO  LMStackMgr [15715 MainThread] - closing stack mgr
05-02-2023 10:01:09.597 INFO  LMSlaveInfo [15715 MainThread] - all slaves cleared
05-02-2023 10:01:09.597 INFO  LMStackMgr [15715 MainThread] - Initalized license_warnings_update_interval=auto
05-02-2023 10:01:09.597 INFO  LMStackMgr [15715 MainThread] - License Manager supports Conditional Licensing Enforcement. For baked in CLE policies, window_period=60 days, max_violations=45, for stack size below 107374182400 bytes
05-02-2023 10:01:09.597 INFO  LMLicense [15715 MainThread] - Applying default enforcement policy for free
05-02-2023 10:01:09.597 INFO  LMStackMgr [15715 MainThread] - Added policy WinSz=30 Warnings=3 MaxSize=0 isDefault=1 features= for free
05-02-2023 10:01:09.597 INFO  LMLicense [15715 MainThread] - Applying default enforcement policy for forwarder
05-02-2023 10:01:09.597 INFO  LMStackMgr [15715 MainThread] - Added policy WinSz=30 Warnings=5 MaxSize=0 isDefault=1 features= for forwarder
05-02-2023 10:01:09.599 INFO  LMStack [15715 MainThread] - Added type=download-trial license, from file=enttrial.lic, to stack=download-trial of group=Trial
05-02-2023 10:01:09.599 INFO  LMLicense [15715 MainThread] - Applying default enforcement policy for download-trial
05-02-2023 10:01:09.599 INFO  LMStackMgr [15715 MainThread] - created stack='download-trial'
05-02-2023 10:01:09.599 INFO  LMStackMgr [15715 MainThread] - Added policy WinSz=30 Warnings=5 MaxSize=0 isDefault=1 features= for download-trial
05-02-2023 10:01:09.599 INFO  LMStackMgr [15715 MainThread] - have to auto-set active stack group='Trial' reason='invalid/missing group id' gidStr='' oldGid=Invalid
05-02-2023 10:01:09.599 INFO  LMStackMgr [15715 MainThread] - added pool auto_generated_pool_download-trial to stack download-trial
05-02-2023 10:01:09.599 INFO  LMStackMgr [15715 MainThread] - added pool auto_generated_pool_forwarder to stack forwarder
05-02-2023 10:01:09.599 INFO  LMStackMgr [15715 MainThread] - added pool auto_generated_pool_free to stack free
05-02-2023 10:01:09.599 INFO  LMStackMgr [15715 MainThread] - Initialized hideQuotaWarning = "0"
05-02-2023 10:01:09.599 INFO  LMStackMgr [15715 MainThread] - init completed [C39C9F92-4A71-49A3-92DB-0A4A14639E88,Trial,runContext_splunkd=false]
05-02-2023 10:01:09.599 INFO  LicenseMgr [15715 MainThread] - StackMgr init complete...
05-02-2023 10:01:09.599 INFO  LMTracker [15715 MainThread] - Setting default product type='enterprise'
05-02-2023 10:01:09.599 INFO  LMTracker [15715 MainThread] - this is not splunkd, will perform partial init
05-02-2023 10:01:09.599 INFO  LicenseMgr [15715 MainThread] - Tracker init complete...
05-02-2023 10:01:09.606 INFO  AdminManagerDispatch [15715 MainThread] - added factory for admin handler: 'licenses'
05-02-2023 10:01:09.606 INFO  AdminManagerDispatch [15715 MainThread] - added factory for admin handler: 'pools'
05-02-2023 10:01:09.606 INFO  AdminManagerDispatch [15715 MainThread] - added factory for admin handler: 'stacks'
05-02-2023 10:01:09.606 INFO  AdminManagerDispatch [15715 MainThread] - added factory for admin handler: 'groups'
05-02-2023 10:01:09.606 INFO  AdminManagerDispatch [15715 MainThread] - added factory for admin handler: 'slaves'
05-02-2023 10:01:09.606 INFO  AdminManagerDispatch [15715 MainThread] - added factory for admin handler: 'peers'
05-02-2023 10:01:09.606 INFO  AdminManagerDispatch [15715 MainThread] - added factory for admin handler: 'localslave'
05-02-2023 10:01:09.606 INFO  AdminManagerDispatch [15715 MainThread] - added factory for admin handler: 'localpeer'
05-02-2023 10:01:09.606 INFO  AdminManagerDispatch [15715 MainThread] - added factory for admin handler: 'licensermessages'
05-02-2023 10:01:09.606 INFO  AdminManagerDispatch [15715 MainThread] - added factory for admin handler: 'scriptedwarning'
05-02-2023 10:01:09.606 INFO  AdminManagerDispatch [15715 MainThread] - added factory for admin handler: 'licenseusage'
05-02-2023 10:01:09.606 INFO  LicenseMgr [15715 MainThread] - Initing LicenseMgr
05-02-2023 10:01:09.606 INFO  LMConfig [15715 MainThread] - serverName=codespaces-1e503f guid=C39C9F92-4A71-49A3-92DB-0A4A14639E88
05-02-2023 10:01:09.606 INFO  LMConfig [15715 MainThread] - connection_timeout=30
05-02-2023 10:01:09.606 INFO  LMConfig [15715 MainThread] - send_timeout=30
05-02-2023 10:01:09.606 INFO  LMConfig [15715 MainThread] - receive_timeout=30
05-02-2023 10:01:09.606 INFO  LMConfig [15715 MainThread] - key=license_warnings_update_interval not found in licenser stanza of server.conf, defaulting=0
05-02-2023 10:01:09.606 INFO  LMConfig [15715 MainThread] - squash_threshold=2000
05-02-2023 10:01:09.606 INFO  LMConfig [15715 MainThread] - strict_pool_quota=1
05-02-2023 10:01:09.606 INFO  LMConfig [15715 MainThread] - key=pool_suggestion not found in licenser stanza of server.conf, defaulting=''
05-02-2023 10:01:09.606 INFO  LMConfig [15715 MainThread] - key=test_aws_metering not found in licenser stanza of server.conf, defaulting=0
05-02-2023 10:01:09.606 INFO  LMConfig [15715 MainThread] - key=test_aws_product_code not found in licenser stanza of server.conf, defaulting=0
05-02-2023 10:01:09.606 INFO  dispatchRunner [15715 MainThread] - registering build time modules, count=1
05-02-2023 10:01:09.606 INFO  dispatchRunner [15715 MainThread] - registering search time components of build time module name=vix
05-02-2023 10:01:09.606 INFO  dispatchRunner [15715 MainThread] - Getting search configuration data from: /workspaces/Splunk_installation/splunk/etc/modules/parsing/config.xml
05-02-2023 10:01:09.607 WARN  SSLOptions [15715 MainThread] - server.conf/[kvstore]/sslVerifyServerCert is false disabling certificate validation; must be set to "true" for increased security
05-02-2023 10:01:09.607 WARN  KVStoreConfigurationProvider [15715 MainThread] - KV Store is not available. Its status is 'starting'.
05-02-2023 10:01:09.607 INFO  BundlesSetup [15715 MainThread] - Setup stats for /workspaces/Splunk_installation/splunk/etc: wallclock_elapsed_msec=8, cpu_time_used=0.00801108, shared_services_generation=2, shared_services_population=1
05-02-2023 10:01:09.615 INFO  UserManagerPro [15715 MainThread] - Load authentication: forcing roles="admin, power, splunk-system-role, user"
05-02-2023 10:01:09.615 INFO  PipelineComponent [15715 MainThread] - Ingestion pipeline sets have been configured to use pipeline set policy=round_robin for multiple pipeline sets.
05-02-2023 10:01:09.617 INFO  UserManager [16404 RunDispatch] - Setting user context: splunk-system-user
05-02-2023 10:01:09.617 INFO  UserManager [16404 RunDispatch] - Done setting user context: NULL -> splunk-system-user
05-02-2023 10:01:09.617 INFO  dispatchRunner [16404 RunDispatch] - search context: user="splunk-system-user", app="splunk_monitoring_console", bs-pathname="/workspaces/Splunk_installation/splunk/etc"
05-02-2023 10:01:09.625 INFO  SearchParser [16404 RunDispatch] - PARSING: | `dmc_get_local_instance_asset` \n| rename search_groups AS search_group \n| inputlookup append=true dmc_assets \n| stats last(*) AS * by peerURI, search_group \n| fields peerURI serverName host machine search_group
05-02-2023 10:01:09.627 INFO  SearchParser [16404 RunDispatch] - AFTER EXPANDING MACROS: | rest splunk_server=local /services/server/info \n| eval peerURI="localhost" \n| eval server_roles="indexer,search_head,license_master,kv_store" \n| makemv delim="," server_roles \n| mvexpand server_roles \n| eval computed_search_groups="dmc_group_".server_roles \n| stats first(peerURI) AS peerURI first(host) AS host first(host_fqdn) AS machine values(computed_search_groups) AS computed_search_groups by serverName \n| join type=outer peerURI [ \n| rest splunk_server=local /services/search/distributed/groups \n| fields title member \n| where isnotnull(mvfind(member, "localhost:localhost")) \n| eval peerURI="localhost" \n| rename title AS search_groups \n| fields peerURI search_groups \n| mvcombine delim=" " search_groups] \n| makemv delim=" " search_groups \n| eval search_groups = if(isnotnull(search_groups),search_groups,computed_search_groups) \n| fields - computed_search_groups \n| mvexpand search_groups \n| rename search_groups AS search_group \n| inputlookup append=true dmc_assets \n| stats last(*) AS * by peerURI, search_group \n| fields peerURI serverName host machine search_group
05-02-2023 10:01:09.627 INFO  StatsContext [16404 RunDispatch] -  Setting chunk size min=65536 max=1048576 double_every=100
05-02-2023 10:01:09.627 INFO  StatsContext [16404 RunDispatch] -  Setting max memory usage to 209715200
05-02-2023 10:01:09.627 INFO  SearchParser [16404 RunDispatch] - PARSING:   | rest splunk_server=local /services/search/distributed/groups  | fields title member  | where isnotnull(mvfind(member, "localhost:localhost"))  | eval peerURI="localhost"  | rename title AS search_groups  | fields peerURI search_groups  | mvcombine delim=" " search_groups
05-02-2023 10:01:09.627 INFO  StatsContext [16404 RunDispatch] -  Setting chunk size min=65536 max=1048576 double_every=100
05-02-2023 10:01:09.627 INFO  StatsContext [16404 RunDispatch] -  Setting max memory usage to 209715200
05-02-2023 10:01:09.628 INFO  dispatchRunner [16404 RunDispatch] - Search running in non-clustered mode
05-02-2023 10:01:09.628 INFO  dispatchRunner [16404 RunDispatch] - SearchHeadInitSearchMs=11
05-02-2023 10:01:09.628 INFO  dispatchRunner [16404 RunDispatch] - Executing the Search orchestrator and iterator model (dfs=false).
05-02-2023 10:01:09.628 INFO  SearchOrchestrator [16404 RunDispatch] - SearchOrchestrator getting constructed
05-02-2023 10:01:09.628 INFO  SearchOrchestrator [16404 RunDispatch] -  Initialized the SRI
05-02-2023 10:01:09.628 INFO  SearchFeatureFlags [16404 RunDispatch] - Initializing feature flags from config. feature_seed=4089135843
05-02-2023 10:01:09.628 INFO  SearchFeatureFlags [16404 RunDispatch] - Setting feature_flag=parallelreduce:enablePreview:true
05-02-2023 10:01:09.628 INFO  SearchFeatureFlags [16404 RunDispatch] - Setting feature_flag=search:search_retry:false
05-02-2023 10:01:09.628 INFO  SearchFeatureFlags [16404 RunDispatch] - Setting feature_flag=search:search_retry_realtime:false
05-02-2023 10:01:09.628 INFO  SearchFeatureFlags [16404 RunDispatch] - Setting feature_flag=parallelreduce:autoAppliedPercentage:false
05-02-2023 10:01:09.628 INFO  SearchFeatureFlags [16404 RunDispatch] - Setting feature_flag=subsearch:enableConcurrentPipelineProcessing:false
05-02-2023 10:01:09.628 INFO  SearchFeatureFlags [16404 RunDispatch] - Setting feature_flag=stats:allow_stats_v2:true
05-02-2023 10:01:09.629 INFO  SearchFeatureFlags [16404 RunDispatch] - Setting feature_flag=search_optimization::set_required_fields:stats:false
05-02-2023 10:01:09.629 INFO  SearchFeatureFlags [16404 RunDispatch] - Setting feature_flag=searchresults:srs2:false
05-02-2023 10:01:09.629 INFO  SearchFeatureFlags [16404 RunDispatch] - Setting feature_flag=search:read_final_results_from_timeliner:true
05-02-2023 10:01:09.629 INFO  SearchOrchestrator [16404 RunDispatch] - Search feature_flags={"v":1,"enabledFeatures":["parallelreduce:enablePreview","stats:allow_stats_v2","search:read_final_results_from_timeliner"],"disabledFeatures":["search:search_retry","search:search_retry_realtime","parallelreduce:autoAppliedPercentage","subsearch:enableConcurrentPipelineProcessing","search_optimization::set_required_fields:stats","searchresults:srs2"]}
05-02-2023 10:01:09.629 INFO  ISplunkDispatch [16404 RunDispatch] - Not running in splunkd. Bundle replication not triggered.
05-02-2023 10:01:09.632 INFO  SearchOrchestrator [16413 searchOrchestrator] - Initialzing the run time settings for the orchestrator.
05-02-2023 10:01:09.632 INFO  UserManager [16413 searchOrchestrator] - Setting user context: splunk-system-user
05-02-2023 10:01:09.632 INFO  UserManager [16413 searchOrchestrator] - Done setting user context: NULL -> splunk-system-user
05-02-2023 10:01:09.632 INFO  AdaptiveSearchEngineSelector [16413 searchOrchestrator] - Search execution_plan=classic
05-02-2023 10:01:09.632 INFO  SearchOrchestrator [16413 searchOrchestrator] - Creating the search DAG.
05-02-2023 10:01:09.632 INFO  SearchParser [16413 searchOrchestrator] - PARSING: | `dmc_get_local_instance_asset` \n| rename search_groups AS search_group \n| inputlookup append=true dmc_assets \n| stats last(*) AS * by peerURI, search_group \n| fields peerURI serverName host machine search_group
05-02-2023 10:01:09.632 INFO  SearchParser [16413 searchOrchestrator] - AFTER EXPANDING MACROS: | rest splunk_server=local /services/server/info \n| eval peerURI="localhost" \n| eval server_roles="indexer,search_head,license_master,kv_store" \n| makemv delim="," server_roles \n| mvexpand server_roles \n| eval computed_search_groups="dmc_group_".server_roles \n| stats first(peerURI) AS peerURI first(host) AS host first(host_fqdn) AS machine values(computed_search_groups) AS computed_search_groups by serverName \n| join type=outer peerURI [ \n| rest splunk_server=local /services/search/distributed/groups \n| fields title member \n| where isnotnull(mvfind(member, "localhost:localhost")) \n| eval peerURI="localhost" \n| rename title AS search_groups \n| fields peerURI search_groups \n| mvcombine delim=" " search_groups] \n| makemv delim=" " search_groups \n| eval search_groups = if(isnotnull(search_groups),search_groups,computed_search_groups) \n| fields - computed_search_groups \n| mvexpand search_groups \n| rename search_groups AS search_group \n| inputlookup append=true dmc_assets \n| stats last(*) AS * by peerURI, search_group \n| fields peerURI serverName host machine search_group
05-02-2023 10:01:09.632 INFO  StatsContext [16413 searchOrchestrator] -  Setting chunk size min=65536 max=1048576 double_every=100
05-02-2023 10:01:09.632 INFO  StatsContext [16413 searchOrchestrator] -  Setting max memory usage to 209715200
05-02-2023 10:01:09.632 INFO  SearchParser [16413 searchOrchestrator] - PARSING:   | rest splunk_server=local /services/search/distributed/groups  | fields title member  | where isnotnull(mvfind(member, "localhost:localhost"))  | eval peerURI="localhost"  | rename title AS search_groups  | fields peerURI search_groups  | mvcombine delim=" " search_groups
05-02-2023 10:01:09.632 INFO  StatsContext [16413 searchOrchestrator] -  Setting chunk size min=65536 max=1048576 double_every=100
05-02-2023 10:01:09.632 INFO  StatsContext [16413 searchOrchestrator] -  Setting max memory usage to 209715200
05-02-2023 10:01:09.633 INFO  DispatchStorageManagerInfo [16413 searchOrchestrator] - Successfully created new dispatch directory for search job. sid=1ab282a7ca24ccd6_tmp dispatch_dir=/workspaces/Splunk_installation/splunk/var/run/splunk/dispatch/1ab282a7ca24ccd6_tmp
05-02-2023 10:01:09.633 INFO  SearchOperator:rest [16413 searchOrchestrator] - built uri=/services/server/info?count=0, server=https://127.0.0.1:8089
05-02-2023 10:01:09.633 INFO  SearchParser [16413 searchOrchestrator] - PARSING: prerest splunk_server="codespaces-1e503f" timeout=60 "/services/server/info?count=0"
05-02-2023 10:01:09.633 INFO  SearchOperator:rest [16413 searchOrchestrator] - built uri=/services/server/info?count=0, server=https://127.0.0.1:8089
05-02-2023 10:01:09.634 INFO  StatsProcessorV2 [16413 searchOrchestrator] - StatsV2 (stats) args: first(peerURI), AS, peerURI, first(host), AS, host, first(host_fqdn), AS, machine, values(computed_search_groups), AS, computed_search_groups, by, serverName
05-02-2023 10:01:09.634 INFO  StatsProcessorV2 [16413 searchOrchestrator] - StatsProcessorV2::processArguments: Unaligned accesses are free
05-02-2023 10:01:09.634 INFO  StatsAggregations [16413 searchOrchestrator] - Instantiating Stats function first for key=peerURI, alias=peerURI
05-02-2023 10:01:09.634 INFO  StatsAggregations [16413 searchOrchestrator] - Instantiating Stats function first for key=host, alias=host
05-02-2023 10:01:09.634 INFO  StatsAggregations [16413 searchOrchestrator] - Instantiating Stats function first for key=host_fqdn, alias=machine
05-02-2023 10:01:09.634 INFO  StatsAggregations [16413 searchOrchestrator] - Instantiating Stats function values for key=computed_search_groups, alias=computed_search_groups
05-02-2023 10:01:09.634 INFO  StatsContext [16413 searchOrchestrator] - shouldFallbackToOldStats: _use_v2_level=USE_V2_ALL, fallback=false
05-02-2023 10:01:09.660 ERROR SearchOperator:inputcsv [16413 searchOrchestrator] - SearchMessage orig_component=SearchOperator:inputcsv sid=1ab282a7ca24ccd6_tmp message_key=INPUT_CSV:INVALID_LOOKUP_TABLE_TYPE__%s message=The lookup table 'dmc_assets' requires a .csv or KV store lookup definition.
05-02-2023 10:01:09.660 INFO  StatsProcessorV2 [16413 searchOrchestrator] - StatsV2 (stats) args: last(*), AS, *, by, peerURI, search_group
05-02-2023 10:01:09.660 INFO  StatsProcessorV2 [16413 searchOrchestrator] - StatsProcessorV2::processArguments: Unaligned accesses are free
05-02-2023 10:01:09.660 INFO  StatsAggregations [16413 searchOrchestrator] - Instantiating Stats function last for key=*, alias=*
05-02-2023 10:01:09.660 INFO  StatsContext [16413 searchOrchestrator] - shouldFallbackToOldStats: _use_v2_level=USE_V2_ALL, fallback=false
05-02-2023 10:01:09.660 INFO  DispatchThread [16413 searchOrchestrator] - BatchMode: allowBatchMode: 1, conf(1): 1, timeline/Status buckets(0):0, realtime(0):0, report pipe empty(0):0, reqTimeOrder(0):0, summarize(0):0, statefulStreaming(0):0
05-02-2023 10:01:09.661 INFO  DispatchThread [16413 searchOrchestrator] - required fields list to add to remote search = *
05-02-2023 10:01:09.661 INFO  DispatchCommandProcessor [16413 searchOrchestrator] - summaryHash=588f4fcf5efd29af summaryId=C39C9F92-4A71-49A3-92DB-0A4A14639E88_splunk_monitoring_console_nobody_588f4fcf5efd29af remoteSearch=prerest  splunk_server="codespaces-1e503f" timeout=60 "/services/server/info?count=0"
05-02-2023 10:01:09.661 INFO  DispatchCommandProcessor [16413 searchOrchestrator] - summaryHash=NSa8bfe1668406b8b4 summaryId=C39C9F92-4A71-49A3-92DB-0A4A14639E88_splunk_monitoring_console_nobody_NSa8bfe1668406b8b4 remoteSearch=prerest splunk_server="codespaces-1e503f" timeout=60 "/services/server/info?count=0"
05-02-2023 10:01:09.661 INFO  DispatchThread [16413 searchOrchestrator] - Getting summary ID for summaryHash=NSa8bfe1668406b8b4
05-02-2023 10:01:09.669 INFO  DispatchThread [16413 searchOrchestrator] - Did not find a usable summary_id, setting info._summary_mode=none, not modifying input summary_id=C39C9F92-4A71-49A3-92DB-0A4A14639E88_splunk_monitoring_console_nobody_NSa8bfe1668406b8b4
05-02-2023 10:01:09.669 INFO  SearchParser [16413 searchOrchestrator] - PARSING: | `dmc_get_local_instance_asset` \n| rename search_groups AS search_group \n| inputlookup append=true dmc_assets \n| stats last(*) AS * by peerURI, search_group \n| fields peerURI serverName host machine search_group
05-02-2023 10:01:09.669 INFO  SearchParser [16413 searchOrchestrator] - AFTER EXPANDING MACROS: | rest splunk_server=local /services/server/info \n| eval peerURI="localhost" \n| eval server_roles="indexer,search_head,license_master,kv_store" \n| makemv delim="," server_roles \n| mvexpand server_roles \n| eval computed_search_groups="dmc_group_".server_roles \n| stats first(peerURI) AS peerURI first(host) AS host first(host_fqdn) AS machine values(computed_search_groups) AS computed_search_groups by serverName \n| join type=outer peerURI [ \n| rest splunk_server=local /services/search/distributed/groups \n| fields title member \n| where isnotnull(mvfind(member, "localhost:localhost")) \n| eval peerURI="localhost" \n| rename title AS search_groups \n| fields peerURI search_groups \n| mvcombine delim=" " search_groups] \n| makemv delim=" " search_groups \n| eval search_groups = if(isnotnull(search_groups),search_groups,computed_search_groups) \n| fields - computed_search_groups \n| mvexpand search_groups \n| rename search_groups AS search_group \n| inputlookup append=true dmc_assets \n| stats last(*) AS * by peerURI, search_group \n| fields peerURI serverName host machine search_group
05-02-2023 10:01:09.669 INFO  StatsContext [16413 searchOrchestrator] -  Setting chunk size min=65536 max=1048576 double_every=100
05-02-2023 10:01:09.669 INFO  StatsContext [16413 searchOrchestrator] -  Setting max memory usage to 209715200
05-02-2023 10:01:09.669 INFO  StatsContext [16413 searchOrchestrator] -  Setting chunk size min=65536 max=1048576 double_every=100
05-02-2023 10:01:09.669 INFO  StatsContext [16413 searchOrchestrator] -  Setting max memory usage to 209715200
05-02-2023 10:01:09.669 INFO  SearchOperator:rest [16413 searchOrchestrator] - built uri=/services/server/info?count=0, server=https://127.0.0.1:8089
05-02-2023 10:01:09.669 INFO  StatsProcessorV2 [16413 searchOrchestrator] - StatsV2 (stats) args: first(peerURI), AS, peerURI, first(host), AS, host, first(host_fqdn), AS, machine, values(computed_search_groups), AS, computed_search_groups, by, serverName
05-02-2023 10:01:09.669 INFO  StatsProcessorV2 [16413 searchOrchestrator] - StatsProcessorV2::processArguments: Unaligned accesses are free
05-02-2023 10:01:09.670 INFO  StatsAggregations [16413 searchOrchestrator] - Instantiating Stats function first for key=peerURI, alias=peerURI
05-02-2023 10:01:09.670 INFO  StatsAggregations [16413 searchOrchestrator] - Instantiating Stats function first for key=host, alias=host
05-02-2023 10:01:09.670 INFO  StatsAggregations [16413 searchOrchestrator] - Instantiating Stats function first for key=host_fqdn, alias=machine
05-02-2023 10:01:09.670 INFO  StatsAggregations [16413 searchOrchestrator] - Instantiating Stats function values for key=computed_search_groups, alias=computed_search_groups
05-02-2023 10:01:09.670 INFO  StatsContext [16413 searchOrchestrator] - shouldFallbackToOldStats: _use_v2_level=USE_V2_ALL, fallback=false
05-02-2023 10:01:09.670 ERROR SearchOperator:inputcsv [16413 searchOrchestrator] - SearchMessage orig_component=SearchOperator:inputcsv sid=scheduler__nobody_c3BsdW5rX21vbml0b3JpbmdfY29uc29sZQ__RMD54740dfff07b17ef1_at_1683021638_0 message_key=INPUT_CSV:INVALID_LOOKUP_TABLE_TYPE__%s message=The lookup table 'dmc_assets' requires a .csv or KV store lookup definition.
05-02-2023 10:01:09.670 INFO  StatsProcessorV2 [16413 searchOrchestrator] - StatsV2 (stats) args: last(*), AS, *, by, peerURI, search_group
05-02-2023 10:01:09.670 INFO  StatsProcessorV2 [16413 searchOrchestrator] - StatsProcessorV2::processArguments: Unaligned accesses are free
05-02-2023 10:01:09.670 INFO  StatsAggregations [16413 searchOrchestrator] - Instantiating Stats function last for key=*, alias=*
05-02-2023 10:01:09.670 INFO  StatsContext [16413 searchOrchestrator] - shouldFallbackToOldStats: _use_v2_level=USE_V2_ALL, fallback=false
05-02-2023 10:01:09.670 INFO  SearchParser [16413 searchOrchestrator] - PARSING:   | rest splunk_server=local /services/search/distributed/groups  | fields title member  | where isnotnull(mvfind(member, "localhost:localhost"))  | eval peerURI="localhost"  | rename title AS search_groups  | fields peerURI search_groups  | mvcombine delim=" " search_groups
05-02-2023 10:01:09.670 INFO  SearchOperator:rest [16413 searchOrchestrator] - built uri=/services/search/distributed/groups?count=0, server=https://127.0.0.1:8089
05-02-2023 10:01:09.671 INFO  AstOptimizer [16413 searchOrchestrator] - SrchOptMetrics optimize_toJson=0.001231858
05-02-2023 10:01:09.671 INFO  StatsContext [16413 searchOrchestrator] -  Setting chunk size min=65536 max=1048576 double_every=100
05-02-2023 10:01:09.671 INFO  StatsContext [16413 searchOrchestrator] -  Setting max memory usage to 209715200
05-02-2023 10:01:09.671 INFO  StatsContext [16413 searchOrchestrator] -  Setting chunk size min=65536 max=1048576 double_every=100
05-02-2023 10:01:09.671 INFO  StatsContext [16413 searchOrchestrator] -  Setting max memory usage to 209715200
05-02-2023 10:01:09.671 INFO  SearchParser [16413 searchOrchestrator] - PARSING:  | rest /services/server/info splunk_server=local | eval peerURI="localhost" | eval server_roles="indexer,search_head,license_master,kv_store" | makemv delim="," server_roles | mvexpand server_roles | eval computed_search_groups=("dmc_group_" . server_roles) | stats first(peerURI) AS peerURI first(host) AS host first(host_fqdn) AS machine values(computed_search_groups) AS computed_search_groups by serverName | join type=outer peerURI [ | rest /services/search/distributed/groups splunk_server=local | fields + title, member | where isnotnull(mvfind(member,"localhost:localhost")) | eval peerURI="localhost" | rename title as search_groups | fields + peerURI, search_groups | mvcombine delim=" " search_groups] | makemv delim=" " search_groups | eval search_groups=if(isnotnull(search_groups),search_groups,computed_search_groups) | fields - computed_search_groups | mvexpand search_groups | rename search_groups as search_group| inputlookup dmc_assets append=1 | stats last(*) AS * by peerURI, search_group | fields + peerURI, serverName, host, machine, search_group
05-02-2023 10:01:09.671 INFO  StatsContext [16413 searchOrchestrator] -  Setting chunk size min=65536 max=1048576 double_every=100
05-02-2023 10:01:09.671 INFO  StatsContext [16413 searchOrchestrator] -  Setting max memory usage to 209715200
05-02-2023 10:01:09.671 INFO  SearchParser [16413 searchOrchestrator] - PARSING:  | rest /services/search/distributed/groups splunk_server=local | fields + title, member | where isnotnull(mvfind(member,"localhost:localhost")) | eval peerURI="localhost" | rename title as search_groups | fields + peerURI, search_groups | mvcombine delim=" " search_groups
05-02-2023 10:01:09.671 INFO  StatsContext [16413 searchOrchestrator] -  Setting chunk size min=65536 max=1048576 double_every=100
05-02-2023 10:01:09.671 INFO  StatsContext [16413 searchOrchestrator] -  Setting max memory usage to 209715200
05-02-2023 10:01:09.672 INFO  SearchParser [16413 searchOrchestrator] - PARSING:  | rest /services/server/info splunk_server=local | eval peerURI="localhost" | eval server_roles="indexer,search_head,license_master,kv_store" | makemv delim="," server_roles | mvexpand server_roles | eval computed_search_groups=("dmc_group_" . server_roles) | stats first(peerURI) AS peerURI first(host) AS host first(host_fqdn) AS machine values(computed_search_groups) AS computed_search_groups by serverName | join type=outer peerURI [ | rest /services/search/distributed/groups splunk_server=local | fields + title, member | where isnotnull(mvfind(member,"localhost:localhost")) | eval peerURI="localhost" | rename title as search_groups | fields + peerURI, search_groups | mvcombine delim=" " search_groups] | makemv delim=" " search_groups | eval search_groups=if(isnotnull(search_groups),search_groups,computed_search_groups) | fields - computed_search_groups | mvexpand search_groups | rename search_groups as search_group| inputlookup dmc_assets append=1 | stats last(*) AS * by peerURI, search_group | fields + peerURI, serverName, host, machine, search_group
05-02-2023 10:01:09.672 INFO  StatsContext [16413 searchOrchestrator] -  Setting chunk size min=65536 max=1048576 double_every=100
05-02-2023 10:01:09.672 INFO  StatsContext [16413 searchOrchestrator] -  Setting max memory usage to 209715200
05-02-2023 10:01:09.672 INFO  StatsContext [16413 searchOrchestrator] -  Setting chunk size min=65536 max=1048576 double_every=100
05-02-2023 10:01:09.672 INFO  StatsContext [16413 searchOrchestrator] -  Setting max memory usage to 209715200
05-02-2023 10:01:09.672 INFO  SearchOperator:rest [16413 searchOrchestrator] - built uri=/services/server/info?count=0, server=https://127.0.0.1:8089
05-02-2023 10:01:09.672 INFO  StatsProcessorV2 [16413 searchOrchestrator] - StatsV2 (stats) args: first(peerURI), AS, peerURI, first(host), AS, host, first(host_fqdn), AS, machine, values(computed_search_groups), AS, computed_search_groups, by, serverName
05-02-2023 10:01:09.672 INFO  StatsProcessorV2 [16413 searchOrchestrator] - StatsProcessorV2::processArguments: Unaligned accesses are free
05-02-2023 10:01:09.672 INFO  StatsAggregations [16413 searchOrchestrator] - Instantiating Stats function first for key=peerURI, alias=peerURI
05-02-2023 10:01:09.672 INFO  StatsAggregations [16413 searchOrchestrator] - Instantiating Stats function first for key=host, alias=host
05-02-2023 10:01:09.672 INFO  StatsAggregations [16413 searchOrchestrator] - Instantiating Stats function first for key=host_fqdn, alias=machine
05-02-2023 10:01:09.672 INFO  StatsAggregations [16413 searchOrchestrator] - Instantiating Stats function values for key=computed_search_groups, alias=computed_search_groups
05-02-2023 10:01:09.672 INFO  StatsContext [16413 searchOrchestrator] - shouldFallbackToOldStats: _use_v2_level=USE_V2_ALL, fallback=false
05-02-2023 10:01:09.672 ERROR SearchOperator:inputcsv [16413 searchOrchestrator] - SearchMessage orig_component=SearchOperator:inputcsv sid=scheduler__nobody_c3BsdW5rX21vbml0b3JpbmdfY29uc29sZQ__RMD54740dfff07b17ef1_at_1683021638_0 message_key=INPUT_CSV:INVALID_LOOKUP_TABLE_TYPE__%s message=The lookup table 'dmc_assets' requires a .csv or KV store lookup definition.
05-02-2023 10:01:09.672 INFO  StatsProcessorV2 [16413 searchOrchestrator] - StatsV2 (stats) args: last(*), AS, *, by, peerURI, search_group
05-02-2023 10:01:09.672 INFO  StatsProcessorV2 [16413 searchOrchestrator] - StatsProcessorV2::processArguments: Unaligned accesses are free
05-02-2023 10:01:09.672 INFO  StatsAggregations [16413 searchOrchestrator] - Instantiating Stats function last for key=*, alias=*
05-02-2023 10:01:09.672 INFO  StatsContext [16413 searchOrchestrator] - shouldFallbackToOldStats: _use_v2_level=USE_V2_ALL, fallback=false
05-02-2023 10:01:09.672 INFO  SearchParser [16413 searchOrchestrator] - PARSING:  | rest /services/search/distributed/groups splunk_server=local | fields + title, member | where isnotnull(mvfind(member,"localhost:localhost")) | eval peerURI="localhost" | rename title as search_groups | fields + peerURI, search_groups | mvcombine delim=" " search_groups
05-02-2023 10:01:09.672 INFO  SearchOperator:rest [16413 searchOrchestrator] - built uri=/services/search/distributed/groups?count=0, server=https://127.0.0.1:8089
05-02-2023 10:01:09.672 INFO  AstOptimizer [16413 searchOrchestrator] - SrchOptMetrics optimize_toJson=0.000585227
05-02-2023 10:01:09.672 INFO  FederatedProviderVisitor [16413 searchOrchestrator] - Federated Whole Search Remote Execution Enabled: false
05-02-2023 10:01:09.673 INFO  FederatedProviderVisitor [16413 searchOrchestrator] - Command not safe for remote execution, command=rest
05-02-2023 10:01:09.673 INFO  AstOptimizer [16413 searchOrchestrator] - Data federation feature enabled: 0
05-02-2023 10:01:09.673 INFO  AstOptimizer [16413 searchOrchestrator] - Will only run the following branching command specific optimizations=[replace_append_with_union merge_union]
05-02-2023 10:01:09.673 INFO  StatsContext [16413 searchOrchestrator] -  Setting chunk size min=65536 max=1048576 double_every=100
05-02-2023 10:01:09.673 INFO  StatsContext [16413 searchOrchestrator] -  Setting max memory usage to 209715200
05-02-2023 10:01:09.673 INFO  StatsContext [16413 searchOrchestrator] -  Setting chunk size min=65536 max=1048576 double_every=100
05-02-2023 10:01:09.673 INFO  StatsContext [16413 searchOrchestrator] -  Setting max memory usage to 209715200
05-02-2023 10:01:09.673 INFO  StatsContext [16413 searchOrchestrator] -  Setting chunk size min=65536 max=1048576 double_every=100
05-02-2023 10:01:09.673 INFO  StatsContext [16413 searchOrchestrator] -  Setting max memory usage to 209715200
05-02-2023 10:01:09.673 INFO  StatsContext [16413 searchOrchestrator] -  Setting chunk size min=65536 max=1048576 double_every=100
05-02-2023 10:01:09.673 INFO  StatsContext [16413 searchOrchestrator] -  Setting max memory usage to 209715200
05-02-2023 10:01:09.673 INFO  AstOptimizer [16413 searchOrchestrator] - Branch optimization had no effect
05-02-2023 10:01:09.673 INFO  AstOptimizer [16413 searchOrchestrator] - SrchOptMetrics optimization=0.002200203
05-02-2023 10:01:09.673 INFO  StatsContext [16413 searchOrchestrator] -  Setting chunk size min=65536 max=1048576 double_every=100
05-02-2023 10:01:09.673 INFO  StatsContext [16413 searchOrchestrator] -  Setting max memory usage to 209715200
05-02-2023 10:01:09.673 INFO  StatsContext [16413 searchOrchestrator] -  Setting chunk size min=65536 max=1048576 double_every=100
05-02-2023 10:01:09.673 INFO  StatsContext [16413 searchOrchestrator] -  Setting max memory usage to 209715200
05-02-2023 10:01:09.673 INFO  SearchPhaseGenerator [16413 searchOrchestrator] - Optimized Search = | rest /services/server/info splunk_server=local | eval peerURI="localhost" | eval server_roles="indexer,search_head,license_master,kv_store" | makemv delim="," server_roles | mvexpand server_roles | eval computed_search_groups=("dmc_group_" . server_roles) | stats first(peerURI) AS peerURI first(host) AS host first(host_fqdn) AS machine values(computed_search_groups) AS computed_search_groups by serverName | join type=outer peerURI [ | rest /services/search/distributed/groups splunk_server=local | fields + title, member | where isnotnull(mvfind(member,"localhost:localhost")) | eval peerURI="localhost" | rename title as search_groups | fields + peerURI, search_groups | mvcombine delim=" " search_groups] | makemv delim=" " search_groups | eval search_groups=if(isnotnull(search_groups),search_groups,computed_search_groups) | fields - computed_search_groups | mvexpand search_groups | rename search_groups as search_group| inputlookup dmc_assets append=1 | stats last(*) AS * by peerURI, search_group | fields + peerURI, serverName, host, machine, search_group
05-02-2023 10:01:09.673 INFO  ScopedTimer [16413 searchOrchestrator] - search.optimize 0.004170195
05-02-2023 10:01:09.673 INFO  FederatedProviderVisitor [16413 searchOrchestrator] - Federated Whole Search Remote Execution Enabled: false
05-02-2023 10:01:09.673 INFO  FederatedProviderVisitor [16413 searchOrchestrator] - Command not safe for remote execution, command=rest
05-02-2023 10:01:09.674 INFO  SearchPhaseGenerator [16413 searchOrchestrator] - Number of involved federated deployments is 0.
05-02-2023 10:01:09.674 INFO  ParallelReducePolicy [16413 searchOrchestrator] - Current Search Head doesn't have any usable peers to use.
05-02-2023 10:01:09.674 INFO  PhaseNodeGenerationVisitor [16413 searchOrchestrator] - FallBackReason: Fallback to 2-phase mode because of empty split key of cmd: rest
05-02-2023 10:01:09.674 INFO  StatsContext [16413 searchOrchestrator] -  Setting chunk size min=65536 max=1048576 double_every=100
05-02-2023 10:01:09.674 INFO  StatsContext [16413 searchOrchestrator] -  Setting max memory usage to 209715200
05-02-2023 10:01:09.674 INFO  StatsContext [16413 searchOrchestrator] -  Setting chunk size min=65536 max=1048576 double_every=100
05-02-2023 10:01:09.674 INFO  StatsContext [16413 searchOrchestrator] -  Setting max memory usage to 209715200
05-02-2023 10:01:09.674 INFO  PhaseToPipelineVisitor [16413 searchOrchestrator] - Phase Search =  | rest /services/server/info splunk_server=local | eval peerURI="localhost" | eval server_roles="indexer,search_head,license_master,kv_store" | makemv delim="," server_roles | mvexpand server_roles | eval computed_search_groups=("dmc_group_" . server_roles) | stats first(peerURI) AS peerURI first(host) AS host first(host_fqdn) AS machine values(computed_search_groups) AS computed_search_groups by serverName | join type=outer peerURI [ | rest /services/search/distributed/groups splunk_server=local | fields + title, member | where isnotnull(mvfind(member,"localhost:localhost")) | eval peerURI="localhost" | rename title as search_groups | fields + peerURI, search_groups | mvcombine delim=" " search_groups] | makemv delim=" " search_groups | eval search_groups=if(isnotnull(search_groups),search_groups,computed_search_groups) | fields - computed_search_groups | mvexpand search_groups | rename search_groups as search_group| inputlookup dmc_assets append=1 | stats last(*) AS * by peerURI, search_group | fields + peerURI, serverName, host, machine, search_group
05-02-2023 10:01:09.674 INFO  SearchParser [16413 searchOrchestrator] - PARSING:  | rest /services/server/info splunk_server=local | eval peerURI="localhost" | eval server_roles="indexer,search_head,license_master,kv_store" | makemv delim="," server_roles | mvexpand server_roles | eval computed_search_groups=("dmc_group_" . server_roles) | stats first(peerURI) AS peerURI first(host) AS host first(host_fqdn) AS machine values(computed_search_groups) AS computed_search_groups by serverName | join type=outer peerURI [ | rest /services/search/distributed/groups splunk_server=local | fields + title, member | where isnotnull(mvfind(member,"localhost:localhost")) | eval peerURI="localhost" | rename title as search_groups | fields + peerURI, search_groups | mvcombine delim=" " search_groups] | makemv delim=" " search_groups | eval search_groups=if(isnotnull(search_groups),search_groups,computed_search_groups) | fields - computed_search_groups | mvexpand search_groups | rename search_groups as search_group| inputlookup dmc_assets append=1 | stats last(*) AS * by peerURI, search_group | fields + peerURI, serverName, host, machine, search_group
05-02-2023 10:01:09.674 INFO  StatsContext [16413 searchOrchestrator] -  Setting chunk size min=65536 max=1048576 double_every=100
05-02-2023 10:01:09.674 INFO  StatsContext [16413 searchOrchestrator] -  Setting max memory usage to 209715200
05-02-2023 10:01:09.674 INFO  SearchParser [16413 searchOrchestrator] - PARSING:  | rest /services/search/distributed/groups splunk_server=local | fields + title, member | where isnotnull(mvfind(member,"localhost:localhost")) | eval peerURI="localhost" | rename title as search_groups | fields + peerURI, search_groups | mvcombine delim=" " search_groups
05-02-2023 10:01:09.674 INFO  StatsContext [16413 searchOrchestrator] -  Setting chunk size min=65536 max=1048576 double_every=100
05-02-2023 10:01:09.674 INFO  StatsContext [16413 searchOrchestrator] -  Setting max memory usage to 209715200
05-02-2023 10:01:09.674 INFO  SearchOperator:rest [16413 searchOrchestrator] - built uri=/services/server/info?count=0, server=https://127.0.0.1:8089
05-02-2023 10:01:09.674 INFO  StatsProcessorV2 [16413 searchOrchestrator] - StatsV2 (stats) args: first(peerURI), AS, peerURI, first(host), AS, host, first(host_fqdn), AS, machine, values(computed_search_groups), AS, computed_search_groups, by, serverName
05-02-2023 10:01:09.674 INFO  StatsProcessorV2 [16413 searchOrchestrator] - StatsProcessorV2::processArguments: Unaligned accesses are free
05-02-2023 10:01:09.674 INFO  StatsAggregations [16413 searchOrchestrator] - Instantiating Stats function first for key=peerURI, alias=peerURI
05-02-2023 10:01:09.674 INFO  StatsAggregations [16413 searchOrchestrator] - Instantiating Stats function first for key=host, alias=host
05-02-2023 10:01:09.674 INFO  StatsAggregations [16413 searchOrchestrator] - Instantiating Stats function first for key=host_fqdn, alias=machine
05-02-2023 10:01:09.674 INFO  StatsAggregations [16413 searchOrchestrator] - Instantiating Stats function values for key=computed_search_groups, alias=computed_search_groups
05-02-2023 10:01:09.674 INFO  StatsContext [16413 searchOrchestrator] - shouldFallbackToOldStats: _use_v2_level=USE_V2_ALL, fallback=false
05-02-2023 10:01:09.674 INFO  DispatchStorageManagerInfo [16413 searchOrchestrator] - Successfully created new dispatch directory for search job. sid=subsearch_scheduler__nobody_c3BsdW5rX21vbml0b3JpbmdfY29uc29sZQ__RMD54740dfff07b17ef1_at_1683021638_0_1683021669.1 dispatch_dir=/workspaces/Splunk_installation/splunk/var/run/splunk/dispatch/subsearch_scheduler__nobody_c3BsdW5rX21vbml0b3JpbmdfY29uc29sZQ__RMD54740dfff07b17ef1_at_1683021638_0_1683021669.1
05-02-2023 10:01:09.676 INFO  HealthReporter [16413 searchOrchestrator] - Loaded latency_tracker_log_interval with value=30 from stanza=health_reporter
05-02-2023 10:01:09.676 INFO  HealthReporter [16413 searchOrchestrator] - Loaded aggregate_ingestion_latency_health with value=1 from stanza=health_reporter
05-02-2023 10:01:09.676 INFO  HealthReporter [16413 searchOrchestrator] - aggregate_ingestion_latency_health with value=1 from stanza=health_reporter will enable the aggregation of ingestion latency health reporter.
05-02-2023 10:01:09.676 INFO  HealthReporter [16413 searchOrchestrator] - Loaded ingestion_latency_send_interval_max with value=86400 from stanza=health_reporter
05-02-2023 10:01:09.676 INFO  HealthReporter [16413 searchOrchestrator] - Loaded ingestion_latency_send_interval with value=30 from stanza=health_reporter
05-02-2023 10:01:09.677 INFO  SearchOrchestrator [16413 searchOrchestrator] - SearchOrchestrator getting constructed
05-02-2023 10:01:09.677 INFO  SearchOrchestrator [16413 searchOrchestrator] -  Initialized the SRI
05-02-2023 10:01:09.677 INFO  ISplunkDispatch [16413 searchOrchestrator] - Not running in splunkd. Bundle replication not triggered.
05-02-2023 10:01:09.677 INFO  SearchOrchestrator [16415 searchOrchestrator] - Initialzing the run time settings for the orchestrator.
05-02-2023 10:01:09.677 INFO  UserManager [16415 searchOrchestrator] - Setting user context: splunk-system-user
05-02-2023 10:01:09.677 INFO  UserManager [16415 searchOrchestrator] - Done setting user context: NULL -> splunk-system-user
05-02-2023 10:01:09.678 INFO  SearchOrchestrator [16415 searchOrchestrator] - Creating the search DAG.
05-02-2023 10:01:09.678 INFO  SearchParser [16415 searchOrchestrator] - PARSING:  | rest /services/search/distributed/groups splunk_server=local | fields + title, member | where isnotnull(mvfind(member,"localhost:localhost")) | eval peerURI="localhost" | rename title as search_groups | fields + peerURI, search_groups | mvcombine delim=" " search_groups
05-02-2023 10:01:09.678 INFO  DispatchStorageManagerInfo [16415 searchOrchestrator] - Successfully created new dispatch directory for search job. sid=5721b87677ae551c_tmp dispatch_dir=/workspaces/Splunk_installation/splunk/var/run/splunk/dispatch/5721b87677ae551c_tmp
05-02-2023 10:01:09.678 INFO  SearchOperator:rest [16415 searchOrchestrator] - built uri=/services/search/distributed/groups?count=0, server=https://127.0.0.1:8089
05-02-2023 10:01:09.678 INFO  SearchParser [16415 searchOrchestrator] - PARSING: prerest splunk_server="codespaces-1e503f" timeout=60 "/services/search/distributed/groups?count=0"
05-02-2023 10:01:09.678 INFO  SearchOperator:rest [16415 searchOrchestrator] - built uri=/services/search/distributed/groups?count=0, server=https://127.0.0.1:8089
05-02-2023 10:01:09.678 INFO  DispatchThread [16415 searchOrchestrator] - BatchMode: allowBatchMode: 1, conf(1): 1, timeline/Status buckets(0):0, realtime(0):0, report pipe empty(0):0, reqTimeOrder(0):0, summarize(0):0, statefulStreaming(0):0
05-02-2023 10:01:09.679 INFO  DispatchThread [16415 searchOrchestrator] - required fields list to add to remote search = *
05-02-2023 10:01:09.679 INFO  DispatchCommandProcessor [16415 searchOrchestrator] - summaryHash=de8a1e5662791271 summaryId=C39C9F92-4A71-49A3-92DB-0A4A14639E88_splunk_monitoring_console_nobody_de8a1e5662791271 remoteSearch=prerest  splunk_server="codespaces-1e503f" timeout=60 "/services/search/distributed/groups?count=0"
05-02-2023 10:01:09.679 INFO  DispatchCommandProcessor [16415 searchOrchestrator] - summaryHash=NS46d0fbbbee90848e summaryId=C39C9F92-4A71-49A3-92DB-0A4A14639E88_splunk_monitoring_console_nobody_NS46d0fbbbee90848e remoteSearch=prerest splunk_server="codespaces-1e503f" timeout=60 "/services/search/distributed/groups?count=0"
05-02-2023 10:01:09.679 INFO  DispatchThread [16415 searchOrchestrator] - Getting summary ID for summaryHash=NS46d0fbbbee90848e
05-02-2023 10:01:09.679 INFO  SearchParser [16415 searchOrchestrator] - PARSING:  | rest /services/search/distributed/groups splunk_server=local | fields + title, member | where isnotnull(mvfind(member,"localhost:localhost")) | eval peerURI="localhost" | rename title as search_groups | fields + peerURI, search_groups | mvcombine delim=" " search_groups
05-02-2023 10:01:09.679 INFO  SearchOperator:rest [16415 searchOrchestrator] - built uri=/services/search/distributed/groups?count=0, server=https://127.0.0.1:8089
05-02-2023 10:01:09.679 INFO  AstOptimizer [16415 searchOrchestrator] - SrchOptMetrics optimize_toJson=0.000086504
05-02-2023 10:01:09.679 INFO  SearchParser [16415 searchOrchestrator] - PARSING: | mvcombine delim=" " search_groups
05-02-2023 10:01:09.679 INFO  SearchParser [16415 searchOrchestrator] - PARSING:  | fields + peerURI, search_groups
05-02-2023 10:01:09.679 INFO  SearchParser [16415 searchOrchestrator] - PARSING:  | rename title as search_groups
05-02-2023 10:01:09.679 INFO  SearchParser [16415 searchOrchestrator] - PARSING:  | eval peerURI="localhost"
05-02-2023 10:01:09.679 INFO  SearchParser [16415 searchOrchestrator] - PARSING:  | fields + title, member
05-02-2023 10:01:09.679 INFO  SearchParser [16415 searchOrchestrator] - PARSING:  | where isnotnull(mvfind(member,"localhost:localhost"))
05-02-2023 10:01:09.679 INFO  SearchParser [16415 searchOrchestrator] - PARSING:  | rest /services/search/distributed/groups splunk_server=local
05-02-2023 10:01:09.679 INFO  FederatedProviderVisitor [16415 searchOrchestrator] - Federated Whole Search Remote Execution Enabled: false
05-02-2023 10:01:09.679 INFO  FederatedProviderVisitor [16415 searchOrchestrator] - Command not safe for remote execution, command=rest
05-02-2023 10:01:09.679 INFO  AstOptimizer [16415 searchOrchestrator] - Data federation feature enabled: 0
05-02-2023 10:01:09.679 INFO  ProjElim [16415 searchOrchestrator] - Black listed processors=[addinfo]
05-02-2023 10:01:09.682 INFO  AstVisitorFactory [16415 searchOrchestrator] - Not building visitor : replace_stats_cmds_with_tstats
05-02-2023 10:01:09.682 INFO  AstVisitorFactory [16415 searchOrchestrator] - Not building visitor : replace_chart_cmds_with_tstats
05-02-2023 10:01:09.682 INFO  AstOptimizer [16415 searchOrchestrator] - SrchOptMetrics optimization=0.003300855
05-02-2023 10:01:09.682 INFO  SearchPhaseGenerator [16415 searchOrchestrator] - Optimized Search = | rest /services/search/distributed/groups splunk_server=local | where isnotnull(mvfind(member,"localhost:localhost")) | fields + title, member | eval peerURI="localhost" | rename title as search_groups | fields + peerURI, search_groups | mvcombine delim=" " search_groups
05-02-2023 10:01:09.682 INFO  ScopedTimer [16415 searchOrchestrator] - search.optimize 0.003562266
05-02-2023 10:01:09.682 INFO  FederatedProviderVisitor [16415 searchOrchestrator] - Federated Whole Search Remote Execution Enabled: false
05-02-2023 10:01:09.682 INFO  FederatedProviderVisitor [16415 searchOrchestrator] - Command not safe for remote execution, command=rest
05-02-2023 10:01:09.682 INFO  SearchPhaseGenerator [16415 searchOrchestrator] - Number of involved federated deployments is 0.
05-02-2023 10:01:09.682 INFO  ParallelReducePolicy [16415 searchOrchestrator] - Current Search Head doesn't have any usable peers to use.
05-02-2023 10:01:09.683 INFO  PhaseToPipelineVisitor [16415 searchOrchestrator] - Phase Search =  | rest /services/search/distributed/groups splunk_server=local | where isnotnull(mvfind(member,"localhost:localhost")) | fields + title, member | eval peerURI="localhost" | rename title as search_groups | fields + peerURI, search_groups | mvcombine delim=" " search_groups
05-02-2023 10:01:09.683 INFO  SearchParser [16415 searchOrchestrator] - PARSING:  | rest /services/search/distributed/groups splunk_server=local | where isnotnull(mvfind(member,"localhost:localhost")) | fields + title, member | eval peerURI="localhost" | rename title as search_groups | fields + peerURI, search_groups | mvcombine delim=" " search_groups
05-02-2023 10:01:09.683 INFO  SearchOperator:rest [16415 searchOrchestrator] - built uri=/services/search/distributed/groups?count=0, server=https://127.0.0.1:8089
05-02-2023 10:01:09.683 INFO  SearchPipeline [16415 searchOrchestrator] - ReportSearch=1 AllowBatchMode=0
05-02-2023 10:01:09.683 INFO  SearchParser [16415 searchOrchestrator] - PARSING: prerest splunk_server="codespaces-1e503f" timeout=60 "/services/search/distributed/groups?count=0"
05-02-2023 10:01:09.683 INFO  SearchOperator:rest [16415 searchOrchestrator] - built uri=/services/search/distributed/groups?count=0, server=https://127.0.0.1:8089
05-02-2023 10:01:09.683 INFO  SearchPhaseGenerator [16415 searchOrchestrator] - Disabling timeliner since source is not an event index
05-02-2023 10:01:09.683 INFO  SearchPhaseGenerator [16415 searchOrchestrator] - Disabling timeliner since event search is empty
05-02-2023 10:01:09.683 INFO  SearchPhaseGenerator [16415 searchOrchestrator] - No need for RTWindowProcessor
05-02-2023 10:01:09.683 INFO  SearchPhaseGenerator [16415 searchOrchestrator] - Timeliner will not be executed
05-02-2023 10:01:09.683 INFO  SearchPhaseGenerator [16415 searchOrchestrator] - required fields list to add to different pipelines = *
05-02-2023 10:01:09.683 INFO  SearchPhaseGenerator [16415 searchOrchestrator] - Result collation will occur at proc=mvcombine
05-02-2023 10:01:09.683 INFO  SearchPhaseGenerator [16415 searchOrchestrator] - Search Phases created.
05-02-2023 10:01:09.684 INFO  SearchOrchestrator [16415 searchOrchestrator] - Preview is not enabled. (preview_algorithm=NONE)
05-02-2023 10:01:09.685 INFO  UserManager [16415 searchOrchestrator] - Setting user context: splunk-system-user
05-02-2023 10:01:09.685 INFO  UserManager [16415 searchOrchestrator] - Done setting user context: splunk-system-user -> splunk-system-user
05-02-2023 10:01:09.685 INFO  UserManager [16415 searchOrchestrator] - Unwound user context: splunk-system-user -> splunk-system-user
05-02-2023 10:01:09.685 INFO  DistributedSearchResultCollectionManager [16415 searchOrchestrator] - Stream search: prerest  splunk_server="codespaces-1e503f" timeout=60 "/services/search/distributed/groups?count=0"
05-02-2023 10:01:09.685 INFO  ExternalResultProvider [16415 searchOrchestrator] - No external result providers are configured
05-02-2023 10:01:09.685 INFO  DistributedSearchResultCollectionManager [16415 searchOrchestrator] - ERP_FACTORY initialized, but zero external result provider, hence disabling _isERPCollectionEnabled
05-02-2023 10:01:09.685 INFO  DistributedSearchResultCollectionManager [16415 searchOrchestrator] - results_queue_read_timeout_sec=900.000 send_timeout=30.000 connect_timeout=10.000 receive_timeout=600.000
05-02-2023 10:01:09.685 INFO  DistributedSearchResultCollectionManager [16415 searchOrchestrator] - Default search group:*
05-02-2023 10:01:09.685 INFO  SearchTargeter [16415 searchOrchestrator] - should contact peer:codespaces-1e503f regex=codespaces-1e503f 1
05-02-2023 10:01:09.685 INFO  DistributedSearchResultCollectionManager [16415 searchOrchestrator] - Connecting to peer codespaces-1e503f connectAll 0 connectToSpecificPeer 1
05-02-2023 10:01:09.685 INFO  SearchPhaseGenerator [16415 searchOrchestrator] - Time spends on creating distributed search results infrastructure; dispatchcreatedSearchResultInfrastructure=0.001588574 seconds.
05-02-2023 10:01:09.685 INFO  UserManager [16420 SearchResultExecutorThread] - Setting user context: splunk-system-user
05-02-2023 10:01:09.685 INFO  UserManager [16420 SearchResultExecutorThread] - Done setting user context: NULL -> splunk-system-user
05-02-2023 10:01:09.685 INFO  UserManager [16422 SearchResultExecutorThread] - Setting user context: splunk-system-user
05-02-2023 10:01:09.685 INFO  UserManager [16422 SearchResultExecutorThread] - Done setting user context: NULL -> splunk-system-user
05-02-2023 10:01:09.685 INFO  SearchOrchestrator [16415 searchOrchestrator] - Starting the status control thread.
05-02-2023 10:01:09.685 INFO  SearchOrchestrator [16415 searchOrchestrator] - Starting phase=1
05-02-2023 10:01:09.685 INFO  UserManager [16417 StatusEnforcerThread] - Setting user context: splunk-system-user
05-02-2023 10:01:09.685 INFO  UserManager [16417 StatusEnforcerThread] - Done setting user context: NULL -> splunk-system-user
05-02-2023 10:01:09.685 INFO  SearchStatusEnforcer [16417 StatusEnforcerThread] - Enforcing disk quota = 10485760000
05-02-2023 10:01:09.685 INFO  UserManager [16423 SearchResultExecutorThread] - Setting user context: splunk-system-user
05-02-2023 10:01:09.685 INFO  UserManager [16423 SearchResultExecutorThread] - Done setting user context: NULL -> splunk-system-user
05-02-2023 10:01:09.686 INFO  UserManager [16425 phase_1] - Setting user context: splunk-system-user
05-02-2023 10:01:09.686 INFO  UserManager [16425 phase_1] - Done setting user context: NULL -> splunk-system-user
05-02-2023 10:01:09.686 INFO  ReducePhaseExecutor [16425 phase_1] - Starting phase_1
05-02-2023 10:01:09.686 INFO  UserManager [16424 SearchResultExecutorThread] - Setting user context: splunk-system-user
05-02-2023 10:01:09.686 INFO  UserManager [16424 SearchResultExecutorThread] - Done setting user context: NULL -> splunk-system-user
05-02-2023 10:01:09.686 INFO  UserManager [16421 SearchResultExecutorThread] - Setting user context: splunk-system-user
05-02-2023 10:01:09.686 INFO  UserManager [16421 SearchResultExecutorThread] - Done setting user context: NULL -> splunk-system-user
05-02-2023 10:01:09.686 INFO  UserManager [16426 localCollectorThread] - Setting user context: splunk-system-user
05-02-2023 10:01:09.686 INFO  UserManager [16426 localCollectorThread] - Done setting user context: NULL -> splunk-system-user
05-02-2023 10:01:09.686 INFO  SearchParser [16426 localCollectorThread] - PARSING: prerest  splunk_server="codespaces-1e503f" timeout=60 "/services/search/distributed/groups?count=0"
05-02-2023 10:01:09.686 INFO  SearchOperator:rest [16426 localCollectorThread] - built uri=/services/search/distributed/groups?count=0, server=https://127.0.0.1:8089
05-02-2023 10:01:09.686 INFO  LocalCollector [16426 localCollectorThread] - Final required fields list = *
05-02-2023 10:01:09.686 INFO  UserManager [16426 localCollectorThread] - Unwound user context: splunk-system-user -> NULL
05-02-2023 10:01:09.686 INFO  UserManager [16426 localCollectorThread] - Setting user context: splunk-system-user
05-02-2023 10:01:09.686 INFO  UserManager [16426 localCollectorThread] - Done setting user context: NULL -> splunk-system-user
05-02-2023 10:01:09.686 INFO  SearchOperator:rest [16426 localCollectorThread] - in RestProcessor::execute
05-02-2023 10:01:09.686 INFO  ProxyConfig [16426 localCollectorThread] - Failed to initialize http_proxy from server.conf for splunkd. Please make sure that the http_proxy property is set as http_proxy=http://host:port in case HTTP proxying needs to be enabled.
05-02-2023 10:01:09.686 INFO  ProxyConfig [16426 localCollectorThread] - Failed to initialize https_proxy from server.conf for splunkd. Please make sure that the https_proxy property is set as https_proxy=http://host:port in case HTTP proxying needs to be enabled.
05-02-2023 10:01:09.686 INFO  ProxyConfig [16426 localCollectorThread] - Failed to initialize the proxy_rules setting from server.conf for splunkd. Please provide a valid set of proxy_rules in case HTTP proxying needs to be enabled.
05-02-2023 10:01:09.686 INFO  ProxyConfig [16426 localCollectorThread] - Failed to initialize the no_proxy setting from server.conf for splunkd. Please provide a valid set of no_proxy rules in case HTTP proxying needs to be enabled.
05-02-2023 10:01:09.687 WARN  SSLOptions [16426 localCollectorThread] - <internal>.conf/[<internal>]/sslVerifyServerCert is false disabling certificate validation; must be set to "true" for increased security
05-02-2023 10:01:09.691 WARN  SSLOptions [16426 localCollectorThread] - <internal>.conf/[<internal>]/sslVerifyServerCert is false disabling certificate validation; must be set to "true" for increased security
05-02-2023 10:01:09.693 INFO  UserManager [16426 localCollectorThread] - Unwound user context: splunk-system-user -> NULL
05-02-2023 10:01:09.693 INFO  UserManager [16422 SearchResultExecutorThread] - Unwound user context: splunk-system-user -> NULL
05-02-2023 10:01:09.693 INFO  UserManager [16420 SearchResultExecutorThread] - Unwound user context: splunk-system-user -> NULL
05-02-2023 10:01:09.693 INFO  UserManager [16421 SearchResultExecutorThread] - Unwound user context: splunk-system-user -> NULL
05-02-2023 10:01:09.693 INFO  ResultsCollationProcessor [16425 phase_1] - Writing remote_event_providers.csv to disk
05-02-2023 10:01:09.693 INFO  UserManager [16424 SearchResultExecutorThread] - Unwound user context: splunk-system-user -> NULL
05-02-2023 10:01:09.693 INFO  UserManager [16423 SearchResultExecutorThread] - Unwound user context: splunk-system-user -> NULL
05-02-2023 10:01:09.695 INFO  ReducePhaseExecutor [16425 phase_1] - Not downloading remote search.log files. Reason: No remote event providers.
05-02-2023 10:01:09.695 INFO  ReducePhaseExecutor [16425 phase_1] - Not downloading remote search_telemetry.json files. Reason: No remote event providers.
05-02-2023 10:01:09.695 INFO  ReducePhaseExecutor [16425 phase_1] - Ending phase_1
05-02-2023 10:01:09.695 INFO  UserManager [16425 phase_1] - Unwound user context: splunk-system-user -> NULL
05-02-2023 10:01:09.697 INFO  UserManager [16417 StatusEnforcerThread] - Unwound user context: splunk-system-user -> NULL
05-02-2023 10:01:09.704 INFO  DispatchManager [16415 searchOrchestrator] - DispatchManager::dispatchHasFinished(id='subsearch_scheduler__nobody_c3BsdW5rX21vbml0b3JpbmdfY29uc29sZQ__RMD54740dfff07b17ef1_at_1683021638_0_1683021669.1', username='splunk-system-user')
05-02-2023 10:01:09.704 INFO  UserManager [16415 searchOrchestrator] - Unwound user context: splunk-system-user -> NULL
05-02-2023 10:01:09.705 INFO  SearchStatusEnforcer [16413 searchOrchestrator] - SearchStatusEnforcer is already terminated
05-02-2023 10:01:09.705 ERROR SearchOperator:inputcsv [16413 searchOrchestrator] - SearchMessage orig_component=SearchOperator:inputcsv sid=scheduler__nobody_c3BsdW5rX21vbml0b3JpbmdfY29uc29sZQ__RMD54740dfff07b17ef1_at_1683021638_0 message_key=INPUT_CSV:INVALID_LOOKUP_TABLE_TYPE__%s message=The lookup table 'dmc_assets' requires a .csv or KV store lookup definition.
05-02-2023 10:01:09.705 INFO  StatsProcessorV2 [16413 searchOrchestrator] - StatsV2 (stats) args: last(*), AS, *, by, peerURI, search_group
05-02-2023 10:01:09.705 INFO  StatsProcessorV2 [16413 searchOrchestrator] - StatsProcessorV2::processArguments: Unaligned accesses are free
05-02-2023 10:01:09.705 INFO  StatsAggregations [16413 searchOrchestrator] - Instantiating Stats function last for key=*, alias=*
05-02-2023 10:01:09.705 INFO  StatsContext [16413 searchOrchestrator] - shouldFallbackToOldStats: _use_v2_level=USE_V2_ALL, fallback=false
05-02-2023 10:01:09.705 INFO  SearchPipeline [16413 searchOrchestrator] - ReportSearch=1 AllowBatchMode=0
05-02-2023 10:01:09.705 INFO  SearchParser [16413 searchOrchestrator] - PARSING: prerest splunk_server="codespaces-1e503f" timeout=60 "/services/server/info?count=0"
05-02-2023 10:01:09.705 INFO  SearchOperator:rest [16413 searchOrchestrator] - built uri=/services/server/info?count=0, server=https://127.0.0.1:8089
05-02-2023 10:01:09.705 INFO  SearchPhaseGenerator [16413 searchOrchestrator] - Disabling timeliner since source is not an event index
05-02-2023 10:01:09.705 INFO  SearchPhaseGenerator [16413 searchOrchestrator] - Disabling timeliner since event search is empty
05-02-2023 10:01:09.705 INFO  SearchPhaseGenerator [16413 searchOrchestrator] - No need for RTWindowProcessor
05-02-2023 10:01:09.705 INFO  SearchPhaseGenerator [16413 searchOrchestrator] - Timeliner will not be executed
05-02-2023 10:01:09.705 INFO  SearchPhaseGenerator [16413 searchOrchestrator] - required fields list to add to different pipelines = *
05-02-2023 10:01:09.705 INFO  SearchPhaseGenerator [16413 searchOrchestrator] - Adding noop to provide result collation at search head
05-02-2023 10:01:09.705 INFO  SearchParser [16413 searchOrchestrator] - PARSING: noop
05-02-2023 10:01:09.705 INFO  SearchPhaseGenerator [16413 searchOrchestrator] - Search Phases created.
05-02-2023 10:01:09.706 INFO  SearchOrchestrator [16413 searchOrchestrator] - Preview is not enabled. (preview_algorithm=NONE)
05-02-2023 10:01:09.706 INFO  UserManager [16413 searchOrchestrator] - Setting user context: splunk-system-user
05-02-2023 10:01:09.706 INFO  UserManager [16413 searchOrchestrator] - Done setting user context: splunk-system-user -> splunk-system-user
05-02-2023 10:01:09.706 INFO  UserManager [16413 searchOrchestrator] - Unwound user context: splunk-system-user -> splunk-system-user
05-02-2023 10:01:09.706 INFO  DistributedSearchResultCollectionManager [16413 searchOrchestrator] - Stream search: prerest  splunk_server="codespaces-1e503f" timeout=60 "/services/server/info?count=0"
05-02-2023 10:01:09.706 INFO  ExternalResultProvider [16413 searchOrchestrator] - No external result providers are configured
05-02-2023 10:01:09.706 INFO  DistributedSearchResultCollectionManager [16413 searchOrchestrator] - ERP_FACTORY initialized, but zero external result provider, hence disabling _isERPCollectionEnabled
05-02-2023 10:01:09.706 INFO  DistributedSearchResultCollectionManager [16413 searchOrchestrator] - results_queue_read_timeout_sec=900.000 send_timeout=30.000 connect_timeout=10.000 receive_timeout=600.000
05-02-2023 10:01:09.706 INFO  DistributedSearchResultCollectionManager [16413 searchOrchestrator] - Default search group:*
05-02-2023 10:01:09.706 INFO  SearchTargeter [16413 searchOrchestrator] - should contact peer:codespaces-1e503f regex=codespaces-1e503f 1
05-02-2023 10:01:09.706 INFO  DistributedSearchResultCollectionManager [16413 searchOrchestrator] - Connecting to peer codespaces-1e503f connectAll 0 connectToSpecificPeer 1
05-02-2023 10:01:09.706 INFO  UserManager [16447 SearchResultExecutorThread] - Setting user context: splunk-system-user
05-02-2023 10:01:09.707 INFO  UserManager [16447 SearchResultExecutorThread] - Done setting user context: NULL -> splunk-system-user
05-02-2023 10:01:09.706 INFO  SearchPhaseGenerator [16413 searchOrchestrator] - Time spends on creating distributed search results infrastructure; dispatchcreatedSearchResultInfrastructure=0.000364117 seconds.
05-02-2023 10:01:09.707 INFO  UserManager [16451 SearchResultExecutorThread] - Setting user context: splunk-system-user
05-02-2023 10:01:09.707 INFO  UserManager [16451 SearchResultExecutorThread] - Done setting user context: NULL -> splunk-system-user
05-02-2023 10:01:09.707 INFO  UserManager [16448 SearchResultExecutorThread] - Setting user context: splunk-system-user
05-02-2023 10:01:09.707 INFO  UserManager [16448 SearchResultExecutorThread] - Done setting user context: NULL -> splunk-system-user
05-02-2023 10:01:09.707 INFO  UserManager [16452 localCollectorThread] - Setting user context: splunk-system-user
05-02-2023 10:01:09.707 INFO  UserManager [16452 localCollectorThread] - Done setting user context: NULL -> splunk-system-user
05-02-2023 10:01:09.707 INFO  SearchParser [16452 localCollectorThread] - PARSING: prerest  splunk_server="codespaces-1e503f" timeout=60 "/services/server/info?count=0"
05-02-2023 10:01:09.707 INFO  SearchOperator:rest [16452 localCollectorThread] - built uri=/services/server/info?count=0, server=https://127.0.0.1:8089
05-02-2023 10:01:09.707 INFO  SearchOrchestrator [16413 searchOrchestrator] - Starting the status control thread.
05-02-2023 10:01:09.707 INFO  LocalCollector [16452 localCollectorThread] - Final required fields list = *
05-02-2023 10:01:09.707 INFO  SearchOrchestrator [16413 searchOrchestrator] - Starting phase=1
05-02-2023 10:01:09.707 INFO  UserManager [16444 StatusEnforcerThread] - Setting user context: splunk-system-user
05-02-2023 10:01:09.707 INFO  UserManager [16444 StatusEnforcerThread] - Done setting user context: NULL -> splunk-system-user
05-02-2023 10:01:09.707 INFO  UserManager [16450 SearchResultExecutorThread] - Setting user context: splunk-system-user
05-02-2023 10:01:09.707 INFO  SearchStatusEnforcer [16444 StatusEnforcerThread] - Enforcing disk quota = 10485760000
05-02-2023 10:01:09.707 INFO  UserManager [16450 SearchResultExecutorThread] - Done setting user context: NULL -> splunk-system-user
05-02-2023 10:01:09.707 INFO  UserManager [16453 phase_1] - Setting user context: splunk-system-user
05-02-2023 10:01:09.707 INFO  UserManager [16453 phase_1] - Done setting user context: NULL -> splunk-system-user
05-02-2023 10:01:09.707 INFO  ReducePhaseExecutor [16453 phase_1] - Starting phase_1
05-02-2023 10:01:09.707 INFO  UserManager [16449 SearchResultExecutorThread] - Setting user context: splunk-system-user
05-02-2023 10:01:09.707 INFO  UserManager [16449 SearchResultExecutorThread] - Done setting user context: NULL -> splunk-system-user
05-02-2023 10:01:09.707 INFO  UserManager [16452 localCollectorThread] - Unwound user context: splunk-system-user -> NULL
05-02-2023 10:01:09.707 INFO  UserManager [16452 localCollectorThread] - Setting user context: splunk-system-user
05-02-2023 10:01:09.707 INFO  UserManager [16452 localCollectorThread] - Done setting user context: NULL -> splunk-system-user
05-02-2023 10:01:09.707 INFO  SearchOperator:rest [16452 localCollectorThread] - in RestProcessor::execute
05-02-2023 10:01:09.709 INFO  UserManager [16452 localCollectorThread] - Unwound user context: splunk-system-user -> NULL
05-02-2023 10:01:09.709 INFO  UserManager [16448 SearchResultExecutorThread] - Unwound user context: splunk-system-user -> NULL
05-02-2023 10:01:09.709 INFO  UserManager [16447 SearchResultExecutorThread] - Unwound user context: splunk-system-user -> NULL
05-02-2023 10:01:09.709 INFO  UserManager [16449 SearchResultExecutorThread] - Unwound user context: splunk-system-user -> NULL
05-02-2023 10:01:09.709 INFO  UserManager [16450 SearchResultExecutorThread] - Unwound user context: splunk-system-user -> NULL
05-02-2023 10:01:09.709 INFO  UserManager [16451 SearchResultExecutorThread] - Unwound user context: splunk-system-user -> NULL
05-02-2023 10:01:09.709 INFO  ResultsCollationProcessor [16453 phase_1] - Writing remote_event_providers.csv to disk
05-02-2023 10:01:09.712 INFO  ReducePhaseExecutor [16453 phase_1] - Not downloading remote search.log files.  Reason: Remote log download is currently disabled.
05-02-2023 10:01:09.712 INFO  ReducePhaseExecutor [16453 phase_1] - Not downloading remote search_telemetry.json files. Reason: No remote event providers.
05-02-2023 10:01:09.712 INFO  ReducePhaseExecutor [16453 phase_1] - Ending phase_1
05-02-2023 10:01:09.712 INFO  UserManager [16453 phase_1] - Unwound user context: splunk-system-user -> NULL
05-02-2023 10:01:09.720 INFO  SearchStatusEnforcer [16444 StatusEnforcerThread] - Triggered listener notification on state=onResults condition=1
05-02-2023 10:01:09.720 INFO  UserManager [16444 StatusEnforcerThread] - Unwound user context: splunk-system-user -> NULL
05-02-2023 10:01:09.724 INFO  DispatchStorageManager [16413 searchOrchestrator] - Remote storage disabled for search artifacts.
05-02-2023 10:01:09.724 INFO  DispatchManager [16413 searchOrchestrator] - DispatchManager::dispatchHasFinished(id='scheduler__nobody_c3BsdW5rX21vbml0b3JpbmdfY29uc29sZQ__RMD54740dfff07b17ef1_at_1683021638_0', username='splunk-system-user')
05-02-2023 10:01:09.724 INFO  UserManager [16413 searchOrchestrator] - Unwound user context: splunk-system-user -> NULL
05-02-2023 10:01:09.725 INFO  SearchStatusEnforcer [16404 RunDispatch] - SearchStatusEnforcer is already terminated
05-02-2023 10:01:09.725 INFO  UserManager [16404 RunDispatch] - Unwound user context: splunk-system-user -> NULL
05-02-2023 10:01:09.725 INFO  LookupDataProvider [16404 RunDispatch] - Clearing out lookup shared provider map
05-02-2023 10:01:09.728 INFO  dispatchRunner [15715 MainThread] - RunDispatch is done: sid=scheduler__nobody_c3BsdW5rX21vbml0b3JpbmdfY29uc29sZQ__RMD54740dfff07b17ef1_at_1683021638_0, exit=0
